<!doctype html>
<html class="no-js" lang="en">

<head>
  <!-- Global site tag (gtag.js) - Google Analytics -->
  <script async src="https://www.googletagmanager.com/gtag/js?id=UA-134228602-6"></script>
  <script>
    window.dataLayer = window.dataLayer || [];
    function gtag(){dataLayer.push(arguments);}
    gtag('js', new Date());

    gtag('config', 'UA-134228602-6');
  </script>

  <meta charset="utf-8">
  <meta http-equiv="x-ua-compatible" content="ie=edge">
  <title>ü§¶ üßùüèº ü§¶ Wor√ºber EXPLAIN schweigt und wie man dar√ºber spricht ü§ôüèª üî• üë®üèΩ‚Äçüéì</title>
  <link rel="icon" type="image/x-icon" href="/favicon.ico" />
  <meta name="description" content="Die klassische Frage, die ein Entwickler an seinen DBA oder einen Gesch√§ftsinhaber, einen PostgreSQL-Berater, stellt, klingt fast immer gleich: ‚ÄûWarum...">
  <meta name="viewport" content="width=device-width, initial-scale=1, shrink-to-fit=no">

  <link rel="stylesheet" href="../../css/main.css">

  <link href="https://fonts.googleapis.com/css?family=Quicksand&display=swap" rel="stylesheet">

  <script src="https://cdnjs.cloudflare.com/ajax/libs/jquery/3.3.1/jquery.min.js"></script>
  <script>window.jQuery || document.write('<script src="../../js/vendors/jquery-3.3.1.min.js"><\/script>')</script>

  <script>document.write('<script src="//pagea' + 'd2.googles' + 'yndication.com/pagea' + 'd/js/a' + 'dsby' + 'google.js"><\/script>')</script>
  <script>
        var superSpecialObject = {};
        superSpecialObject['google_a' + 'd_client'] = 'ca-p' + 'ub-6974184241884155';
        superSpecialObject['enable_page_level_a' + 'ds'] = true;
       (window['a' + 'dsbygoogle'] = window['a' + 'dsbygoogle'] || []).push(superSpecialObject);
  </script>
</head>

<body>
  <!--[if lte IE 9]>
    <p class="browserupgrade">You are using an <strong>outdated</strong> browser. Please <a href="https://browsehappy.com/">upgrade your browser</a> to improve your experience and security.</p>
  <![endif]-->
  <header class="page-header js-page-header">
    <a class="page-header-logo-container" href="https://weekly-geekly-es.github.io/index.html"></a>
    <div class="page-header-text">Geekly articles weekly</div>
  </header>
  <section class="page js-page"><h1>Wor√ºber EXPLAIN schweigt und wie man dar√ºber spricht</h1><div class="post__body post__body_full"><div class="post__text post__text-html" id="post-content-body" data-io-article-url="https://habr.com/ru/company/tensor/blog/477624/">  Die klassische Frage, die ein Entwickler an seinen DBA oder einen Gesch√§ftsinhaber, einen PostgreSQL-Berater, stellt, klingt fast immer gleich: <i>‚ÄûWarum werden Abfragen so lange in der Datenbank ausgef√ºhrt?‚Äú</i> <br><br>  Die traditionellen Gr√ºnde: <br><br><ul><li>  <b>ineffizienter Algorithmus</b> <br>  als Sie beschlossen, mehrere CTEs f√ºr ein paar Zehntausende von Datens√§tzen zu verbinden </li><li>  <b>irrelevante Statistiken</b> <br>  wenn sich die tats√§chliche Verteilung der Daten in der Tabelle bereits stark von der letzten Erfassung durch ANALYZE unterscheidet </li><li>  <b>"Gag" von Ressourcen</b> <br>  und die zugewiesene Rechenleistung der CPU reicht bereits nicht aus, Gigabyte Speicher werden st√§ndig gepumpt oder die Festplatte h√§lt nicht mit der gesamten Datenbank ‚ÄûWishlist‚Äú mit </li><li>  <b>Blockierung</b> von konkurrierenden Prozessen </li></ul><br>  Und wenn die Sperren sehr schwer zu erfassen und zu analysieren sind, ben√∂tigen wir f√ºr alles andere <b>einen Abfrageplan</b> , der mit <a href="https://postgrespro.ru/docs/postgresql/12/using-explain">dem EXPLAIN-Operator</a> ( <i>besser nat√ºrlich sofort EXPLAIN (ANALYZE, BUFFERS) ...</i> ) oder <a href="https://postgrespro.ru/docs/postgresql/12/auto-explain">dem auto_explain-Modul abgerufen werden kann</a> . <br><br>  Aber, wie in der gleichen Dokumentation gesagt, <blockquote> "Den Plan zu verstehen ist eine Kunst, und um ihn zu meistern, braucht man etwas Erfahrung, ..." </blockquote>  Aber Sie k√∂nnen darauf verzichten, wenn Sie das richtige Werkzeug verwenden! <br><a name="habracut"></a><br>  Wie sieht ein Abfrageplan normalerweise aus?  So etwas in der Art: <br><br><pre><code class="plaintext hljs">Index Scan using pg_class_relname_nsp_index on pg_class (actual time=0.049..0.050 rows=1 loops=1) Index Cond: (relname = $1) Filter: (oid = $0) Buffers: shared hit=4 InitPlan 1 (returns $0,$1) -&gt; Limit (actual time=0.019..0.020 rows=1 loops=1) Buffers: shared hit=1 -&gt; Seq Scan on pg_class pg_class_1 (actual time=0.015..0.015 rows=1 loops=1) Filter: (relkind = 'r'::"char") Rows Removed by Filter: 5 Buffers: shared hit=1</code> </pre> <br>  oder so: <br><br><pre> <code class="plaintext hljs">"Append (cost=868.60..878.95 rows=2 width=233) (actual time=0.024..0.144 rows=2 loops=1)" " Buffers: shared hit=3" " CTE cl" " -&gt; Seq Scan on pg_class (cost=0.00..868.60 rows=9972 width=537) (actual time=0.016..0.042 rows=101 loops=1)" " Buffers: shared hit=3" " -&gt; Limit (cost=0.00..0.10 rows=1 width=233) (actual time=0.023..0.024 rows=1 loops=1)" " Buffers: shared hit=1" " -&gt; CTE Scan on cl (cost=0.00..997.20 rows=9972 width=233) (actual time=0.021..0.021 rows=1 loops=1)" " Buffers: shared hit=1" " -&gt; Limit (cost=10.00..10.10 rows=1 width=233) (actual time=0.117..0.118 rows=1 loops=1)" " Buffers: shared hit=2" " -&gt; CTE Scan on cl cl_1 (cost=0.00..997.20 rows=9972 width=233) (actual time=0.001..0.104 rows=101 loops=1)" " Buffers: shared hit=2" "Planning Time: 0.634 ms" "Execution Time: 0.248 ms"</code> </pre> <br>  Aber den Plan mit dem Text ‚Äûvom Blatt‚Äú zu lesen, ist sehr schwierig und beliebt: <br><br><ul><li>  Der Knoten zeigt die <b>Summe der Teilbaumressourcen an</b> <br>  Das hei√üt, um zu verstehen, wie viel Zeit es gedauert hat, einen bestimmten Knoten auszuf√ºhren, oder wie viel genau dieses Lesen aus der Tabelle Daten von der Festplatte ausgel√∂st hat - Sie m√ºssen irgendwie eine von der anderen subtrahieren </li><li>  Die Knotenzeit muss <b>mit Schleifen multipliziert werden</b> <br>  Ja, Subtraktion ist nicht die schwierigste Operation, die ‚Äûim Kopf‚Äú ausgef√ºhrt werden muss. Schlie√ülich wird die Laufzeit √ºber eine Ausf√ºhrung des Knotens gemittelt angezeigt, und es k√∂nnen Hunderte von ihnen vorhanden sein </li><li>  Nun, und all dies zusammen macht es schwierig, die Hauptfrage zu beantworten - also, wer ist das <b>‚Äûschw√§chste Glied‚Äú</b> ? </li></ul><br>  Als wir versuchten, dies einigen hundert unserer Entwickler zu erkl√§ren, stellten wir fest, dass es von au√üen ungef√§hr so ‚Äã‚Äãaussieht: <br><br><img src="https://habrastorage.org/webt/s1/za/d-/s1zad-d3claa2klkewtgrj8zdaa.png" alt="Bild"><br><br>  Und das hei√üt, wir brauchen ... <br><br><h2>  Instrument </h2><br>  Darin haben wir versucht, alle Schl√ºsselmechaniken zu sammeln, die gem√§√ü dem Plan helfen, und zu verstehen, "wer schuld ist und was zu tun ist".  Teilen Sie der Community einige Ihrer Erfahrungen mit. <br>  Treffen und verwenden - <a href="https://explain.tensor.ru/">explain.tensor.ru</a> <br><br><h3>  Klare Pl√§ne </h3><br>  Ist es einfach, einen Plan zu verstehen, wenn er so aussieht? <br><br><pre> <code class="plaintext hljs">Seq Scan on pg_class (actual time=0.009..1.304 rows=6609 loops=1) Buffers: shared hit=263 Planning Time: 0.108 ms Execution Time: 1.800 ms</code> </pre><br>  Nicht sehr. <br><br>  Aber so, <b>in Kurzform</b> , wenn die Schl√ºsselindikatoren getrennt sind, ist es schon viel klarer: <br><br><img src="https://habrastorage.org/webt/vp/cw/rt/vpcwrt11zdafq4_qax-dtyxpdjg.png" alt="Bild"><br><br>  Wenn der Plan jedoch komplizierter ist, <b>hilft die Verteilung der Kreisdiagrammzeit</b> nach Knoten: <br><br><img src="https://habrastorage.org/webt/3k/3t/mk/3k3tmk07dqwsbvfc_mvxgi6ogvc.png" alt="Bild"><br><br>  Nun, f√ºr die schwierigsten Optionen beeilt sich <b>das Ausf√ºhrungsdiagramm</b> , um zu helfen: <br><br><img src="https://habrastorage.org/webt/mn/w0/7g/mnw07g4oz0e74lq1vrthjfmldf0.png" alt="Bild"><br><br>  Es gibt zum Beispiel nicht ganz einfache Situationen, in denen ein Plan mehr als eine tats√§chliche Wurzel haben kann: <br><br><img src="https://habrastorage.org/webt/ru/yd/d6/ruydd6-sukl8pvkvi5fijfl3u2q.png" alt="Bild"><img src="https://habrastorage.org/webt/qz/j8/le/qzj8les-k2ywrb_jdtwcjjt8td8.png" alt="Bild"><br><br><h3>  Strukturelle Tipps </h3><br>  Nun, und wenn die gesamte Struktur des Plans und seine wunden Stellen bereits angelegt und sichtbar sind - warum nicht mit dem Entwickler hervorheben und mit der ‚Äûrussischen Sprache‚Äú erkl√§ren? <br><br><img src="https://habrastorage.org/webt/dn/fd/na/dnfdnavl532tf8uyk6l0n-4y0h8.png" alt="Bild">  Wir haben bereits ein paar Dutzend solcher Empfehlungsvorlagen gesammelt. <br><br><h3>  Abfrage-Profiler </h3><br>  Wenn Sie nun die urspr√ºngliche Abfrage in den analysierten Plan einf√ºgen, k√∂nnen Sie sehen, wie viel Zeit jeder einzelne Operator in Anspruch genommen hat. <br><br><img src="https://habrastorage.org/webt/64/fa/jg/64fajg351r8maetj5lo3ukromey.png" alt="Bild"><br><br>  ... oder doch so: <br><br><img src="https://habrastorage.org/webt/yb/b7/5l/ybb75lzou2azjdnh1xe53tvpsg4.png" alt="Bild"><br><br><h3>  Ersetzung von Parametern in der Anfrage </h3><br>  Wenn Sie nicht nur die Anfrage an den Plan "angeh√§ngt" haben, sondern auch deren Parameter aus der DETAIL-Zeile des Protokolls, k√∂nnen Sie diese zus√§tzlich in eine der folgenden Optionen kopieren: <br><br><ul><li>  mit Ersetzung von Werten in der Anfrage <br>  zur direkten Ausf√ºhrung auf der Basis und weiteren Profilierung <br><br><pre> <code class="sql hljs"><span class="hljs-keyword"><span class="hljs-keyword">SELECT</span></span> <span class="hljs-string"><span class="hljs-string">'const'</span></span>, <span class="hljs-string"><span class="hljs-string">'param'</span></span>::<span class="hljs-built_in"><span class="hljs-built_in">text</span></span>;</code> </pre> </li><li>  mit Wertersetzung √ºber PREPARE / EXECUTE <br>  um die Arbeit des Schedulers zu emulieren, wenn der parametrische Teil ignoriert werden kann - zum Beispiel bei der Arbeit an partitionierten Tabellen <br><br><pre> <code class="sql hljs"><span class="hljs-keyword"><span class="hljs-keyword">DEALLOCATE</span></span> ALL; <span class="hljs-keyword"><span class="hljs-keyword">PREPARE</span></span> q(<span class="hljs-built_in"><span class="hljs-built_in">text</span></span>) <span class="hljs-keyword"><span class="hljs-keyword">AS</span></span> <span class="hljs-keyword"><span class="hljs-keyword">SELECT</span></span> <span class="hljs-string"><span class="hljs-string">'const'</span></span>, $<span class="hljs-number"><span class="hljs-number">1</span></span>::<span class="hljs-built_in"><span class="hljs-built_in">text</span></span>; <span class="hljs-keyword"><span class="hljs-keyword">EXECUTE</span></span> q(<span class="hljs-string"><span class="hljs-string">'param'</span></span>::<span class="hljs-built_in"><span class="hljs-built_in">text</span></span>);</code> </pre></li></ul><br><h3>  Pl√§ne Archiv </h3><br>  Einf√ºgen, analysieren, mit Kollegen teilen!  Die Pl√§ne bleiben im Archiv, und Sie k√∂nnen sp√§ter darauf <a href="https://explain.tensor.ru/archive/">zur√ºckgreifen</a> : <a href="https://explain.tensor.ru/archive/">explain.tensor.ru/archive</a> <br><br>  Wenn Sie jedoch nicht m√∂chten, dass andere Ihren Plan sehen, m√ºssen Sie das Kontrollk√§stchen "Nicht im Archiv ver√∂ffentlichen" aktivieren. <br><br>  In den folgenden Artikeln werde ich auf die Schwierigkeiten und L√∂sungen eingehen, die sich bei der Analyse des Plans ergeben. </div></div><p>Source: <a rel="nofollow" href="https://habr.com/ru/post/de477624/">https://habr.com/ru/post/de477624/</a></p>
<section class="more-articles-navigation-panel js-more-articles-navigation-panel">
<h4>More articles:</h4>
<nav class="list-of-articles-container js-list-of-articles-container"><ul class="list-of-pages js-list-of-pages">
<li><a href="../de477610/index.html">Schriftsteller, Piraten und Piaster</a></li>
<li><a href="../de477612/index.html">Hinweis f√ºr Ingenieure: So erstellen Sie das Produkt Benutzer m√ºssen und schnell sein</a></li>
<li><a href="../de477616/index.html">Wie komme ich in die Apple Arcade? Interview mit den Gr√ºndern des Tortuga Team Studios</a></li>
<li><a href="../de477618/index.html">Lokalisierung der Reaktionsanwendung</a></li>
<li><a href="../de477622/index.html">Cracking Reduce Concept in nur 10 Minuten</a></li>
<li><a href="../de477628/index.html">Serverloses Rechnen basierend auf OpenWhisk, Teil 2</a></li>
<li><a href="../de477630/index.html">Neuronales Netzwerk, das Ihnen bei der Auswahl eines Films hilft - ‚ÄûIhr Geschmack ist spezifisch‚Äú</a></li>
<li><a href="../de477634/index.html">Microservices und Organisationsstruktur. Welche Arten von Teams werden den Erfolg sicherstellen?</a></li>
<li><a href="../de477638/index.html">Gekauft! = Mit freundlichen Gr√º√üen: John Deere beraubt die Landwirte des Rechts, ihre eigenen Traktoren zu reparieren</a></li>
<li><a href="../de477642/index.html">Machine (Radio) Vision sieht durch W√§nde</a></li>
</ul></nav>
</section><br />
<a href="../../allArticles.html"><strong>All Articles</strong></a>
<script src="../../js/main.js"></script>

<!-- Yandex.Metrika counter -->
<script type="text/javascript" >
  (function (d, w, c) {
      (w[c] = w[c] || []).push(function() {
          try {
              w.yaCounter57283870 = new Ya.Metrika({
                  id:57283870,
                  clickmap:true,
                  trackLinks:true,
                  accurateTrackBounce:true,
                  webvisor:true
              });
          } catch(e) { }
      });

      var n = d.getElementsByTagName("script")[0],
          s = d.createElement("script"),
          f = function () { n.parentNode.insertBefore(s, n); };
      s.type = "text/javascript";
      s.async = true;
      s.src = "https://mc.yandex.ru/metrika/watch.js";

      if (w.opera == "[object Opera]") {
          d.addEventListener("DOMContentLoaded", f, false);
      } else { f(); }
  })(document, window, "yandex_metrika_callbacks");
</script>
<noscript><div><img src="https://mc.yandex.ru/watch/57283870" style="position:absolute; left:-9999px;" alt="" /></div></noscript>

<!-- Google Analytics -->
  <script>
    window.ga = function () { ga.q.push(arguments) }; ga.q = []; ga.l = +new Date;
    ga('create', 'UA-134228602-6', 'auto'); ga('send', 'pageview')
  </script>
  <script src="https://www.google-analytics.com/analytics.js" async defer></script>

</section>

<footer class="page-footer">
  <div class="page-footer-legal-info-container page-footer-element">
    <p>
      Weekly-Geekly ES | <span class="page-footer-legal-info-year js-page-footer-legal-info-year">2019</span>
    </p>
  </div>
  <div class="page-footer-counters-container page-footer-element">
    <a class="page-footer-counter-clustrmap" href='#'  title='Visit tracker'><img src='https://clustrmaps.com/map_v2.png?cl=698e5a&w=271&t=t&d=9uU9J9pq8z7k8xEBHYSfs6DenIBAHs3vLIHcPIJW9d0&co=3a3a3a&ct=ffffff'/></a>
  </div>
</footer>
  
</body>

</html>