<!doctype html>
<html class="no-js" lang="en">

<head>
  <!-- Global site tag (gtag.js) - Google Analytics -->
  <script async src="https://www.googletagmanager.com/gtag/js?id=UA-134228602-6"></script>
  <script>
    window.dataLayer = window.dataLayer || [];
    function gtag(){dataLayer.push(arguments);}
    gtag('js', new Date());

    gtag('config', 'UA-134228602-6');
  </script>

  <meta charset="utf-8">
  <meta http-equiv="x-ua-compatible" content="ie=edge">
  <title>ğŸ’ ğŸŒŒ ğŸ“¹ Ù„Ù…Ø§Ø°Ø§ Ù„Ø§ SQLØŸ ğŸ‡ğŸ¾ ğŸ¤·ğŸ¾ ğŸŒ…</title>
  <link rel="icon" type="image/x-icon" href="/favicon.ico" />
  <meta name="description" content="Ø¨Ø¯ÙˆÙ† Ø§Ù„Ù…Ø¨Ø§Ù„ØºØ© ØŒ ÙŠÙ…ÙƒÙ†Ù†Ø§ Ø§Ù„Ù‚ÙˆÙ„ Ø£Ù† Ù„ØºØ© SQL ÙˆØ§Ø­Ø¯Ø© Ù…Ù† Ø£ÙƒØ«Ø± Ø§Ù„Ù„ØºØ§Øª Ø´ÙŠÙˆØ¹Ù‹Ø§ ÙÙŠ Ø§Ù„Ø¹Ø§Ù„Ù…. ÙŠÙ…ÙƒÙ† ÙƒØªØ§Ø¨Ø© Ø£Ù†Ø¸Ù…Ø© Ø§Ù„Ù…Ø¹Ù„ÙˆÙ…Ø§Øª Ø¨Ù„ØºØ§Øª Java Ùˆ Python Ùˆ JavaScript Ùˆ C # Ùˆ PHP...">
  <meta name="viewport" content="width=device-width, initial-scale=1, shrink-to-fit=no">

  <link rel="stylesheet" href="../../css/main.css">

  <link href="https://fonts.googleapis.com/css?family=Quicksand&display=swap" rel="stylesheet">

  <script src="https://cdnjs.cloudflare.com/ajax/libs/jquery/3.3.1/jquery.min.js"></script>
  <script>window.jQuery || document.write('<script src="../../js/vendors/jquery-3.3.1.min.js"><\/script>')</script>

  <script>document.write('<script src="//pagea' + 'd2.googles' + 'yndication.com/pagea' + 'd/js/a' + 'dsby' + 'google.js"><\/script>')</script>
  <script>
        var superSpecialObject = {};
        superSpecialObject['google_a' + 'd_client'] = 'ca-p' + 'ub-6974184241884155';
        superSpecialObject['enable_page_level_a' + 'ds'] = true;
       (window['a' + 'dsbygoogle'] = window['a' + 'dsbygoogle'] || []).push(superSpecialObject);
  </script>
</head>

<body>
  <!--[if lte IE 9]>
    <p class="browserupgrade">You are using an <strong>outdated</strong> browser. Please <a href="https://browsehappy.com/">upgrade your browser</a> to improve your experience and security.</p>
  <![endif]-->
  <header class="page-header js-page-header">
    <a class="page-header-logo-container" href="https://weekly-geekly-es.github.io/index.html"></a>
    <div class="page-header-text">Geekly articles weekly</div>
  </header>
  <section class="page js-page"><h1>Ù„Ù…Ø§Ø°Ø§ Ù„Ø§ SQLØŸ</h1><div class="post__body post__body_full" style=";text-align:right;direction:rtl"><div class="post__text post__text-html" id="post-content-body" data-io-article-url="https://habr.com/ru/company/lsfusion/blog/463095/" style=";text-align:right;direction:rtl"><img src="https://habrastorage.org/webt/s1/uz/ze/s1uzzeivaxmzx7jk-1osyp0xeyy.jpeg"><br><br>  Ø¨Ø¯ÙˆÙ† Ø§Ù„Ù…Ø¨Ø§Ù„ØºØ© ØŒ ÙŠÙ…ÙƒÙ†Ù†Ø§ Ø§Ù„Ù‚ÙˆÙ„ Ø£Ù† Ù„ØºØ© SQL ÙˆØ§Ø­Ø¯Ø© Ù…Ù† Ø£ÙƒØ«Ø± Ø§Ù„Ù„ØºØ§Øª Ø´ÙŠÙˆØ¹Ù‹Ø§ ÙÙŠ Ø§Ù„Ø¹Ø§Ù„Ù….  ÙŠÙ…ÙƒÙ† ÙƒØªØ§Ø¨Ø© Ø£Ù†Ø¸Ù…Ø© Ø§Ù„Ù…Ø¹Ù„ÙˆÙ…Ø§Øª Ø¨Ù„ØºØ§Øª Java Ùˆ Python Ùˆ JavaScript Ùˆ C # Ùˆ PHP ÙˆØ¹Ø´Ø±Ø§Øª Ø§Ù„Ù„ØºØ§Øª Ø§Ù„Ø£Ø®Ø±Ù‰ ØŒ Ù„ÙƒÙ† Ù‚Ø§Ø¹Ø¯Ø© Ø¨ÙŠØ§Ù†Ø§Øª SQL Ø¨Ø´ÙƒÙ„ Ø£Ùˆ Ø¨Ø¢Ø®Ø± Ø³ØªÙƒÙˆÙ† ÙÙŠ Ø§Ù„ØºØ§Ù„Ø¨ÙŠØ© Ø§Ù„Ø¹Ø¸Ù…Ù‰ Ù…Ù† Ù‡Ø°Ù‡ Ø§Ù„Ø£Ù†Ø¸Ù…Ø©.  Ø¨ÙŠÙ† ØªØ·Ø¨ÙŠÙ‚Ø§Øª Ø§Ù„Ø£Ø¹Ù…Ø§Ù„ ØŒ ØªÙ…ÙŠÙ„ Ø§Ù„Ù†Ø³Ø¨Ø© Ø§Ù„Ù…Ø¦ÙˆÙŠØ© Ù„Ù„Ø£Ù†Ø¸Ù…Ø© Ø§Ù„ØªÙŠ ØªØ³ØªØ®Ø¯Ù… SQL Ø¥Ù„Ù‰ 100Ùª. <br><br>  ÙÙŠ Ø§Ù„ÙˆÙ‚Øª Ù†ÙØ³Ù‡ ØŒ ÙØ¥Ù† Ù…Ø¹Ø¸Ù… Ø§Ù„Ù…ÙˆØ§Ø¯ Ø§Ù„Ù…ÙˆØ¬ÙˆØ¯Ø© Ø­ÙˆÙ„ SQL Ø¹Ù„Ù‰ Ù„ÙˆØ­Ø© Ø§Ù„ÙˆØµÙ„ ÙˆØ§Ù„Ù…ÙˆØ§Ø±Ø¯ Ø§Ù„Ø£Ø®Ø±Ù‰ ØªØªØ­ÙˆÙ„ Ø¥Ù„Ù‰ Ø£Ø³Ø¦Ù„Ø© Ø¨Ø³ÙŠØ·Ø© ØŒ Ù…Ø«Ù„: "Ù…Ø§ Ù‡ÙŠ Ø£Ù†ÙˆØ§Ø¹ Ø§Ù„Ø§ØªØµØ§Ù„Ø§Øª" ØŒ "ÙƒÙŠÙ ÙŠØ®ØªÙ„Ù Ø§Ù„Ø§ØªØµØ§Ù„ Ø§Ù„Ø£ÙŠØ³Ø± Ø¹Ù† Ø§Ù„ÙŠÙ…ÙŠÙ†" ØŒ "Ù…Ø§ Ù‡ÙŠ Ø§Ù„Ù…Ø´ØºÙ„Ø§Øª" ÙˆÙ…Ø§ Ø¥Ù„Ù‰ Ø°Ù„Ùƒ.  Ø¹Ù„Ø§ÙˆØ© Ø¹Ù„Ù‰ Ø°Ù„Ùƒ ØŒ ÙÙŠ Ù‡Ø°Ù‡ Ø§Ù„Ù…ÙˆØ§Ø¯ Ù„Ø§ ÙŠÙÙ‚Ø§Ù„ Ø´ÙŠØ¦Ù‹Ø§ Ø¹Ù† Ù…Ø´ÙƒÙ„Ø§Øª SQL (ÙˆØªÙ†ÙÙŠØ°Ø§ØªÙ‡Ø§) ØŒ ÙˆÙ‡ÙŠ ÙÙŠ Ø§Ù„ÙˆØ§Ù‚Ø¹ ÙƒØ«ÙŠØ±Ø© Ø¬Ø¯Ù‹Ø§.  Ù„Ø°Ù„Ùƒ ØŒ Ù‚Ø±Ø±Ù†Ø§ Ù…Ù„Ø¡ ÙƒÙ„ Ù…Ù† Ù‡Ø°Ù‡ Ø§Ù„ÙØ¬ÙˆØ§Øª: Ù…Ù† Ù†Ø§Ø­ÙŠØ© ØŒ Ù„Ù…Ø¹Ø±ÙØ© Ø¹Ø¯Ø¯ Ø§Ù„Ø£Ø´ÙŠØ§Ø¡ ÙÙŠ SQL ØªØ¹Ù…Ù„ Ù…Ù† Ø§Ù„Ø¯Ø§Ø®Ù„ ØŒ ÙˆÙ…Ù† Ù†Ø§Ø­ÙŠØ© Ø£Ø®Ø±Ù‰ ØŒ Ù„Ù…Ø§Ø°Ø§ Ù„Ø§ ØªØ¹Ù…Ù„ ÙƒÙ…Ø§ ÙŠÙ†Ø¨ØºÙŠ / ØªØ±ØºØ¨ ÙÙŠ Ø°Ù„Ùƒ. <br><br>  ÙÙŠ Ø§Ù„ÙˆÙ‚Øª Ù†ÙØ³Ù‡ ØŒ Ù„Ø§ ØªØªÙ†Ø§ÙˆÙ„ Ø§Ù„Ù…Ù‚Ø§Ù„Ø© "Ø£Ø°ÙˆØ§Ù‚ ÙˆØ£Ù„ÙˆØ§Ù† Ø§Ù„Ø£Ù‚Ù„Ø§Ù… Ø°Ø§Øª Ø§Ù„Ø±Ø£Ø³".  Ø¬Ù…ÙŠØ¹ Ø§Ù„Ù…Ø´ÙƒÙ„Ø§Øª Ø§Ù„ØªÙŠ ÙŠÙ†Ø·ÙˆÙŠ Ø¹Ù„ÙŠÙ‡Ø§ Ø§Ù„Ø£Ù…Ø± Ø£Ø³Ø§Ø³ÙŠØ©: ÙÙ‡ÙŠ Ù…ÙˆØ¬ÙˆØ¯Ø© Ø£Ø«Ù†Ø§Ø¡ ØªØ·ÙˆÙŠØ± Ø£ÙŠ Ù†Ø¸Ø§Ù… Ù…Ø¹Ù„ÙˆÙ…Ø§Øª ØªÙ‚Ø±ÙŠØ¨Ù‹Ø§ ÙˆÙ„Ø§ ØªÙ‚ØªØµØ± Ø¹Ù„Ù‰ "Ø¬Ù…Ø§Ù„ Ø§Ù„ÙƒÙˆØ¯" ØŒ ÙˆÙ„ÙƒÙ† Ø¥Ù„Ù‰ Ø¯Ø±Ø¬Ø© Ø£Ùˆ Ø£Ø®Ø±Ù‰ ØªØ¤Ø¯ÙŠ Ø¥Ù…Ø§ Ø¥Ù„Ù‰ Ø§Ù†Ø®ÙØ§Ø¶ Ø­Ø§Ø¯ ÙÙŠ Ø§Ù„Ø¥Ù†ØªØ§Ø¬ÙŠØ© ØŒ Ø£Ùˆ Ø¥Ù„Ù‰ Ø²ÙŠØ§Ø¯Ø© ÙƒØ¨ÙŠØ±Ø© ÙÙŠ Ø¹ØªØ¨Ø© Ø§Ù„Ø¯Ø®ÙˆÙ„ ØŒ Ø£Ùˆ Ø¥Ù„Ù‰ ØªÙƒØ§Ù„ÙŠÙ Ø§Ù„Ø¹Ù…Ø§Ù„Ø© Ø§Ù„ÙƒØ¨ÙŠØ±Ø© Ù…Ù† Ø¬Ø§Ù†Ø¨ Ø§Ù„Ù…Ø·ÙˆØ±. <br><a name="habracut"></a><br>  ØªØ¨ÙŠÙ† Ø£Ù† Ø§Ù„Ù…Ù‚Ø§Ù„ Ø¶Ø®Ù… Ù„Ù„ØºØ§ÙŠØ© ØŒ ÙˆÙ„Ø§ ÙŠÙ…ÙƒÙ† Ù„Ø£ÙŠ Ø´Ø®Øµ Ø¥ØªÙ‚Ø§Ù†Ù‡ ÙÙŠ ÙˆÙ‚Øª ÙˆØ§Ø­Ø¯.  Ù„Ø°Ù„Ùƒ ØŒ Ù„Ø¬Ø¹Ù„Ù‡ Ø£ÙƒØ«Ø± Ù…Ù„Ø§Ø¡Ù…Ø© Ù„Ù„ØªÙ†Ù‚Ù„ ÙÙŠÙ‡ ØŒ ÙˆÙƒØ°Ù„Ùƒ Ù„ØªÙƒÙˆÙ† Ù‚Ø§Ø¯Ø±Ù‹Ø§ Ø¹Ù„Ù‰ ØªÙ‚ÙŠÙŠÙ… "Ø­Ø¬Ù… Ø§Ù„ÙƒØ§Ø±Ø«Ø©" ØŒ Ù†Ø¨Ø¯Ø£ Ø¨Ø¬Ø¯ÙˆÙ„ Ù…Ø­ØªÙˆÙŠØ§Øª Ù…Ø¹ Ù‚Ø§Ø¦Ù…Ø© Ø¨Ø¬Ù…ÙŠØ¹ Ø§Ù„Ù…Ø´Ø§ÙƒÙ„ Ø§Ù„ØªÙŠ ØªÙ…Øª Ù…Ø¹Ø§Ù„Ø¬ØªÙ‡Ø§: <br><br><ul style=";text-align:right;direction:rtl"><li style=";text-align:right;direction:rtl">  <a href="https://translate.googleusercontent.com/translate_c?depth=1&amp;rurl=translate.google.com&amp;sl=ru&amp;sp=nmt4&amp;tl=ar&amp;u=">ØªÙ…Ø«ÙŠÙ„ (Ø¹Ø±Ø¶)</a> <br><ul style=";text-align:right;direction:rtl"><li style=";text-align:right;direction:rtl">  <a href="https://translate.googleusercontent.com/translate_c?depth=1&amp;rurl=translate.google.com&amp;sl=ru&amp;sp=nmt4&amp;tl=ar&amp;u=">Ø¹Ø±Ø¶: ÙŠØªÙ… Ø¯Ø¹Ù… ØªØ¬Ø³ÙŠØ¯ Ø§Ù„Ù…Ø´Ø§Ù‡Ø¯Ø§Øª ÙÙŠ Ø­Ø§Ù„Ø§Øª Ø®Ø§ØµØ© Ø¬Ø¯Ù‹Ø§.</a> <br></li><li style=";text-align:right;direction:rtl">  <a href="https://translate.googleusercontent.com/translate_c?depth=1&amp;rurl=translate.google.com&amp;sl=ru&amp;sp=nmt4&amp;tl=ar&amp;u=">Ø¹Ø±Ø¶: Ø§Ù„Ù‚ÙŠÙˆØ¯ ÙˆØ§Ù„Ù…Ø´ØºÙ„Ø§Øª ØºÙŠØ± Ù…Ø¯Ø¹ÙˆÙ…Ø© Ù„Ù„Ø¹Ø±ÙˆØ¶.</a> <br></li><li style=";text-align:right;direction:rtl"> <a href="https://translate.googleusercontent.com/translate_c?depth=1&amp;rurl=translate.google.com&amp;sl=ru&amp;sp=nmt4&amp;tl=ar&amp;u=">Ø¹Ø±Ø¶: ÙŠÙ…ÙƒÙ† ØªÙ…Ø±ÙŠØ± Ø§Ù„Ø«ÙˆØ§Ø¨Øª ÙÙ‚Ø· Ø¥Ù„Ù‰ Ø·Ø±Ù‚ Ø§Ù„Ø¹Ø±Ø¶ Ø°Ø§Øª Ø§Ù„Ù…Ø¹Ù„Ù…Ø§Øª ÙÙŠ FROM</a> <br></li></ul></li><li style=";text-align:right;direction:rtl">  <a href="https://translate.googleusercontent.com/translate_c?depth=1&amp;rurl=translate.google.com&amp;sl=ru&amp;sp=nmt4&amp;tl=ar&amp;u=">ØªØ§Ø±ÙŠØ® Ø§Ù„Ù…Ø³Ù†Ø¯ Ø¯ÙØ¹ (JPPD)</a> <br><ul style=";text-align:right;direction:rtl"><li style=";text-align:right;direction:rtl">  <a href="https://translate.googleusercontent.com/translate_c?depth=1&amp;rurl=translate.google.com&amp;sl=ru&amp;sp=nmt4&amp;tl=ar&amp;u=">JPPD: Ù„Ø§ ÙŠØ¹Ù…Ù„ Ù…Ø¹ ÙˆØ¸Ø§Ø¦Ù Ø§Ù„Ù†Ø§ÙØ°Ø© Ùˆ CTEs Ø§Ù„Ø¹ÙˆØ¯ÙŠØ©</a> <br></li><li style=";text-align:right;direction:rtl">  <a href="https://translate.googleusercontent.com/translate_c?depth=1&amp;rurl=translate.google.com&amp;sl=ru&amp;sp=nmt4&amp;tl=ar&amp;u=">JPPD: ÙƒÙØ§Ø¡Ø© Ù…Ù†Ø®ÙØ¶Ø© Ø¹Ù†Ø¯ Ø§Ù„Ø¹Ù…Ù„ Ù…Ø¹ Ø§Ù„Ø¨ÙŠØ§Ù†Ø§Øª ØºÙŠØ± Ø§Ù„Ø·Ø¨ÙŠØ¹ÙŠØ©</a> <br></li><li style=";text-align:right;direction:rtl">  <a href="https://translate.googleusercontent.com/translate_c?depth=1&amp;rurl=translate.google.com&amp;sl=ru&amp;sp=nmt4&amp;tl=ar&amp;u=">JPPD: Ù…Ø¹ØªÙ…Ø¯ ÙÙ‚Ø· ÙÙŠ Ù†Ø¸Ù… Ø¥Ø¯Ø§Ø±Ø© Ù‚ÙˆØ§Ø¹Ø¯ Ø§Ù„Ø¨ÙŠØ§Ù†Ø§Øª Ø§Ù„ØªØ¬Ø§Ø±ÙŠØ©</a> <br></li></ul></li><li style=";text-align:right;direction:rtl">  <a href="https://translate.googleusercontent.com/translate_c?depth=1&amp;rurl=translate.google.com&amp;sl=ru&amp;sp=nmt4&amp;tl=ar&amp;u=">ÙØµÙ„ Ø§Ù„Ù…Ù†Ø·Ù‚ Ø§Ù„Ø´Ø±Ø·ÙŠ Ø¥Ù„Ù‰ Ø£Ù†ÙˆØ§Ø¹ JOIN Ùˆ WHERE</a> <br></li><li style=";text-align:right;direction:rtl">  <a href="https://translate.googleusercontent.com/translate_c?depth=1&amp;rurl=translate.google.com&amp;sl=ru&amp;sp=nmt4&amp;tl=ar&amp;u=">Ø¶Ø¹ÙŠÙ Ø£Ùˆ Ø§Ù„Ø£Ù…Ø«Ù„</a> <br></li><li style=";text-align:right;direction:rtl">  <a href="https://translate.googleusercontent.com/translate_c?depth=1&amp;rurl=translate.google.com&amp;sl=ru&amp;sp=nmt4&amp;tl=ar&amp;u=">Ø¶Ø¹Ù Ø§Ù„ØªØ­Ø³ÙŠÙ† Ø¹Ù†Ø¯ Ø§Ù„Ø¹Ù…Ù„ Ù…Ø¹ Ø¨ÙŠØ§Ù†Ø§Øª Ù…ØªÙØ±Ù‚Ø©</a> <br></li><li style=";text-align:right;direction:rtl">  <a href="https://translate.googleusercontent.com/translate_c?depth=1&amp;rurl=translate.google.com&amp;sl=ru&amp;sp=nmt4&amp;tl=ar&amp;u=">Ø¶Ø¹Ù Ø§Ù„ØªØ­Ø³ÙŠÙ† Ø¹Ù†Ø¯ Ø§Ù„Ø¹Ù…Ù„ Ø¨Ø£Ø­Ø¯Ø« Ø§Ù„Ù‚ÙŠÙ…</a> <br></li><li style=";text-align:right;direction:rtl">  <a href="https://translate.googleusercontent.com/translate_c?depth=1&amp;rurl=translate.google.com&amp;sl=ru&amp;sp=nmt4&amp;tl=ar&amp;u=">Ù…Ø´ÙƒÙ„Ø© N + 1</a> <br></li><li style=";text-align:right;direction:rtl">  <a href="https://translate.googleusercontent.com/translate_c?depth=1&amp;rurl=translate.google.com&amp;sl=ru&amp;sp=nmt4&amp;tl=ar&amp;u=">Ø§Ø±ØªÙØ§Ø¹ ØªÙƒÙ„ÙØ© Ø§Ù„Ø®Ø·Ø£ ÙÙŠ ØªØµÙ…ÙŠÙ… Ù‚Ø§Ø¹Ø¯Ø© Ø§Ù„Ø¨ÙŠØ§Ù†Ø§Øª</a> <br></li><li style=";text-align:right;direction:rtl">  <a href="https://translate.googleusercontent.com/translate_c?depth=1&amp;rurl=translate.google.com&amp;sl=ru&amp;sp=nmt4&amp;tl=ar&amp;u=">ØªØ­Ø³ÙŠÙ† ØºÙŠØ± Ù…ØªÙˆÙ‚Ø¹ Ø¹Ù†Ø¯ Ø§Ù„Ø¹Ù…Ù„ Ù…Ø¹ Ø¹Ø¯Ø¯ ÙƒØ¨ÙŠØ± Ù…Ù† JOINs</a> <br></li><li style=";text-align:right;direction:rtl">  <a href="https://translate.googleusercontent.com/translate_c?depth=1&amp;rurl=translate.google.com&amp;sl=ru&amp;sp=nmt4&amp;tl=ar&amp;u=">Ù‚Ù„Ø© Ø§Ù„Ù…ÙŠØ±Ø§Ø« ÙˆØªØ¹Ø¯Ø¯ Ø§Ù„Ø£Ø´ÙƒØ§Ù„</a> <br></li><li style=";text-align:right;direction:rtl">  <a href="https://translate.googleusercontent.com/translate_c?depth=1&amp;rurl=translate.google.com&amp;sl=ru&amp;sp=nmt4&amp;tl=ar&amp;u=">Ø§Ù„ØªØ¬Ø±ÙŠØ¯ Ù…Ù†Ø®ÙØ¶Ø© Ø¨Ø´ÙƒÙ„ ØºÙŠØ± Ø·Ø¨ÙŠØ¹ÙŠ</a> <br></li><li style=";text-align:right;direction:rtl">  <a href="https://translate.googleusercontent.com/translate_c?depth=1&amp;rurl=translate.google.com&amp;sl=ru&amp;sp=nmt4&amp;tl=ar&amp;u=">Ø§Ù„ØªØ­Ø³ÙŠÙ† Ø§Ù„ØªÙƒÙŠÙÙŠ (AO)</a> <br><ul style=";text-align:right;direction:rtl"><li style=";text-align:right;direction:rtl">  <a href="https://translate.googleusercontent.com/translate_c?depth=1&amp;rurl=translate.google.com&amp;sl=ru&amp;sp=nmt4&amp;tl=ar&amp;u=">AO: Ù…Ø¹ØªÙ…Ø¯ ÙÙ‚Ø· ÙÙŠ Ù†Ø¸Ù… Ø¥Ø¯Ø§Ø±Ø© Ù‚ÙˆØ§Ø¹Ø¯ Ø§Ù„Ø¨ÙŠØ§Ù†Ø§Øª Ø§Ù„ØªØ¬Ø§Ø±ÙŠØ©</a> <br></li><li style=";text-align:right;direction:rtl">  <a href="https://translate.googleusercontent.com/translate_c?depth=1&amp;rurl=translate.google.com&amp;sl=ru&amp;sp=nmt4&amp;tl=ar&amp;u=">AO: Ø§Ø­ØªÙ…Ø§Ù„ Ø§Ù„Ø®Ø·Ø£ Ù„Ø§ ÙŠØ²Ø§Ù„ Ù…Ø±ØªÙØ¹Ø§ Ø¨Ù…Ø§ ÙÙŠÙ‡ Ø§Ù„ÙƒÙØ§ÙŠØ©</a> <br></li></ul></li></ul><br>  Ø³ÙŠØªÙ… Ø§Ø®ØªØ¨Ø§Ø± ÙƒÙ„ Ø´ÙŠØ¡ Ø¹Ù„Ù‰ Ø«Ù„Ø§Ø«Ø© RDBMSs - PostgreSQL Ùˆ MS SQL Server Ùˆ Oracle.  Ø¬Ù…ÙŠØ¹ Ø£Ø­Ø¯Ø« Ù†Ø¸Ù… Ø¥Ø¯Ø§Ø±Ø© Ù‚ÙˆØ§Ø¹Ø¯ Ø§Ù„Ø¨ÙŠØ§Ù†Ø§Øª Ù‡ÙŠ 11 Ùˆ 2019 Ùˆ 19 c ØŒ Ø¹Ù„Ù‰ Ø§Ù„ØªÙˆØ§Ù„ÙŠ. <br><br>  Ù‚Ø¨Ù„ Ø§Ù„Ø¨Ø¯Ø¡ ØŒ Ø³Ù†Ù‚ÙˆÙ… Ø¨Ø¥Ù†Ø´Ø§Ø¡ Ù‚Ø§Ø¹Ø¯Ø© Ø¨ÙŠØ§Ù†Ø§Øª Ù…Ø¹ Ø§Ù„Ø¨Ø¶Ø§Ø¦Ø¹ ÙˆØ§Ù„Ù…Ù‚Ø§ÙˆÙ„ÙŠÙ† ÙˆÙˆØ«Ø§Ø¦Ù‚ Ø§Ù„Ø¥ÙŠØµØ§Ù„Ø§Øª ÙˆØ§Ù„Ø´Ø­Ù†Ø§Øª.  Ø³Ù†Ù…Ù„Ø£Ù‡Ø§ Ø¨Ø§Ù„Ø¨ÙŠØ§Ù†Ø§Øª ÙˆØ¨ÙƒÙ…ÙŠØ§Øª ÙƒØ¨ÙŠØ±Ø© ØŒ Ø­ÙŠØ« Ø³ÙŠÙƒÙˆÙ† Ù‡Ù†Ø§Ùƒ Ø§Ù„Ø¹Ø¯ÙŠØ¯ Ù…Ù† Ø§Ù„Ø£Ù…Ø«Ù„Ø© Ø§Ù„ØªÙŠ ØªÙˆØ¶Ø­ Ù…Ø´Ø§ÙƒÙ„ ØªØ­Ø³ÙŠÙ† Ø§Ù„Ø§Ø³ØªØ¹Ù„Ø§Ù… / Ø§Ù„Ø£Ø¯Ø§Ø¡ Ø¹Ù„Ù‰ ÙƒÙ…ÙŠØ§Øª ÙƒØ¨ÙŠØ±Ø© Ù…Ù† Ø§Ù„Ø¨ÙŠØ§Ù†Ø§Øª. <br><br><div class="spoiler" style=";text-align:right;direction:rtl">  <b class="spoiler_title">Ù…Ù„Ø¡ Ù‚Ø§Ø¹Ø¯Ø© Ø§Ù„Ø¨ÙŠØ§Ù†Ø§Øª Ø§Ù„Ù†ØµÙŠ ÙÙŠ Ø£ÙˆØ±Ø§ÙƒÙ„</b> <div class="spoiler_text" style=";text-align:right;direction:rtl"><pre style=";text-align:right;direction:rtl"><code class="sql">CREATE TABLE customer (
    id INT PRIMARY KEY,
    name VARCHAR(100)
);

CREATE TABLE stock (
    id INT PRIMARY KEY,
    name VARCHAR(100)
);

CREATE TABLE product (
    id INT PRIMARY KEY,
    name VARCHAR(100),
    "group" INT
);
CREATE INDEX product_group ON product ("group");

CREATE TABLE receipt (
    id INT PRIMARY KEY,
    customer INT NOT NULL,
   	"date" DATE NOT NULL,
    CONSTRAINT receipt_customer_fk
        FOREIGN KEY (customer) REFERENCES customer (id),
   	stock INT NOT NULL,
    CONSTRAINT receipt_stock_fk
        FOREIGN KEY (stock) REFERENCES stock (id),
    data VARCHAR(400)
);
CREATE INDEX receipt_customer_fk ON receipt (customer);
CREATE INDEX receipt_stock_fk ON receipt (stock);

CREATE TABLE shipment (
    id INT PRIMARY KEY,
    customer INT NOT NULL,
   	"date" DATE NOT NULL,
    CONSTRAINT shipment_customer_fk
        FOREIGN KEY (customer) REFERENCES customer (id),
    stock INT NOT NULL,
    CONSTRAINT shipment_stock_fk
        FOREIGN KEY (stock) REFERENCES stock (id),
    data VARCHAR(400)
);
CREATE INDEX shipment_customer_fk ON shipment (customer);
CREATE INDEX shipment_stock_fk ON shipment (stock);
CREATE TABLE receiptdetail (
    id INT PRIMARY KEY,
    receipt INT NOT NULL,
	product INT NOT NULL,
	quantity NUMERIC(16,3),
    CONSTRAINT receiptdetail_receipt_fk
        FOREIGN KEY (receipt) REFERENCES receipt (id),
    CONSTRAINT receiptdetail_product_fk
    	FOREIGN KEY (product) REFERENCES product (id),
    data VARCHAR(400)
);
CREATE INDEX receiptdetail_receipt_fk ON receiptdetail (receipt);
CREATE INDEX receiptdetail_product_fk ON receiptdetail (product);

CREATE TABLE shipmentdetail (
    id INT PRIMARY KEY,
    shipment INT NOT NULL,
	product INT NOT NULL,
	quantity NUMERIC(16,3),
    CONSTRAINT shipmentdetail_shipment_fk
        FOREIGN KEY (shipment) REFERENCES shipment (id),
    CONSTRAINT shipmentdetail_product_fk
    	FOREIGN KEY (product) REFERENCES product (id),
    sd INT,
    data VARCHAR(400)
);
CREATE INDEX shipmentdetail_shipment_fk ON shipmentdetail (shipment);
CREATE INDEX shipmentdetail_product_fk ON shipmentdetail (product);
CREATE INDEX shipmentdetail_sd ON shipmentdetail (sd);
CREATE INDEX shipmentdetail_p_s ON shipmentdetail (product,shipment);

INSERT INTO stock (id, name)
WITH
numbers ( n ) AS (
   SELECT 1 AS n FROM dual
   UNION ALL
   SELECT n + 1 AS n
   FROM   numbers
   WHERE  n &lt;= 10
)
SELECT n, 'Stock '||n FROM numbers;

INSERT INTO customer (id, name)
WITH
numbers ( n ) AS (
   SELECT 1 AS n FROM dual
   UNION ALL
   SELECT n + 1 AS n
   FROM   numbers
   WHERE  n &lt;= 1000
)
SELECT n, 'Customer '||n FROM numbers;

INSERT INTO product (id, name, "group")
WITH
numbers ( n ) AS (
   SELECT 1 AS n FROM dual
   UNION ALL
   SELECT n + 1 AS n
   FROM   numbers
   WHERE  n &lt;= 50000
)
SELECT n, 'Product '||n, round(dbms_random.value() * 1000) + 1 FROM numbers;

INSERT INTO receipt (id, customer, stock, "date", data)
WITH
numbers ( n ) AS (
   SELECT 1 AS n FROM dual
   UNION ALL
   SELECT n + 1 AS n
   FROM   numbers
   WHERE  n &lt;= 10000
)
SELECT n, round(dbms_random.value() * 1000) + 1, round(dbms_random.value() * 10) + 1, CURRENT_DATE - round(dbms_random.value() * 300), 'data'||n FROM numbers;

INSERT INTO receiptdetail (id, receipt, product, quantity, data)
WITH
numbers ( n ) AS (
   SELECT 1 AS n FROM dual
   UNION ALL
   SELECT n + 1 AS n
   FROM   numbers
   WHERE  n &lt;= 1000000
)
SELECT n, round(dbms_random.value() * 10000) + 1, round(dbms_random.value() * 50000) + 1, round(dbms_random.value() * 100) + 1, 'data'||n FROM numbers;

INSERT INTO shipment (id, customer, stock, "date", data)
WITH
numbers ( n ) AS (
   SELECT 1 AS n FROM dual
   UNION ALL
   SELECT n + 1 AS n
   FROM   numbers
   WHERE  n &lt;= 100000
)
SELECT n, round(dbms_random.value() * 1000) + 1, round(dbms_random.value() * 10) + 1, CURRENT_DATE - round(dbms_random.value() * 300), 'data'||n FROM numbers;

INSERT INTO shipmentdetail (id, shipment, product, quantity, data, sd)
WITH
numbers ( n ) AS (
   SELECT 1 AS n FROM dual
   UNION ALL
   SELECT n + 1 AS n
   FROM   numbers
   WHERE  n &lt;= 10000000
)
SELECT n, round(dbms_random.value() * 100000) + 1, round(dbms_random.value() * 50000) + 1, round(dbms_random.value() * 10) + 1, 'data'||n, CASE WHEN REMAINDER(n, 100000) = 0 THEN n+1 ELSE NULL END FROM numbers;

exec DBMS_STATS.GATHER_DATABASE_STATS;
</code></pre><br>
</div></div><br>
<div class="spoiler"><b class="spoiler_title">    MSSQL</b><div class="spoiler_text"><pre><code class="sql">CREATE TABLE customer (
    id INT PRIMARY KEY,
    name VARCHAR(100)
);

CREATE TABLE stock (
    id INT PRIMARY KEY,
    name VARCHAR(100)
);

CREATE TABLE product (
    id INT PRIMARY KEY,
    name VARCHAR(100),
    [group] INT
);
CREATE INDEX product_group ON product ([group]);

CREATE TABLE receipt (
    id INT PRIMARY KEY,
    customer INT NOT NULL,
	date DATE NOT NULL,
    CONSTRAINT receipt_customer_fk
        FOREIGN KEY (customer) REFERENCES customer (id),
	stock INT NOT NULL,
    CONSTRAINT receipt_stock_fk
        FOREIGN KEY (stock) REFERENCES stock (id),
    data VARCHAR(400)
);
CREATE INDEX receipt_date ON receipt (date);
CREATE INDEX receipt_customer_fk ON receipt (customer);
CREATE INDEX receipt_stock_fk ON receipt (stock);

CREATE TABLE shipment (
    id INT PRIMARY KEY,
    customer INT NOT NULL,
	date DATE NOT NULL,
    CONSTRAINT shipment_customer_fk
        FOREIGN KEY (customer) REFERENCES customer (id),
	stock INT NOT NULL,
    CONSTRAINT shipment_stock_fk
        FOREIGN KEY (stock) REFERENCES stock (id),
    data VARCHAR(400)
);
CREATE INDEX shipment_date ON shipment (date);
CREATE INDEX shipment_customer_fk ON shipment (customer);
CREATE INDEX shipment_stock_fk ON shipment (stock);
CREATE TABLE receiptdetail (
    id INT PRIMARY KEY,
    receipt INT NOT NULL,
	product INT NOT NULL,
	quantity NUMERIC(16,3),
    CONSTRAINT receiptdetail_receipt_fk
        FOREIGN KEY (receipt) REFERENCES receipt (id),
    CONSTRAINT receiptdetail_product_fk
    	FOREIGN KEY (product) REFERENCES product (id),
    data VARCHAR(400)
);
CREATE INDEX receiptdetail_receipt_fk ON receiptdetail (receipt);
CREATE INDEX receiptdetail_product_fk ON receiptdetail (product);

CREATE TABLE shipmentdetail (
    id INT PRIMARY KEY,
    shipment INT NOT NULL,
	product INT NOT NULL,
	quantity NUMERIC(16,3),
    CONSTRAINT shipmentdetail_shipment_fk
        FOREIGN KEY (shipment) REFERENCES shipment (id),
    CONSTRAINT shipmentdetail_product_fk
    	FOREIGN KEY (product) REFERENCES product (id),
    sd INT,
    data VARCHAR(400)
);
CREATE INDEX shipmentdetail_shipment_fk ON shipmentdetail (shipment);
CREATE INDEX shipmentdetail_product_fk ON shipmentdetail (product);
CREATE INDEX shipmentdetail_sd ON shipmentdetail (sd);
CREATE INDEX shipmentdetail_p_s ON shipmentdetail (product,shipment);

WITH
numbers ( n ) AS (
   SELECT 1 AS n
   UNION ALL
   SELECT n + 1 AS n
   FROM   numbers
   WHERE  n &lt;= 10
)
INSERT INTO stock (id, name)
SELECT n, CONCAT('Stock ',n) FROM numbers option (maxrecursion 0);

WITH
numbers ( n ) AS (
   SELECT 1 AS n
   UNION ALL
   SELECT n + 1 AS n
   FROM   numbers
   WHERE  n &lt;= 1000
)
INSERT INTO customer (id, name)
SELECT n, CONCAT('Customer ',n) FROM numbers option (maxrecursion 0);

WITH
numbers ( n ) AS (
   SELECT 1 AS n
   UNION ALL
   SELECT n + 1 AS n
   FROM   numbers
   WHERE  n &lt;= 50000
)
INSERT INTO product (id, name, [group])
SELECT n, CONCAT('Product ',n),  ABS(checksum(NewId()))% 1000 + 1 FROM numbers option (maxrecursion 0);

WITH
numbers ( n ) AS (
   SELECT 1 AS n
   UNION ALL
   SELECT n + 1 AS n
   FROM   numbers
   WHERE  n &lt;= 10000
)
INSERT INTO receipt (id, customer, stock, date, data)
SELECT n,  ABS(checksum(NewId()))% 1000 + 1, ABS(checksum(NewId()))% 10 + 1, DATEADD(day, -ABS(checksum(NewId()))% 300, GETDATE()), CONCAT('data',n) FROM numbers option (maxrecursion 0);

WITH
numbers ( n ) AS (
   SELECT 1 AS n
   UNION ALL
   SELECT n + 1 AS n
   FROM   numbers
   WHERE  n &lt;= 1000000
)
INSERT INTO receiptdetail (id, receipt, product, quantity, data)
SELECT n,  ABS(checksum(NewId()))% 10000 + 1,  ABS(checksum(NewId()))% 50000 + 1,  ABS(checksum(NewId()))% 100 + 1, CONCAT('data',n) FROM numbers option (maxrecursion 0);

WITH
numbers ( n ) AS (
   SELECT 1 AS n
   UNION ALL
   SELECT n + 1 AS n
   FROM   numbers
   WHERE  n &lt;= 100000
)
INSERT INTO shipment (id, customer, stock, date, data)
SELECT n,  ABS(checksum(NewId()))% 1000 + 1, ABS(checksum(NewId()))% 10 + 1, DATEADD(day, -ABS(checksum(NewId()))% 300, GETDATE()), CONCAT('data',n) FROM numbers option (maxrecursion 0);

WITH
numbers ( n ) AS (
   SELECT 1 AS n
   UNION ALL
   SELECT n + 1 AS n
   FROM   numbers
   WHERE  n &lt;= 10000000
)
INSERT INTO shipmentdetail (id, shipment, product, quantity, data, sd)
SELECT n,  ABS(checksum(NewId()))% 100000 + 1,  ABS(checksum(NewId()))% 50000 + 1,  ABS(checksum(NewId()))% 10 + 1, CONCAT('data',n), CASE WHEN n % 100000 = 0 THEN n+1 ELSE NULL END FROM numbers option (maxrecursion 0);

EXEC sp_updatestats;   
</code></pre><br>
</div></div><br>
<div class="spoiler"><b class="spoiler_title">    PostgreSQL</b><div class="spoiler_text"><pre><code class="sql">CREATE TABLE customer (
    id INT PRIMARY KEY,
    name VARCHAR(100)
);

CREATE TABLE stock (
    id INT PRIMARY KEY,
    name VARCHAR(100)
);

CREATE TABLE product (
    id INT PRIMARY KEY,
    name VARCHAR(100),
    "group" INT
);
CREATE INDEX product_group ON product ("group");

CREATE TABLE receipt (
    id INT PRIMARY KEY,
    customer INT NOT NULL,
	"date" DATE NOT NULL,
    CONSTRAINT receipt_customer_fk
        FOREIGN KEY (customer) REFERENCES customer (id),
   	stock INT NOT NULL,
    CONSTRAINT receipt_stock_fk
        FOREIGN KEY (stock) REFERENCES stock (id),
    data VARCHAR(400)
);
CREATE INDEX receipt_customer_fk ON receipt (customer);
CREATE INDEX receipt_stock_fk ON receipt (stock);

CREATE TABLE shipment (
    id INT PRIMARY KEY,
    customer INT NOT NULL,
	"date" DATE NOT NULL,
    CONSTRAINT shipment_customer_fk
        FOREIGN KEY (customer) REFERENCES customer (id),
    stock INT NOT NULL,
    CONSTRAINT shipment_stock_fk
        FOREIGN KEY (stock) REFERENCES stock (id),
    data VARCHAR(400)
);
CREATE INDEX shipment_customer_fk ON shipment (customer);
CREATE INDEX shipment_stock_fk ON shipment (stock);

CREATE TABLE receiptdetail (
    id INT PRIMARY KEY,
    receipt INT NOT NULL,
	product INT NOT NULL,
	quantity NUMERIC(16,3),
    CONSTRAINT receiptdetail_receipt_fk
        FOREIGN KEY (receipt) REFERENCES receipt (id),
    CONSTRAINT receiptdetail_product_fk
    	FOREIGN KEY (product) REFERENCES product (id),
    data VARCHAR(400)
);
CREATE INDEX receiptdetail_receipt_fk ON receiptdetail (receipt);
CREATE INDEX receiptdetail_product_fk ON receiptdetail (product);

CREATE TABLE shipmentdetail (
    id INT PRIMARY KEY,
    shipment INT NOT NULL,
	product INT NOT NULL,
	quantity NUMERIC(16,3),
    CONSTRAINT shipmentdetail_shipment_fk
        FOREIGN KEY (shipment) REFERENCES shipment (id),
    CONSTRAINT shipmentdetail_product_fk
    	FOREIGN KEY (product) REFERENCES product (id),
    sd INT,
    data VARCHAR(400)
);
CREATE INDEX shipmentdetail_shipment_fk ON shipmentdetail (shipment);
CREATE INDEX shipmentdetail_product_fk ON shipmentdetail (product);
CREATE INDEX shipmentdetail_sd ON shipmentdetail (sd);
CREATE INDEX shipmentdetail_p_s ON shipmentdetail (product,shipment);

INSERT INTO stock (id, name)
WITH RECURSIVE
numbers ( n ) AS (
   SELECT 1 AS n
   UNION ALL
   SELECT n + 1 AS n
   FROM   numbers
   WHERE  n &lt;= 10
)
SELECT n, 'Stock '||n FROM numbers;

INSERT INTO customer (id, name)
WITH RECURSIVE
numbers ( n ) AS (
   SELECT 1 AS n
   UNION ALL
   SELECT n + 1 AS n
   FROM   numbers
   WHERE  n &lt;= 1000
)
SELECT n, 'Customer '||n FROM numbers;

INSERT INTO product (id, name, "group")
WITH RECURSIVE
numbers ( n ) AS (
   SELECT 1 AS n
   UNION ALL
   SELECT n + 1 AS n
   FROM   numbers
   WHERE  n &lt;= 50000
)
SELECT n, 'Product '||n, floor(random() * 1000) + 1 FROM numbers;

INSERT INTO receipt (id, customer, stock, "date", data)
WITH RECURSIVE
numbers ( n ) AS (
   SELECT 1 AS n
   UNION ALL
   SELECT n + 1 AS n
   FROM   numbers
   WHERE  n &lt;= 10000
)
SELECT n, floor(random() * 1000) + 1, floor(random() * 10) + 1, CURRENT_DATE-CAST(floor(random() * 300) AS int), 'data'||n FROM numbers;

INSERT INTO receiptdetail (id, receipt, product, quantity, data)
WITH RECURSIVE
numbers ( n ) AS (
   SELECT 1 AS n
   UNION ALL
   SELECT n + 1 AS n
   FROM   numbers
   WHERE  n &lt;= 1000000
)
SELECT n, floor(random() * 10000) + 1, floor(random() * 50000) + 1, floor(random() * 100) + 1, 'data'||n FROM numbers;

INSERT INTO shipment (id, customer, stock, "date", data)
WITH RECURSIVE
numbers ( n ) AS (
   SELECT 1 AS n
   UNION ALL
   SELECT n + 1 AS n
   FROM   numbers
   WHERE  n &lt;= 100000
)
SELECT n, floor(random() * 1000) + 1, floor(random() * 10) + 1, CURRENT_DATE-CAST(floor(random() * 300) AS int), 'data'||n FROM numbers;

INSERT INTO shipmentdetail (id, shipment, product, quantity, data, sd)
WITH RECURSIVE
numbers ( n ) AS (
   SELECT 1 AS n
   UNION ALL
   SELECT n + 1 AS n
   FROM   numbers
   WHERE  n &lt;= 10000000
)
SELECT n, floor(random() * 100000) + 1, floor(random() * 50000) + 1, floor(random() * 10) + 1, 'data'||n, CASE WHEN n % 100000 = 0 THEN n+1 ELSE NULL END FROM numbers;

ANALYZE;
</code></pre><br>
</div></div><br>
   ,    ,        :<br>
<br>
<div class="spoiler"><b class="spoiler_title">   Oracle</b><div class="spoiler_text">Hostname:116.203.61.136<br>
Port:1521<br>
SID:orclcdb<br>
User/DB:test<br>
Password:test<br>
</div></div><br>
<div class="spoiler"><b class="spoiler_title">   MS SQL</b><div class="spoiler_text">Hostname:195.201.126.177<br>
DB:test<br>
User:guest<br>
Password:Guest111<br>
</div></div><br>
<div class="spoiler"><b class="spoiler_title">   PostgreSQL</b><div class="spoiler_text">Hostname:159.69.8.94<br>
Port:5432<br>
DB:test<br>
User:guest<br>
Password:guest<br>
</div></div><br>
<a name="view"></a><h3> (View)</h3><br>
 SQL          .        ,   SQL    ,  ,       ,         .      (View). <br>
<br>
  SQL       . , ,     :<br>
<br>
<pre><code class="sql">CREATE VIEW balance AS
SELECT stock, product, SUM(quantity) AS quantity
	FROM
		(SELECT receipt.stock, product, quantity
		FROM receiptDetail 
			JOIN receipt ON receiptDetail.receipt = receipt.id
		UNION ALL 
		SELECT shipment.stock, product, -quantity
			FROM shipmentDetail 
			JOIN shipment ON shipmentDetail.shipment = shipment.id
		) details
	GROUP BY stock, product
</code></pre><br>
         .<br>
<br>
<pre><code class="sql">SELECT product.name, balance.stock, balance.quantity 
FROM product
JOIN balance ON product.id = balance.product 
WHERE product.name = 'Product 8693'
</code></pre><br>
 ,       ,     ,     ,    ,    ,       .<br>
<br>
    ,   SQL    :    .   â€”   ,  ,  , -   .<br>
<br>
<a name="matview"></a><h3>View:       </h3><br>
           , ,  ,     .   ,      ,  ,          . ,    ,    Â«Â»,            ,    .    ,     .  ,    .    ,    ,  ,   ,  .   ,       .    , ,                     ,          .                    .  ,  ,      ,   .<br>
<br>
,       .<br>
<br>
 PostgreSQL  ,    ,    ,          .<br>
<br>
 MS SQL      (     ),    ,  <a href="https://translate.googleusercontent.com/translate_c?depth=1&amp;rurl=translate.google.com&amp;sl=ru&amp;sp=nmt4&amp;tl=ar&amp;u="> </a>  . ,   SUM GROUP BY  INNER JOIN,          MS SQL   .   MS SQL     ,    ,     MS SQL   .<br>
<br>
<div class="spoiler"><b class="spoiler_title"> Oracle   </b><div class="spoiler_text">      FAST REFRESH.<br>
<br>
  FAST REFRESH  Oracle <a href="https://translate.googleusercontent.com/translate_c?depth=1&amp;rurl=translate.google.com&amp;sl=ru&amp;sp=nmt4&amp;tl=ar&amp;u="> </a>     MS SQL,      :<br>
<br>
<ul>
<li>    GROUP BY   SUM    ( COUNT, AVERAGE)<br>
</li>
<li>   ,  ,      Â«Â» .<br>
</li>
<li>  ( )  GROUP BY, UNION ALL, OUTER JOIN   .<br>
</li>
<li> OUTER JOIN    -    (,  ,  )<br>
</li>
<li>  ,    SUM,    COUNT,         , UNION'        UNION ALL  ..<br>
</li>
</ul><br>
    ,      - ,           /  , , -,    ,  -,        .      ,       ,   ,  ,              : , , ,     .. ,           / ,         ,    .<br>
<br>
        ,   ,           ,       :        .<br>
<br>
 ,     :<br>
<br>
<pre><code class="sql">START TRANSACTION ;
â€¦
UPDATE receiptDetail SET quantity = quantity + 1;
...
SELECT quantity FROM balance WHERE stock = 14 AND sku=65
â€¦
COMMIT;
</code></pre><br>
,   balance  ,     (    ),   ,      .  :<br>
<br>
<ul>
<li>    â€”   /            <br>
</li>
<li> ,           <br>
</li>
</ul></div></div><br>
 ,  Oracle     ,   MSSQL,       .   ,      , ,        ,        .   ,      ,         ,    -  ,    ,      .     â€”   ,         ,  ,  : Â« ,   Â»   Â«,     Â»,       .   ,  ,   ,          (      ), -   .<br>
<br>
         Â«-Â».      .     (,    ).       Â«Â»:       (  ),      (    ).          ,   ,     (,  ,      ).<br>
<br>
<a name="consview"></a><h3>View:       </h3><br>
,        ,     ,       -:     0.          ,       ,      ,   ,              .<br>
<br>
,          (MS SQL  Oracle) â€”        .    -       . , ,  ,            .    :      . ,   , ,     -  (       ), ,       - ,      ,          .<br>
<br>
      (   )   <a href="https://translate.googleusercontent.com/translate_c?depth=1&amp;rurl=translate.google.com&amp;sl=ru&amp;sp=nmt4&amp;tl=ar&amp;u="></a>      Oracle Donald Burleson     . ,  -,     ,   :<br>
<blockquote>This is pointless from a practical perspective, however.</blockquote>  :<br>
<blockquote>Sooner or later incremental refresh limitations will be lifted. For the purpose of further constraint study in this book, let's continue pretending as if it already happened. </blockquote>     c  ,     2005 ,    2019 ,    14      .<br>
<br>
     workaround     -  ,     :<br>
<blockquote>If you create a trigger on a base table of a materialized view, then you must ensure that the trigger does not fire during a refresh of the materialized view. During refresh, the DBMS_MVIEW procedure I_AM_A_REFRESH returns TRUE.<br>
</blockquote>    ,      ,          .   ,   ,     . <a href="https://translate.googleusercontent.com/translate_c?depth=1&amp;rurl=translate.google.com&amp;sl=ru&amp;sp=nmt4&amp;tl=ar&amp;u="></a>          Ask Tom.<br>
<br>
<a name="paramview"></a><h3>View:     FROM    </h3><br>
 ,       ,    .        Â«Â»  ( dates),       :<br>
<br>
<pre><code class="sql">CREATE VIEW balance AS
SELECT stock, product, dates.value AS date, SUM(quantity) AS quantity
	FROM
		(SELECT receipt.stock, product, receipt.date, quantity
		FROM receiptDetail 
			JOIN receipt ON receiptDetail.receipt = receipt.id
		UNION ALL 
		SELECT shipment.stock, product, shipment.date, -quantity
			FROM shipmentDetail 
			JOIN shipment ON shipmentDetail.shipment = shipment.id
		) details
		JOIN dates ON details.date &lt; dates.value
	GROUP BY stock, product, dates.value
</code></pre><br>
    SQL  , ,       - . <br>
<br>
 MS SQL        table inlined ,          :<br>
<br>
<pre><code class="sql">CREATE FUNCTION balance (
    @date DATE
)
RETURNS TABLE
AS
RETURN
SELECT stock, product, SUM(quantity) AS quantity
	FROM
		(SELECT receipt.stock, product, quantity
		FROM receiptDetail 
			JOIN receipt ON receiptDetail.receipt = receipt.id
			WHERE receipt.date &lt; @date
		UNION ALL 
		SELECT shipment.stock, product, -quantity
			FROM shipmentDetail 
			JOIN shipment ON shipmentDetail.shipment = shipment.id
			WHERE shipment.date &lt; @date
		) details
	GROUP BY stock, product
</code></pre><br>
  ,  FROM     ,     ON,   :<br>
<br>
<pre><code class="sql">SELECT product.name, balance.stock, balance.quantity 
	FROM product 
	JOIN balance('07.07.2019') ON product.id = balance.product 
	WHERE product.name = 'Product 8693'
</code></pre><br>
         ,    (     ).<br>
<br>
      ,         SQL   ,        ,      . ,    FROM            FROM.  ,     :<br>
<br>
<pre><code class="sql">SELECT shipmentDetail.id, b.quantity
	FROM shipmentDetail 
	JOIN shipment ON shipmentDetail.shipment = shipment.id
	JOIN balance(shipment.date) b ON b.stock = shipment.stock AND b.product = shipmentDetail.product 
	WHERE shipmentDetail.quantity = 5
</code></pre><br>
SQL   ,   shipment  . , ,  ,    ,      FROM         JOIN ( ,  JOIN'     ,     shipment  balance)      SQL    .      SQL           (       Join Predicate Push Down),         ,     JOIN' ,    (   )   ,    .         ,  ,   .<br>
<br>
<b>UPD</b>:    ,             APPLY (  LATERAL  JOIN).   -              ,    APPLY    (    ):<br>
<br>
<div class="spoiler"><b class="spoiler_title"> APPLY</b><div class="spoiler_text"><ul>
<li>       ON,  OUTER APPLY    ( CROSS APPLY      WHERE):<br>
<pre><code class="sql">SELECT shipmentDetail.id, b.quantity
	FROM shipmentDetail 
	JOIN shipment ON shipmentDetail.shipment = shipment.id
	OUTER APPLY (
		SELECT quantity 
			FROM balance(shipment.date) 
			WHERE stock = shipment.stock AND product = shipmentDetail.product
		) b
	WHERE shipmentDetail.quantity = 5
</code></pre><br>
</li>
<li>  , APPLY    â€”    nested loop join.  ,      ,    :<br>
<br>
<div class="spoiler"><b class="spoiler_title"> MS SQL</b><div class="spoiler_text"><pre>SELECT shipmentDetail.id, b.quantity   FROM shipmentDetail    JOIN shipment ON shipmentDetail.shipment = shipment.id   CROSS APPLY balance(shipment.date) b   WHERE shipmentDetail.quantity = 5 AND b.stock = shipment.stock AND b.product = shipmentDetail.product  OPTION (MAXDOP 1)
  |--Filter(WHERE:([Union1013]=[test].[dbo].[shipment].[stock]))
       |--Nested Loops(Inner Join, OUTER REFERENCES:([test].[dbo].[shipmentdetail].[product], [test].[dbo].[shipment].[date]))
            |--Hash Match(Inner Join, HASH:([test].[dbo].[shipment].[id])=([test].[dbo].[shipmentdetail].[shipment]))
            |    |--Clustered Index Scan(OBJECT:([test].[dbo].[shipment].[PK__shipment__3213E83F4B7B4D07]))
            |    |--Clustered Index Scan(OBJECT:([test].[dbo].[shipmentdetail].[PK__shipment__3213E83F996CFFF4]), WHERE:([test].[dbo].[shipmentdetail].[quantity]=(5.000)))
            |--Compute Scalar(DEFINE:([Expr1016]=CASE WHEN [Expr1023]=(0) THEN NULL ELSE [Expr1024] END))
                 |--Stream Aggregate(GROUP BY:([Union1013]) DEFINE:([Expr1023]=COUNT_BIG([Union1015]), [Expr1024]=SUM([Union1015])))
                      |--Sort(ORDER BY:([Union1013] ASC))
                           |--Concatenation
                                |--Nested Loops(Inner Join, OUTER REFERENCES:([test].[dbo].[receiptdetail].[receipt]))
                                |    |--Index Spool(SEEK:([test].[dbo].[receiptdetail].[product]=[test].[dbo].[shipmentdetail].[product]))
                                |    |    |--Clustered Index Scan(OBJECT:([test].[dbo].[receiptdetail].[PK__receiptd__3213E83FE8063B8C]))
                                |    |--Clustered Index Seek(OBJECT:([test].[dbo].[receipt].[PK__receipt__3213E83FE2F580DF]), SEEK:([test].[dbo].[receipt].[id]=[test].[dbo].[receiptdetail].[receipt]),  WHERE:([test].[dbo].[receipt].[date]&lt;[test].[dbo].[shipment].[date]) ORDERED FORWARD)
                                |--Nested Loops(Inner Join, OUTER REFERENCES:([test].[dbo].[shipmentdetail].[shipment], [Expr1022]) WITH UNORDERED PREFETCH)
                                     |--Index Spool(SEEK:([test].[dbo].[shipmentdetail].[product]=[test].[dbo].[shipmentdetail].[product]))
                                     |    |--Compute Scalar(DEFINE:([Expr1012]= -[test].[dbo].[shipmentdetail].[quantity]))
                                     |         |--Clustered Index Scan(OBJECT:([test].[dbo].[shipmentdetail].[PK__shipment__3213E83F996CFFF4]))
                                     |--Clustered Index Seek(OBJECT:([test].[dbo].[shipment].[PK__shipment__3213E83F4B7B4D07]), SEEK:([test].[dbo].[shipment].[id]=[test].[dbo].[shipmentdetail].[shipment]),  WHERE:([test].[dbo].[shipment].[date]&lt;[test].[dbo].[shipment].[date]) ORDERED FORWARD)
</pre><br>
</div></div><br>
<div class="spoiler"><b class="spoiler_title"> Oracle</b><div class="spoiler_text"><pre>---------------------------------------------------------------------------------------------------
| Id  | Operation               | Name            | Rows  | Bytes |TempSpc| Cost (%CPU)| Time     |
---------------------------------------------------------------------------------------------------
|   0 | SELECT STATEMENT        |                 |   637K|    44M|       |    26G  (1)|288:02:33 |
|   1 |  NESTED LOOPS           |                 |   637K|    44M|       |    26G  (1)|288:02:33 |
|*  2 |   HASH JOIN             |                 |   901K|    30M|  2736K| 15542   (1)| 00:00:01 |
|   3 |    TABLE ACCESS FULL    | SHIPMENT        |   100K|  1562K|       |   137   (1)| 00:00:01 |
|*  4 |    TABLE ACCESS FULL    | SHIPMENTDETAIL  |   909K|    16M|       | 13935   (1)| 00:00:01 |
|*  5 |   VIEW                  | VW_LAT_F55B5580 |     1 |    39 |       | 29439   (1)| 00:00:02 |
|   6 |    SORT GROUP BY        |                 |   393K|  8061K|   167M| 29439   (1)| 00:00:02 |
|   7 |     VIEW                |                 |  5457K|   109M|       | 15337   (1)| 00:00:01 |
|   8 |      UNION-ALL          |                 |       |       |       |            |          |
|*  9 |       HASH JOIN         |                 |   498K|    13M|       |  1252   (1)| 00:00:01 |
|* 10 |        TABLE ACCESS FULL| RECEIPT         |  4984 | 74760 |       |    15   (0)| 00:00:01 |
|  11 |        TABLE ACCESS FULL| RECEIPTDETAIL   |  1000K|    12M|       |  1234   (1)| 00:00:01 |
|* 12 |       HASH JOIN         |                 |  4959K|   137M|       | 14085   (1)| 00:00:01 |
|* 13 |        TABLE ACCESS FULL| SHIPMENT        | 50001 |   781K|       |   137   (1)| 00:00:01 |
|  14 |        TABLE ACCESS FULL| SHIPMENTDETAIL  |    10M|   123M|       | 13921   (1)| 00:00:01 |
---------------------------------------------------------------------------------------------------
 
Predicate Information (identified by operation id):
---------------------------------------------------
 
   2 - access("SHIPMENTDETAIL"."SHIPMENT"="SHIPMENT"."ID")
   4 - filter("SHIPMENTDETAIL"."QUANTITY"=5)
   5 - filter("B"."STOCK"="SHIPMENT"."STOCK" AND "B"."PRODUCT"="SHIPMENTDETAIL"."PRODUCT")
   9 - access("RECEIPTDETAIL"."RECEIPT"="RECEIPT"."ID")
  10 - filter("RECEIPT"."date"&lt;"SHIPMENT"."date")
  12 - access("SHIPMENTDETAIL"."SHIPMENT"="SHIPMENT"."ID")
  13 - filter("SHIPMENT"."date"&lt;"SHIPMENT"."date")
</pre><br>
</div></div><br>
     shipmentDetail  quantity &gt; 5     ,    .            estimate .</li>
</ul></div></div><br>
  ,   ,             pushdown    :<br>
<br>
<div class="spoiler"><b class="spoiler_title"></b><div class="spoiler_text"><pre><code class="sql">SELECT shipmentDetail.id, b.quantity
	FROM shipmentDetail 
	JOIN shipment ON shipmentDetail.shipment = shipment.id
	JOIN (SELECT stock, product, dates.date, SUM(quantity) AS quantity
		FROM
			(SELECT receipt.stock, product, receipt.date, quantity
			FROM receiptDetail 
				JOIN receipt ON receiptDetail.receipt = receipt.id
			UNION ALL 
			SELECT shipment.stock, product, shipment.date, -quantity
				FROM shipmentDetail 
				JOIN shipment ON shipmentDetail.shipment = shipment.id
			) details
		JOIN 
			(SELECT shipment.date
				FROM shipmentDetail 
				JOIN shipment ON shipmentDetail.shipment = shipment.id
				WHERE shipmentDetail.quantity = 5
				GROUP BY shipment.date
			) dates ON details.date &lt; dates.date
		GROUP BY stock, product, dates.date
	) b ON b.stock = shipment.stock AND b.product = shipmentDetail.product AND b.date = shipment.date
	WHERE shipmentDetail.quantity = 5
</code></pre><br>
</div></div><br>
 ,         , ,  ,       â€” Don't repeat yourself.<br>
<br>
    ,   ,  ,     ,        ,   , ,  ,     SQL      ( ,  ,    ,    ,         )<br>
<br>
<a name="jppd"></a><h3>Join Predicate Push Down (JPPD)</h3><br>
           SQL .             (       ),     ,    . <br>
<br>
<div class="spoiler"><b class="spoiler_title">      </b><div class="spoiler_text">   ,     ,           (    predicate push down,  join):<br>
<br>
<pre><code class="sql">SELECT balance.quantity
	FROM (SELECT product, SUM(quantity) AS quantity
		FROM
			(SELECT product, quantity
			FROM receiptDetail 
				JOIN receipt ON receiptDetail.receipt = receipt.id
			UNION ALL 
			SELECT product, -quantity
				FROM shipmentDetail 
				JOIN shipment ON shipmentDetail.shipment = shipment.id
			) details
		GROUP BY product
	) balance
	WHERE balance.product = 345
</code></pre><br>
   SQL  ,      ,   product     345,      . ,          product, SQL       BY (      ),     BY   ,    GROUP BY .    :<br>
<br>
<pre><code class="sql">SELECT balance.quantity
	FROM (SELECT SUM(quantity) AS quantity
		FROM
			(SELECT product, quantity
			FROM receiptDetail 
				JOIN receipt ON receiptDetail.receipt = receipt.id
			UNION ALL 
			SELECT product, -quantity
				FROM shipmentDetail 
				JOIN shipment ON shipmentDetail.shipment = shipment.id
			) details
			WHERE details.product = 345
	) balance
</code></pre><br>
 SQL       UNION          UNION:<br>
<br>
<pre><code class="sql">SELECT balance.quantity
	FROM (SELECT SUM(quantity) AS quantity
		FROM
			(SELECT product, quantity
			FROM receiptDetail 
				JOIN receipt ON receiptDetail.receipt = receipt.id
				WHERE product = 345
			UNION ALL 
			SELECT product, -quantity
				FROM shipmentDetail 
				JOIN shipment ON shipmentDetail.shipment = shipment.id
				WHERE product = 345
			) details
	) balance
</code></pre><br>
      product  shipmentDetail   receiptDetail      .<br>
<br>
    :<br>
<br>
<pre><code class="sql">SELECT balance.quantity
	FROM product
	JOIN
		(SELECT product, SUM(quantity) AS quantity
			FROM
				(SELECT product, quantity
				FROM receiptDetail 
					JOIN receipt ON receiptDetail.receipt = receipt.id
				UNION ALL 
				SELECT product, -quantity
					FROM shipmentDetail 
					JOIN shipment ON shipmentDetail.shipment = shipment.id
				) details
			GROUP BY product
		) balance ON balance.product = product.id
	WHERE product.group = 54
</code></pre><br>
       SQL      join.    ,   join'  product            group (,   ).        balance,    nested loop join (      ,    â€”  product,    group).    SQL  ,      balance.product = product.id,  product.id â€” ,  , --    ,       predicate push,     . <br>
<br>
<div class="spoiler"><b class="spoiler_title"> MSSQL</b><div class="spoiler_text">  : 128<br>
<pre>Rows	Executes  Stmt Text
41	1	  |--Nested Loops(Inner Join, OUTER REFERENCES:([test].[dbo].[product].[id]))
41	1	       |--Index Seek(OBJECT:([test].[dbo].[product].[product_group]), SEEK:([test].[dbo].[product].[group]=(54)) ORDERED FORWARD)
0	0	       |--Compute Scalar(DEFINE:([Expr1013]=CASE WHEN [globalagg1020]=(0) THEN NULL ELSE [globalagg1022] END))
41	41	            |--Stream Aggregate(DEFINE:([globalagg1020]=SUM([partialagg1019]), [globalagg1022]=SUM([partialagg1021])))
82	41	                 |--Concatenation
41	41	                      |--Stream Aggregate(DEFINE:([partialagg1019]=COUNT_BIG([test].[dbo].[receiptdetail].[quantity]), [partialagg1021]=SUM([test].[dbo].[receiptdetail].[quantity])))
809	41	                      |    |--Nested Loops(Inner Join, OUTER REFERENCES:([test].[dbo].[receiptdetail].[id]))
809	41	                      |         |--Index Seek(OBJECT:([test].[dbo].[receiptdetail].[receiptdetail_product_fk]), SEEK:([test].[dbo].[receiptdetail].[product]=[test].[dbo].[product].[id]) ORDERED FORWARD)
809	809	                      |         |--Clustered Index Seek(OBJECT:([test].[dbo].[receiptdetail].[PK__receiptd__3213E83F930DCBDA]), SEEK:([test].[dbo].[receiptdetail].[id]=[test].[dbo].[receiptdetail].[id]) LOOKUP ORDERED FORWARD)
41	41	                      |--Stream Aggregate(DEFINE:([partialagg1019]=COUNT_BIG([Expr1010]), [partialagg1021]=SUM([Expr1010])))
0	0	                           |--Compute Scalar(DEFINE:([Expr1010]= -[test].[dbo].[shipmentdetail].[quantity]))
8383	41	                                |--Nested Loops(Inner Join, OUTER REFERENCES:([test].[dbo].[shipmentdetail].[id], [Expr1023]) WITH UNORDERED PREFETCH)
8383	41	                                     |--Index Seek(OBJECT:([test].[dbo].[shipmentdetail].[shipmentdetail_product_fk]), SEEK:([test].[dbo].[shipmentdetail].[product]=[test].[dbo].[product].[id]) ORDERED FORWARD)
8383	8383	                                     |--Clustered Index Seek(OBJECT:([test].[dbo].[shipmentdetail].[PK__shipment__3213E83F2FF9E454]), SEEK:([test].[dbo].[shipmentdetail].[id]=[test].[dbo].[shipmentdetail].[id]) LOOKUP ORDERED FORWARD)
</pre><br>
</div></div><br>
<div class="spoiler"><b class="spoiler_title"> Oracle</b><div class="spoiler_text">  : 80<br>
<pre>-----------------------------------------------------------------------------------------------------------------------
| Id  | Operation                                 | Name                      | Rows  | Bytes | Cost (%CPU)| Time     |
-----------------------------------------------------------------------------------------------------------------------
|   0 | SELECT STATEMENT                          |                           |       |       | 11247 (100)|          |
|   1 |  NESTED LOOPS                             |                           |    50 |  1100 | 11247   (1)| 00:00:01 |
|   2 |   TABLE ACCESS BY INDEX ROWID BATCHED     | PRODUCT                   |    50 |   450 |    45   (0)| 00:00:01 |
|*  3 |    INDEX RANGE SCAN                       | PRODUCT_GROUP             |    50 |       |     1   (0)| 00:00:01 |
|   4 |   VIEW PUSHED PREDICATE                   |                           |     1 |    13 |   224   (0)| 00:00:01 |
|*  5 |    FILTER                                 |                           |       |       |            |          |
|   6 |     SORT AGGREGATE                        |                           |     1 |    26 |            |          |
|   7 |      VIEW                                 |                           |   218 |  5668 |   224   (0)| 00:00:01 |
|   8 |       UNION-ALL                           |                           |       |       |            |          |
|   9 |        TABLE ACCESS BY INDEX ROWID BATCHED| RECEIPTDETAIL             |    20 |   180 |    23   (0)| 00:00:01 |
|* 10 |         INDEX RANGE SCAN                  | RECEIPTDETAIL_PRODUCT_FK  |    20 |       |     3   (0)| 00:00:01 |
|  11 |        TABLE ACCESS BY INDEX ROWID BATCHED| SHIPMENTDETAIL            |   198 |  1584 |   201   (0)| 00:00:01 |
|* 12 |         INDEX RANGE SCAN                  | SHIPMENTDETAIL_PRODUCT_FK |   198 |       |     3   (0)| 00:00:01 |
-----------------------------------------------------------------------------------------------------------------------

Predicate Information (identified by operation id):
---------------------------------------------------
 
   3 - access("PRODUCT"."group"=54)
   5 - filter(COUNT(*)&gt;0)
  10 - access("RECEIPTDETAIL"."PRODUCT"="PRODUCT"."ID")
  12 - access("SHIPMENTDETAIL"."PRODUCT"="PRODUCT"."ID")
</pre><br>
</div></div><br>
   balance       54,        (,  ,        ,      54). <br>
<br>
, ,  ,   JPPD     nested loop join,    , SQL     hash join.       balance.product = ,  Â«Â»  hash(balance.product) =  (Â«Â»,          SQL,        ).<br>
<br>
   JPPD  ,  Â«Â»  â€”   . ,      :<br>
<br>
<pre><code class="sql">SELECT balance.quantity
	FROM product
	JOIN
		(SELECT SUM(quantity) AS quantity
			FROM
				(SELECT quantity
				FROM receiptDetail 
					JOIN receipt ON receiptDetail.receipt = receipt.id
					WHERE receiptDetail.product = product.id
				UNION ALL 
				SELECT -quantity
					FROM shipmentDetail 
					JOIN shipment ON shipmentDetail.shipment = shipment.id
					WHERE shipmentDetail.product = product.id
				) details
		) balance ON TRUE
	WHERE product.group = 54
</code></pre><br>
     (  )  JPPD   <a href="https://translate.googleusercontent.com/translate_c?depth=1&amp;rurl=translate.google.com&amp;sl=ru&amp;sp=nmt4&amp;tl=ar&amp;u="></a> Oracle. ,   ,     ,      SQL  (   Oracle)         (  ,  ,       ,     ),  , ,    JPPD,     .<br>
<br>
 ,  ,  SQL        .   ,      predicate push down,     ,                .        ,    .<br>
</div></div><br>
,   JPPD       .    JPPD  ,           ,        (!)      ,        .<br>
<br>
,   ,  JPPD     ,         .<br>
<br>
<a name="windowjppd"></a><h3>JPPD:        CTE</h3><br>
,            :<br>
<br>
<pre><code class="sql">SELECT id, seqnum
	FROM 
		(SELECT id, row_number() OVER (PARTITION BY shipment ORDER BY id) AS seqnum
			FROM shipmentdetail
		) t
	WHERE t.id=6770436
</code></pre><br>
<div class="spoiler"><b class="spoiler_title"> MS SQL</b><div class="spoiler_text">  : 1.2<br>
<pre>Rows	Executes  Stmt Text
1	1	  |--Filter(WHERE:([test].[dbo].[shipmentdetail].[id]=(6770436)))
10000001	1	       |--Window Aggregate(DEFINE:([Expr1002]=row_number), PARTITION COLUMNS:([test].[dbo].[shipmentdetail].[shipment]), ROWS BETWEEN:(UNBOUNDED, CURRENT ROW))
10000001	1	            |--Index Scan(OBJECT:([test].[dbo].[shipmentdetail].[shipmentdetail_shipment_fk]), ORDERED FORWARD)
</pre><br>
</div></div><br>
<div class="spoiler"><b class="spoiler_title"> Oracle</b><div class="spoiler_text">  : 14<br>
<pre>----------------------------------------------------------------------------------------------
| Id  | Operation           | Name           | Rows  | Bytes |TempSpc| Cost (%CPU)| Time     |
----------------------------------------------------------------------------------------------
|   0 | SELECT STATEMENT    |                |       |       |       | 57555 (100)|          |
|*  1 |  VIEW               |                |    10M|   247M|       | 57555   (1)| 00:00:03 |
|   2 |   WINDOW SORT       |                |    10M|   104M|   191M| 57555   (1)| 00:00:03 |
|   3 |    TABLE ACCESS FULL| SHIPMENTDETAIL |    10M|   104M|       | 13841   (1)| 00:00:01 |
----------------------------------------------------------------------------------------------
Predicate Information (identified by operation id):
---------------------------------------------------
 
   1 - filter("T"."ID"=6770436)
</pre><br>
</div></div><br>
    , SQL          ,  ,     (  ).<br>
<br>
<a name="denormjppd"></a><h3>JPPD:       </h3><br>
,                 (  ,      , ,   ,     ,       ,    ,  ):<br>
<br>
<pre><code class="sql">SELECT shipment.id, supplied.quantity
	FROM shipment
	JOIN (
		SELECT customer, SUM(quantity) AS quantity
			FROM shipmentDetail
			JOIN shipment ON shipment.id = shipmentDetail.shipment
			GROUP BY customer
	) supplied ON supplied.customer = shipment.customer
	WHERE shipment.date = DATEADD(day, -10, CAST(GETDATE() AS date))
</code></pre><br>
   SQL         ,       ,       ,          . <br>
<br>
,     ,          (         ).       (,        - ),            ,       ,  ,  .<br>
<br>
<a name="commjppd"></a><h3>JPPD:     </h3><br>
   , JPPD    PostgreSQL.     :<br>
<br>
<pre><code class="sql">SELECT income.quantity
	FROM product
	JOIN
		(SELECT product, SUM(quantity) AS quantity
			FROM shipmentDetail 
			JOIN shipment ON shipmentDetail.shipment = shipment.id
			GROUP BY product
		) income ON income.product = product.id
	WHERE product."group" = 54
</code></pre><br>
<div class="spoiler"><b class="spoiler_title"> PostgreSQL</b><div class="spoiler_text"><pre>"Hash Join  (cost=252901.05..254168.34 rows=49 width=32) (actual time=11580.152..11607.399 rows=48 loops=1)"
"  Hash Cond: (shipmentdetail.product = product.id)"
"  -&gt;  HashAggregate  (cost=252763.56..253394.04 rows=50439 width=36) (actual time=11579.912..11603.696 rows=50000 loops=1)"
"        Group Key: shipmentdetail.product"
"        -&gt;  Hash Join  (cost=2985.02..202764.28 rows=9999855 width=9) (actual time=46.117..5967.219 rows=10000001 loops=1)"
"              Hash Cond: (shipmentdetail.shipment = shipment.id)"
"              -&gt;  Seq Scan on shipmentdetail  (cost=0.00..173528.55 rows=9999855 width=13) (actual time=0.017..1158.157 rows=10000001 loops=1)"
"              -&gt;  Hash  (cost=1735.01..1735.01 rows=100001 width=4) (actual time=45.798..45.798 rows=100001 loops=1)"
"                    Buckets: 131072  Batches: 1  Memory Usage: 4540kB"
"                    -&gt;  Seq Scan on shipment  (cost=0.00..1735.01 rows=100001 width=4) (actual time=0.018..19.940 rows=100001 loops=1)"
"  -&gt;  Hash  (cost=136.88..136.88 rows=49 width=4) (actual time=0.202..0.202 rows=48 loops=1)"
"        Buckets: 1024  Batches: 1  Memory Usage: 10kB"
"        -&gt;  Bitmap Heap Scan on product  (cost=4.67..136.88 rows=49 width=4) (actual time=0.045..0.181 rows=48 loops=1)"
"              Recheck Cond: ("group" = 54)"
"              Heap Blocks: exact=46"
"              -&gt;  Bitmap Index Scan on product_group  (cost=0.00..4.66 rows=49 width=0) (actual time=0.025..0.025 rows=48 loops=1)"
"                    Index Cond: ("group" = 54)"
"Planning Time: 0.658 ms"
"Execution Time: 11608.602 ms"
</pre><br>
</div></div><br>
    ,    PostgreSQL   ,    , -       ,  ,   . <br>
<br>
     JPPD,   Oracle    2028  (   ,   ). ,    , Microsoft'      .<br>
<br>
<a name="jppdgen"></a> ,    JPPD    ,   .   ,     JPPD:     ,            JOIN  .<br>
<br>
, ,        :<br>
<br>
<div class="spoiler"><b class="spoiler_title"></b><div class="spoiler_text"><pre><code class="sql">SELECT id, seqnum
	FROM 
		(SELECT id, row_number() OVER (PARTITION BY shipment ORDER BY id) AS seqnum
			FROM shipmentdetail
			JOIN 
				(SELECT t.shipment AS ps
					FROM shipmentdetail t 
					WHERE t.id = 6770436
			) pushed ON pushed.ps = shipment
		) t
	WHERE t.id=6770436
</code></pre><br>
</div></div><br>
<div class="spoiler"><b class="spoiler_title"> MS SQL</b><div class="spoiler_text">  : 60<br>
<pre>Rows	Executes  Stmt Text
1	1	  |--Filter(WHERE:([test].[dbo].[shipmentdetail].[id]=(6770436)))
97	1	       |--Sequence Project(DEFINE:([Expr1003]=row_number))
97	1	            |--Segment
97	1	                 |--Nested Loops(Inner Join, OUTER REFERENCES:([t].[shipment]))
1	1	                      |--Clustered Index Seek(OBJECT:([test].[dbo].[shipmentdetail].[PK__shipment__3213E83F2FF9E454] AS [t]), SEEK:([t].[id]=(6770436)) ORDERED FORWARD)
97	1	                      |--Index Seek(OBJECT:([test].[dbo].[shipmentdetail].[shipmentdetail_shipment_fk]), SEEK:([test].[dbo].[shipmentdetail].[shipment]=[test].[dbo].[shipmentdetail].[shipment] as [t].[shipment]) ORDERED FORWARD)
</pre><br>
</div></div><br>
<div class="spoiler"><b class="spoiler_title"> Oracle</b><div class="spoiler_text">  : 30<br>
<pre>---------------------------------------------------------------------------------------------------------------------
| Id  | Operation                              | Name                       | Rows  | Bytes | Cost (%CPU)| Time     |
---------------------------------------------------------------------------------------------------------------------
|   0 | SELECT STATEMENT                       |                            |       |       |   106 (100)|          |
|*  1 |  VIEW                                  |                            |    99 |  2574 |   106   (1)| 00:00:01 |
|   2 |   WINDOW SORT                          |                            |    99 |  2178 |   106   (1)| 00:00:01 |
|   3 |    NESTED LOOPS                        |                            |    99 |  2178 |   105   (0)| 00:00:01 |
|   4 |     TABLE ACCESS BY INDEX ROWID        | SHIPMENTDETAIL             |     1 |    11 |     3   (0)| 00:00:01 |
|*  5 |      INDEX UNIQUE SCAN                 | SYS_C007881                |     1 |       |     2   (0)| 00:00:01 |
|   6 |     TABLE ACCESS BY INDEX ROWID BATCHED| SHIPMENTDETAIL             |    99 |  1089 |   102   (0)| 00:00:01 |
|*  7 |      INDEX RANGE SCAN                  | SHIPMENTDETAIL_SHIPMENT_FK |    99 |       |     2   (0)| 00:00:01 |
---------------------------------------------------------------------------------------------------------------------
</pre><br>
 <br>
Predicate Information (identified by operation id):<br>
 â€”  <br>
 1 â€” filter(Â«TÂ».Â«IDÂ»=6770436)<br>
 5 â€” access(Â«TÂ».Â«IDÂ»=6770436)<br>
 7 â€” access(Â«TÂ».Â«SHIPMENTÂ»=Â«SHIPMENTÂ»)<br>
</div></div><br>
<div class="spoiler"><b class="spoiler_title"> PostgreSQL</b><div class="spoiler_text"><pre>"Subquery Scan on t  (cost=400.40..403.62 rows=1 width=12) (actual time=0.810..0.891 rows=1 loops=1)"
"  Filter: (t.id = 6770436)"
"  Rows Removed by Filter: 105"
"  -&gt;  WindowAgg  (cost=400.40..402.38 rows=99 width=16) (actual time=0.688..0.869 rows=106 loops=1)"
"        -&gt;  Sort  (cost=400.40..400.65 rows=99 width=8) (actual time=0.651..0.668 rows=106 loops=1)"
"              Sort Key: shipmentdetail.shipment, shipmentdetail.id"
"              Sort Method: quicksort  Memory: 29kB"
"              -&gt;  Nested Loop  (cost=5.63..397.12 rows=99 width=8) (actual time=0.094..0.593 rows=106 loops=1)"
"                    -&gt;  Index Scan using shipmentdetail_pkey on shipmentdetail t_1  (cost=0.43..8.45 rows=1 width=4) (actual time=0.021..0.023 rows=1 loops=1)"
"                          Index Cond: (id = 6770436)"
"                    -&gt;  Bitmap Heap Scan on shipmentdetail  (cost=5.19..387.69 rows=98 width=8) (actual time=0.065..0.520 rows=106 loops=1)"
"                          Recheck Cond: (shipment = t_1.shipment)"
"                          Heap Blocks: exact=106"
"                          -&gt;  Bitmap Index Scan on shipmentdetail_shipment_fk  (cost=0.00..5.17 rows=98 width=0) (actual time=0.029..0.029 rows=106 loops=1)"
"                                Index Cond: (shipment = t_1.shipment)"
"Planning Time: 0.671 ms"
"Execution Time: 0.984 ms"
</pre><br>
</div></div><br>
      :<br>
<br>
<div class="spoiler"><b class="spoiler_title"></b><div class="spoiler_text"><pre><code class="sql">SELECT shipment.id, supplied.quantity
	FROM shipment
	JOIN (
		SELECT customer, SUM(quantity) AS quantity
			FROM shipmentDetail
			JOIN shipment ON shipment.id = shipmentDetail.shipment
			JOIN (
				SELECT customer AS pcust
					FROM shipment
					WHERE shipment.date = DATEADD(day, -10, CAST(GETDATE() AS date))
					GROUP BY customer
			) pushcust ON pushcust.pcust = customer
			GROUP BY customer
	) supplied ON supplied.customer = shipment.customer
	WHERE shipment.date = DATEADD(day, -10, CAST(GETDATE() AS date))
</code></pre><br>
</div></div><br>
  ,         PostgreSQL. ,    JPPD   :<br>
<br>
<div class="spoiler"><b class="spoiler_title"></b><div class="spoiler_text"><pre><code class="sql">SELECT balance.quantity
	FROM product
	JOIN
		(SELECT product, SUM(quantity) AS quantity
			FROM
				(SELECT product, quantity
				FROM receiptDetail 
					JOIN receipt ON receiptDetail.receipt = receipt.id
					JOIN product ON product.id = receiptDetail.product
					WHERE product.group = 54
				UNION ALL 
				SELECT product, -quantity
					FROM shipmentDetail 
					JOIN shipment ON shipmentDetail.shipment = shipment.id
					JOIN product ON product.id = shipmentDetail.product
					WHERE product.group = 54
				) details
		 	GROUP BY product
		) balance ON balance.product = product.id
	WHERE product.group = 54
</code></pre><br>
</div></div><br>
<div class="spoiler"><b class="spoiler_title"> PostgreSQL</b><div class="spoiler_text"><pre>"Hash Join  (cost=43596.42..43601.45 rows=1 width=32) (actual time=93.861..93.898 rows=48 loops=1)"
"  Hash Cond: (receiptdetail.product = product.id)"
"  -&gt;  HashAggregate  (cost=43458.93..43461.43 rows=200 width=36) (actual time=93.685..93.707 rows=48 loops=1)"
"        Group Key: receiptdetail.product"
"        -&gt;  Append  (cost=9.54..43405.03 rows=10780 width=34) (actual time=0.056..89.656 rows=10672 loops=1)"
"              -&gt;  Nested Loop  (cost=9.54..4448.35 rows=980 width=9) (actual time=0.056..7.524 rows=913 loops=1)"
"                    -&gt;  Nested Loop  (cost=9.26..4151.50 rows=980 width=13) (actual time=0.043..3.946 rows=913 loops=1)"
"                          -&gt;  Bitmap Heap Scan on product product_1  (cost=4.67..136.88 rows=49 width=4) (actual time=0.017..0.124 rows=48 loops=1)"
"                                Recheck Cond: ("group" = 54)"
"                                Heap Blocks: exact=46"
"                                -&gt;  Bitmap Index Scan on product_group  (cost=0.00..4.66 rows=49 width=0) (actual time=0.011..0.011 rows=48 loops=1)"
"                                      Index Cond: ("group" = 54)"
"                          -&gt;  Bitmap Heap Scan on receiptdetail  (cost=4.59..81.72 rows=21 width=13) (actual time=0.017..0.072 rows=19 loops=48)"
"                                Recheck Cond: (product = product_1.id)"
"                                Heap Blocks: exact=910"
"                                -&gt;  Bitmap Index Scan on receiptdetail_product_fk  (cost=0.00..4.58 rows=21 width=0) (actual time=0.012..0.012 rows=19 loops=48)"
"                                      Index Cond: (product = product_1.id)"
"                    -&gt;  Index Only Scan using receipt_pkey on receipt  (cost=0.29..0.30 rows=1 width=4) (actual time=0.003..0.003 rows=1 loops=913)"
"                          Index Cond: (id = receiptdetail.receipt)"
"                          Heap Fetches: 913"
"              -&gt;  Nested Loop  (cost=10.93..38794.98 rows=9800 width=36) (actual time=0.170..80.715 rows=9759 loops=1)"
"                    -&gt;  Nested Loop  (cost=10.64..35728.52 rows=9800 width=13) (actual time=0.151..35.242 rows=9759 loops=1)"
"                          -&gt;  Bitmap Heap Scan on product product_2  (cost=4.67..136.88 rows=49 width=4) (actual time=0.030..0.170 rows=48 loops=1)"
"                                Recheck Cond: ("group" = 54)"
"                                Heap Blocks: exact=46"
"                                -&gt;  Bitmap Index Scan on product_group  (cost=0.00..4.66 rows=49 width=0) (actual time=0.020..0.020 rows=48 loops=1)"
"                                      Index Cond: ("group" = 54)"
"                          -&gt;  Bitmap Heap Scan on shipmentdetail  (cost=5.97..724.38 rows=198 width=13) (actual time=0.071..0.678 rows=203 loops=48)"
"                                Recheck Cond: (product = product_2.id)"
"                                Heap Blocks: exact=9745"
"                                -&gt;  Bitmap Index Scan on shipmentdetail_product_fk  (cost=0.00..5.92 rows=198 width=0) (actual time=0.037..0.037 rows=203 loops=48)"
"                                      Index Cond: (product = product_2.id)"
"                    -&gt;  Index Only Scan using shipment_pkey on shipment  (cost=0.29..0.31 rows=1 width=4) (actual time=0.004..0.004 rows=1 loops=9759)"
"                          Index Cond: (id = shipmentdetail.shipment)"
"                          Heap Fetches: 9759"
"  -&gt;  Hash  (cost=136.88..136.88 rows=49 width=4) (actual time=0.166..0.166 rows=48 loops=1)"
"        Buckets: 1024  Batches: 1  Memory Usage: 10kB"
"        -&gt;  Bitmap Heap Scan on product  (cost=4.67..136.88 rows=49 width=4) (actual time=0.041..0.151 rows=48 loops=1)"
"              Recheck Cond: ("group" = 54)"
"              Heap Blocks: exact=46"
"              -&gt;  Bitmap Index Scan on product_group  (cost=0.00..4.66 rows=49 width=0) (actual time=0.028..0.028 rows=48 loops=1)"
"                    Index Cond: ("group" = 54)"
"Planning Time: 1.553 ms"
"Execution Time: 94.071 ms"
</pre><br>
</div></div><br>
,    JOIN  product    ,      ,      .<br>
<br>
<a name="joinwhere"></a><h3>     JOIN  WHERE</h3><br>
  ,  ,   ,        SQL,   2 :<br>
<br>
<ul>
<li> JOIN,         ,   ,        .<br>
</li>
<li>WHERE â€”    AND, OR  NOT,   ,    .<br>
</li>
</ul><br>
     ,   ,   JOIN    WHERE,   JOIN      :<br>
<br>
<ul>
<li>A INNER JOIN B  IN JOIN A AND IN JOIN B<br>
</li>
<li>A LEFT JOIN B â€” IN JOIN A<br>
</li>
<li>A RIGHT JOIN B â€” IN JOIN B<br>
</li>
<li>A FULL JOIN B â€” IN JOIN A OR IN JOIN B<br>
</li>
</ul><br>
 , :<br>
<br>
<pre><code class="sql">SELECT COALESCE(X.id, D.id) 
	FROM 
		(SELECT A.id 
			FROM A 
			INNER JOIN B ON A.id = B.id 
			LEFT JOIN C ON C.id = A.id
		) X 
	FULL JOIN D ON X.id = D.id
</code></pre><br>
  :<br>
<br>
<pre><code class="sql">SELECT A.id 
	FROM A 
	AUTO JOIN B ON A.id = B.id 
	AUTO JOIN C ON C.id=A.id 
	AUTO JOIN D ON D.id=A.id 
	WHERE (IN JOIN A AND IN JOIN B) OR IN JOIN D
</code></pre><br>
            FULL JOIN,        COALESCE,     PPD .     FULL JOIN   UNION,   :<br>
<br>
<pre><code class="sql">SELECT COALESCE(A.id, B.id) 
FROM A 
FULL JOIN B ON A.id=B.id
</code></pre><br>
:<br>
<br>
<pre><code class="sql">SELECT id FROM A 
UNION 
SELECT id FROM B
</code></pre><br>
,         A  B,     (   LEFT JOIN). , :<br>
<br>
<pre><code class="sql">SELECT COALESCE(A.id, B.id), COALESCE(A.f,0)+COALESCE(B.f,0) 
FROM A 
FULL JOIN B ON A.id=B.id
</code></pre><br>
 UNION  - :<br>
<br>
<pre><code class="sql">SELECT A.id, A.f + COALESCE(B.f,0) 
FROM A 
LEFT JOIN B ON A.id = B.id
UNION
SELECT B.id, B.f + COALESCE(A.f,0) 
FROM B 
LEFT JOIN A ON A.id = B.id
</code></pre><br>
      A, B, C, D     (A.f=1 OR B.f=2) AND (C.f=3 OR D.f=4),     . ,  FULL JOIN  -  COALESCE    ,   UNION          -  :<br>
<br>
<pre><code class="sql">SELECT A.id
	FROM A 
	JOIN C ON A.id = C.id
	WHERE A.f=1 AND C.f=3
UNION
SELECT A.id
	FROM A 
	JOIN D ON A.id = D.id
	WHERE A.f=1 AND D.f=4
UNION
SELECT B.id
	FROM B 
	JOIN C ON B.id = C.id
	WHERE B.f=2 AND C.f=3
UNION
SELECT B.id
	FROM B 
	JOIN D ON B.id = D.id
	WHERE B.f=2 AND D.f=4
</code></pre><br>
 ,             A, B, C  D,  - LEFT JOIN'      .<br>
<br>
, ,  : Â«        Â», , -,       (     ),  -,      ,         ,     (,    ).<br>
<br>
  ,    JOIN    IN JOIN,  ,        (,  A.f = 1  IN JOIN A),      :<br>
<br>
<pre><code class="sql">SELECT A.id 
	FROM A 
	AUTO JOIN B ON A.id = B.id 
	AUTO JOIN C ON A.id = C.id 
	AUTO JOIN D ON A.id = D.id 
	WHERE (A.f=1 OR B.f=2) AND (C.f=3 OR D.f=4)
</code></pre><br>
  SQL      ,       UNION / FULL JOIN    JOIN    .        .<br>
<br>
<a name="oropt"></a><h3>  OR</h3><br>
     . ,       A, B, C, D,    mytable    A, B, C, D:<br>
<br>
<div class="spoiler"><b class="spoiler_title">      mytable MS SQL</b><div class="spoiler_text"><pre><code class="sql">CREATE TABLE mytable (cid INT, A INT, B INT, C INT , D INT, data VARCHAR(400));

WITH
numbers ( n ) AS (
   SELECT 1 AS n
   UNION ALL
   SELECT n + 1 AS n
   FROM   numbers
   WHERE  n &lt; 10000000
)
INSERT INTO mytable (cid, A, B, C, D, data)
SELECT n, ABS(checksum(NewId())) % 100 + 1, ABS(checksum(NewId())) % 100 + 1, ABS(checksum(NewId())) % 100 + 1, ABS(checksum(NewId())) % 100 + 1, CONCAT('data',n)  FROM numbers option (maxrecursion 0);

CREATE INDEX AC ON mytable(A,C);
CREATE INDEX AD ON mytable(A,D);
CREATE INDEX BC ON mytable(B,C);
CREATE INDEX BD ON mytable(B,D);

EXEC sp_updatestats;
</code></pre><br>
</div></div><br>
<div class="spoiler"><b class="spoiler_title">      mytable Oracle</b><div class="spoiler_text"><pre><code class="sql">CREATE TABLE mytable (cid INT, A INT, B INT, C INT , D INT, "data" VARCHAR(400));

INSERT INTO mytable (cid, A, B, C, D, "data")
WITH
numbers ( n ) AS (
   SELECT 1 AS n FROM dual
   UNION ALL
   SELECT n + 1 AS n
   FROM   numbers
   WHERE  n &lt; 10000000
)
SELECT n, round(dbms_random.value() * 100) + 1, round(dbms_random.value() * 100) + 1, round(dbms_random.value() * 100) + 1, round(dbms_random.value() * 100) + 1, CONCAT('data',n)  FROM numbers;

CREATE INDEX AC ON mytable(A,C);
CREATE INDEX AD ON mytable(A,D);
CREATE INDEX BC ON mytable(B,C);
CREATE INDEX BD ON mytable(B,D);

EXEC DBMS_STATS.GATHER_DATABASE_STATS;
</code></pre><br>
</div></div><br>
<div class="spoiler"><b class="spoiler_title">      mytable PostgreSQL</b><div class="spoiler_text"><pre><code class="sql">CREATE TABLE mytable (cid INT, A INT, B INT, C INT , D INT, "data" VARCHAR(400));

INSERT INTO mytable (cid, A, B, C, D, "data")
WITH RECURSIVE
numbers ( n ) AS (
   SELECT 1 AS n
   UNION ALL
   SELECT n + 1 AS n
   FROM   numbers
   WHERE  n &lt; 10000000
)
SELECT n, floor(random() * 100) + 1, floor(random() * 100) + 1, floor(random() * 100) + 1, floor(random() * 100) + 1, CONCAT('data',n)  FROM numbers;

CREATE INDEX AC ON mytable(A,C);
CREATE INDEX AD ON mytable(A,D);
CREATE INDEX BC ON mytable(B,C);
CREATE INDEX BD ON mytable(B,D);

ANALYZE;
</code></pre><br>
</div></div><br>
        :<br>
<br>
<pre><code class="sql">SELECT COUNT(*) FROM mytable WHERE (A=1 OR B=2) AND (C=3 OR D=4)
</code></pre><br>
    ,           : AC, BC, AD, BD.<br>
<br>
<pre><code class="sql">CREATE INDEX AC ON mytable(A,C);
CREATE INDEX AD ON mytable(A,D);
CREATE INDEX BC ON mytable(B,C);
CREATE INDEX BD ON mytable(B,D);
</code></pre><br>
 :<br>
<br>
<div class="spoiler"><b class="spoiler_title"> Oracle</b><div class="spoiler_text">  : 320<br>
<pre>--------------------------------------------------------------------------------------------------------
| Id  | Operation                            | Name    | Rows  | Bytes |TempSpc| Cost (%CPU)| Time     |
--------------------------------------------------------------------------------------------------------
|   0 | SELECT STATEMENT                     |         |       |       |       | 12436 (100)|          |
|   1 |  SORT AGGREGATE                      |         |     1 |    16 |       |            |          |
|*  2 |   TABLE ACCESS BY INDEX ROWID BATCHED| MYTABLE |  3882 | 62112 |       | 12436   (1)| 00:00:01 |
|   3 |    BITMAP CONVERSION TO ROWIDS       |         |       |       |       |            |          |
|   4 |     BITMAP OR                        |         |       |       |       |            |          |
|   5 |      BITMAP CONVERSION FROM ROWIDS   |         |       |       |       |            |          |
|   6 |       SORT ORDER BY                  |         |       |       |  1568K|            |          |
|*  7 |        INDEX RANGE SCAN              | AC      |       |       |       |   241   (1)| 00:00:01 |
|   8 |      BITMAP CONVERSION FROM ROWIDS   |         |       |       |       |            |          |
|   9 |       SORT ORDER BY                  |         |       |       |  1568K|            |          |
|* 10 |        INDEX RANGE SCAN              | BC      |       |       |       |   235   (1)| 00:00:01 |
--------------------------------------------------------------------------------------------------------
Predicate Information (identified by operation id):
---------------------------------------------------
 
   2 - filter(("C"=3 OR "D"=4))
   7 - access("A"=1)
       filter("A"=1)
  10 - access("B"=2)
       filter("B"=2)
</pre><br>
</div></div><br>
<div class="spoiler"><b class="spoiler_title"> PostgreSQL</b><div class="spoiler_text"><pre>"Aggregate  (cost=81577.07..81577.08 rows=1 width=8) (actual time=255.927..255.928 rows=1 loops=1)"
"  -&gt;  Bitmap Heap Scan on mytable  (cost=3863.84..81567.12 rows=3980 width=0) (actual time=60.368..255.477 rows=3886 loops=1)"
"        Recheck Cond: ((a = 1) OR (b = 2))"
"        Filter: ((c = 3) OR (d = 4))"
"        Rows Removed by Filter: 195540"
"        Heap Blocks: exact=68751"
"        -&gt;  BitmapOr  (cost=3863.84..3863.84 rows=208664 width=0) (actual time=43.859..43.859 rows=0 loops=1)"
"              -&gt;  Bitmap Index Scan on ad  (cost=0.00..1924.43 rows=103999 width=0) (actual time=32.954..32.954 rows=100496 loops=1)"
"                    Index Cond: (a = 1)"
"              -&gt;  Bitmap Index Scan on bd  (cost=0.00..1937.42 rows=104665 width=0) (actual time=10.902..10.902 rows=100014 loops=1)"
"                    Index Cond: (b = 2)"
"Planning Time: 0.603 ms"
"Execution Time: 256.078 ms"
</pre><br>
</div></div><br>
 , SQL       ,    ,  .     ,    OR,    ,      .<br>
<br>
 , ,  MS SQL:<br>
<br>
<div class="spoiler"><b class="spoiler_title"> MS SQL</b><div class="spoiler_text">  : 1.8<br>
<pre>Rows	Executes  Stmt Text
0	0	  |--Compute Scalar(DEFINE:([Expr1003]=CONVERT_IMPLICIT(int,[Expr1006],0)))
1	1	       |--Stream Aggregate(DEFINE:([Expr1006]=Count(*)))
3918	1	            |--Table Scan(OBJECT:([test2].[dbo].[mytable]), WHERE:(([test2].[dbo].[mytable].[A]=(1) OR [test2].[dbo].[mytable].[B]=(2)) AND ([test2].[dbo].[mytable].[C]=(3) OR [test2].[dbo].[mytable].[D]=(4))))
</pre><br>
</div></div><br>
     .   ,    , MS SQL       Oracle  PostgreSQL,        .<br>
<br>
      :<br>
<br>
<pre><code class="sql">SELECT COUNT(*) FROM mytable WHERE ((A=1 OR B=2) AND C=3) OR ((A=1 OR B=2) AND D=4)
</code></pre><br>
   â€”    .<br>
<br>
 ,     , â€”      :<br>
<br>
<pre><code class="sql">SELECT COUNT(*) FROM mytable WHERE (A=1 AND C=3) OR (B=2 AND C=3) OR (A=1 AND D=4) OR (B=2 AND D=4)
</code></pre><br>
<div class="spoiler"><b class="spoiler_title"> Oracle</b><div class="spoiler_text">  : 30<br>
<pre>-----------------------------------------------------------------------------------------
| Id  | Operation                        | Name | Rows  | Bytes | Cost (%CPU)| Time     |
-----------------------------------------------------------------------------------------
|   0 | SELECT STATEMENT                 |      |       |       |    18 (100)|          |
|   1 |  SORT AGGREGATE                  |      |     1 |    16 |            |          |
|   2 |   BITMAP CONVERSION COUNT        |      |  3010 | 48160 |    18   (0)| 00:00:01 |
|   3 |    BITMAP OR                     |      |       |       |            |          |
|   4 |     BITMAP CONVERSION FROM ROWIDS|      |       |       |            |          |
|*  5 |      INDEX RANGE SCAN            | BC   |       |       |     5   (0)| 00:00:01 |
|   6 |     BITMAP CONVERSION FROM ROWIDS|      |       |       |            |          |
|*  7 |      INDEX RANGE SCAN            | BD   |       |       |     5   (0)| 00:00:01 |
|   8 |     BITMAP CONVERSION FROM ROWIDS|      |       |       |            |          |
|*  9 |      INDEX RANGE SCAN            | AC   |       |       |     4   (0)| 00:00:01 |
|  10 |     BITMAP CONVERSION FROM ROWIDS|      |       |       |            |          |
|* 11 |      INDEX RANGE SCAN            | AD   |       |       |     4   (0)| 00:00:01 |
-----------------------------------------------------------------------------------------
Predicate Information (identified by operation id):
---------------------------------------------------
 
   5 - access("B"=2 AND "C"=3)
   7 - access("B"=2 AND "D"=4)
   9 - access("A"=1 AND "C"=3)
  11 - access("A"=1 AND "D"=4)
</pre><br>
</div></div><br>
<div class="spoiler"><b class="spoiler_title"> MS SQL</b><div class="spoiler_text">  : 60<br>
<pre>Rows	Executes  Stmt Text
0	0	  |--Compute Scalar(DEFINE:([Expr1003]=CONVERT_IMPLICIT(int,[Expr1006],0)))
1	1	       |--Stream Aggregate(DEFINE:([Expr1006]=Count(*)))
3918	1	            |--Stream Aggregate(GROUP BY:([Bmk1000]))
3951	1	                 |--Merge Join(Concatenation)
2986	1	                      |--Merge Join(Concatenation)
1978	1	                      |    |--Merge Join(Concatenation)
941	1	                      |    |    |--Index Seek(OBJECT:([test2].[dbo].[mytable].[AC]), SEEK:([test2].[dbo].[mytable].[A]=(1) AND [test2].[dbo].[mytable].[C]=(3)) ORDERED FORWARD)
1037	1	                      |    |    |--Index Seek(OBJECT:([test2].[dbo].[mytable].[BC]), SEEK:([test2].[dbo].[mytable].[B]=(2) AND [test2].[dbo].[mytable].[C]=(3)) ORDERED FORWARD)
1008	1	                      |    |--Index Seek(OBJECT:([test2].[dbo].[mytable].[AD]), SEEK:([test2].[dbo].[mytable].[A]=(1) AND [test2].[dbo].[mytable].[D]=(4)) ORDERED FORWARD)
965	1	                      |--Index Seek(OBJECT:([test2].[dbo].[mytable].[BD]), SEEK:([test2].[dbo].[mytable].[B]=(2) AND [test2].[dbo].[mytable].[D]=(4)) ORDERED FORWARD)
</pre><br>
</div></div><br>
<div class="spoiler"><b class="spoiler_title"> PostgreSQL</b><div class="spoiler_text"><pre>"Aggregate  (cost=13171.55..13171.56 rows=1 width=8) (actual time=18.442..18.443 rows=1 loops=1)"
"  -&gt;  Bitmap Heap Scan on mytable  (cost=93.97..13161.50 rows=4020 width=0) (actual time=3.493..17.545 rows=3886 loops=1)"
"        Recheck Cond: (((a = 1) AND (c = 3)) OR ((b = 2) AND (c = 3)) OR ((a = 1) AND (d = 4)) OR ((b = 2) AND (d = 4)))"
"        Heap Blocks: exact=3793"
"        -&gt;  BitmapOr  (cost=93.97..93.97 rows=4020 width=0) (actual time=1.773..1.774 rows=0 loops=1)"
"              -&gt;  Bitmap Index Scan on ac  (cost=0.00..22.76 rows=1033 width=0) (actual time=0.516..0.516 rows=993 loops=1)"
"                    Index Cond: ((a = 1) AND (c = 3))"
"              -&gt;  Bitmap Index Scan on bc  (cost=0.00..22.83 rows=1040 width=0) (actual time=0.440..0.440 rows=960 loops=1)"
"                    Index Cond: ((b = 2) AND (c = 3))"
"              -&gt;  Bitmap Index Scan on ad  (cost=0.00..22.14 rows=971 width=0) (actual time=0.224..0.224 rows=958 loops=1)"
"                    Index Cond: ((a = 1) AND (d = 4))"
"              -&gt;  Bitmap Index Scan on bd  (cost=0.00..22.20 rows=977 width=0) (actual time=0.592..0.592 rows=1020 loops=1)"
"                    Index Cond: ((b = 2) AND (d = 4))"
"Planning Time: 0.296 ms"
"Execution Time: 18.539 ms"
</pre><br>
</div></div><br>
     , SQL        .  ,  -, ,     â€” NP-       SQL , ,   . ,     JOIN,        .<br>
<br>
<a name="nullopt"></a><h3>      </h3><br>
   .      (shipmentdetail)        (sid)     (shipment_sd).     null       .      sid,     :<br>
<br>
<pre><code class="sql">SELECT COUNT(*) FROM ShipmentDetail s1, ShipmentDetail s2 WHERE s1.sd=s2.sd AND s1.id &lt;&gt; s2.id
</code></pre><br>
<div class="spoiler"><b class="spoiler_title"> MS SQL</b><div class="spoiler_text">  : 3.5<br>
<pre>Rows	Executes  Stmt Text
1	1	  |--Compute Scalar(DEFINE:([Expr1002]=CONVERT_IMPLICIT(int,[Expr1008],0)))
1	1	       |--Hash Match(Aggregate, HASH:() DEFINE:([Expr1008]=COUNT(*)))
0	1	            |--Nested Loops(Inner Join, OUTER REFERENCES:([s1].[id], [s1].[sd], [Expr1007]) WITH UNORDERED PREFETCH)
10000001	1	                 |--Index Scan(OBJECT:([test].[dbo].[shipmentdetail].[shipmentdetail_sd] AS [s1]))
0	10000001	                 |--Index Seek(OBJECT:([test].[dbo].[shipmentdetail].[shipmentdetail_sd] AS [s2]), SEEK:([s2].[sd]=[test].[dbo].[shipmentdetail].[sd] as [s1].[sd]),  WHERE:([test].[dbo].[shipmentdetail].[id] as [s1].[id]&lt;&gt;[test].[dbo].[shipmentdetail].[id] as [s2].[id]) ORDERED FORWARD)
</pre><br>
</div></div><br>
 , MS SQL,      shipmentdetail_sd,  ,      IS NOT NULL,  ,     .<br>
<br>
      ,  s1.sd  s2.sd IS NOT NULL   :<br>
<br>
<pre><code class="sql">SELECT COUNT(*) FROM ShipmentDetail s1, ShipmentDetail s2 WHERE s1.sd=s2.sd AND s1.id &lt;&gt; s2.id AND s1.sd IS NOT NULL AND s2.sd IS NOT NULL
</code></pre><br>
<div class="spoiler"><b class="spoiler_title"> MS SQL</b><div class="spoiler_text">  : 100<br>
<pre>Rows	Executes  Stmt Text
0	0	  |--Compute Scalar(DEFINE:([Expr1002]=CONVERT_IMPLICIT(int,[Expr1005],0)))
1	1	       |--Stream Aggregate(DEFINE:([Expr1005]=Count(*)))
0	1	            |--Nested Loops(Inner Join, OUTER REFERENCES:([s1].[id], [s1].[sd]))
100	1	                 |--Index Seek(OBJECT:([test].[dbo].[shipmentdetail].[shipmentdetail_sd] AS [s1]), SEEK:([s1].[sd] IsNotNull) ORDERED FORWARD)
0	100	                 |--Index Seek(OBJECT:([test].[dbo].[shipmentdetail].[shipmentdetail_sd] AS [s2]), SEEK:([s2].[sd]=[test].[dbo].[shipmentdetail].[sd] as [s1].[sd]),  WHERE:([test].[dbo].[shipmentdetail].[id] as [s1].[id]&lt;&gt;[test].[dbo].[shipmentdetail].[id] as [s2].[id] AND [test].[dbo].[shipmentdetail].[sd] as [s2].[sd] IS NOT NULL) ORDERED FORWARD)
</pre><br>
</div></div><br>
 PostgreSQL  ,        ,       ,     merge join , ,     NULL  ( ,   MS SQL   ,   ):<br>
<br>
<div class="spoiler"><b class="spoiler_title"> PostgreSQL</b><div class="spoiler_text"><pre>"Aggregate  (cost=1216467.81..1216467.82 rows=1 width=8) (actual time=1.021..1.021 rows=1 loops=1)"
"  -&gt;  Merge Join  (cost=0.87..1216467.81 rows=1 width=0) (actual time=1.017..1.017 rows=0 loops=1)"
"        Merge Cond: (s1.sd = s2.sd)"
"        Join Filter: (s1.id &lt;&gt; s2.id)"
"        Rows Removed by Join Filter: 100"
"        -&gt;  Index Scan using shipmentdetail_sd on shipmentdetail s1  (cost=0.43..583234.26 rows=9999855 width=8) (actual time=0.047..0.136 rows=101 loops=1)"
"        -&gt;  Index Scan using shipmentdetail_sd on shipmentdetail s2  (cost=0.43..583234.26 rows=9999855 width=8) (actual time=0.015..0.757 rows=101 loops=1)"
"Planning Time: 0.332 ms"
"Execution Time: 1.089 ms"
</pre><br>
</div></div><br>
,    estimate  cost,  ,  PostgreSQL       . ,  -    , ,  â€”     &gt; 7<br>
<br>
<pre><code class="sql">SELECT COUNT(*) FROM shipmentDetail s1, shipmentDetail s2 WHERE s1.sd=s2.sd AND s1.id &lt;&gt; s2.id AND s1.quantity &gt; 7 AND s2.quantity &gt; 7;
</code></pre><br>
    ,    MS SQL:<br>
<br>
<div class="spoiler"><b class="spoiler_title"> PostgreSQL</b><div class="spoiler_text"><pre>"Aggregate  (cost=1165667.15..1165667.16 rows=1 width=8) (actual time=5203.586..5203.586 rows=1 loops=1)"
"  -&gt;  Merge Join  (cost=1128001.01..1165667.15 rows=1 width=0) (actual time=5203.580..5203.580 rows=0 loops=1)"
"        Merge Cond: (s1.sd = s2.sd)"
"        Join Filter: (s1.id &lt;&gt; s2.id)"
"        Rows Removed by Join Filter: 29"
"        -&gt;  Sort  (cost=564000.51..571533.73 rows=3013290 width=8) (actual time=2802.648..2802.658 rows=30 loops=1)"
"              Sort Key: s1.sd"
"              Sort Method: external merge  Disk: 41120kB"
"              -&gt;  Seq Scan on shipmentdetail s1  (cost=0.00..198528.19 rows=3013290 width=8) (actual time=0.051..2193.193 rows=2999089 loops=1)"
"                    Filter: (quantity &gt; '7'::numeric)"
"                    Rows Removed by Filter: 7000912"
"        -&gt;  Materialize  (cost=564000.51..579066.96 rows=3013290 width=8) (actual time=2400.884..2400.894 rows=30 loops=1)"
"              -&gt;  Sort  (cost=564000.51..571533.73 rows=3013290 width=8) (actual time=2400.876..2400.882 rows=30 loops=1)"
"                    Sort Key: s2.sd"
"                    Sort Method: external merge  Disk: 41120kB"
"                    -&gt;  Seq Scan on shipmentdetail s2  (cost=0.00..198528.19 rows=3013290 width=8) (actual time=0.033..1833.562 rows=2999089 loops=1)"
"                          Filter: (quantity &gt; '7'::numeric)"
"                          Rows Removed by Filter: 7000912"
"Planning Time: 0.398 ms"
"Execution Time: 5233.873 ms"
</pre><br>
</div></div><br>
         ,  s1.sd  s2.sd IS NOT NULL:<br>
<br>
<pre><code class="sql">SELECT COUNT(*) FROM shipmentDetail s1, shipmentDetail s2 WHERE s1.sd=s2.sd AND s1.id &lt;&gt; s2.id AND s1.quantity &gt; 7 AND s2.quantity &gt; 7 AND s1.sd IS NOT NULL AND s2.sd IS NOT NULL
</code></pre><br>
<div class="spoiler"><b class="spoiler_title"> PostgreSQL</b><div class="spoiler_text"><pre>"Aggregate  (cost=16.93..16.94 rows=1 width=8) (actual time=4.624..4.624 rows=1 loops=1)"
"  -&gt;  Nested Loop  (cost=0.87..16.93 rows=1 width=0) (actual time=4.617..4.617 rows=0 loops=1)"
"        Join Filter: ((s1.id &lt;&gt; s2.id) AND (s1.sd = s2.sd))"
"        Rows Removed by Join Filter: 841"
"        -&gt;  Index Scan using shipmentdetail_sd on shipmentdetail s1  (cost=0.43..8.46 rows=1 width=8) (actual time=0.055..0.201 rows=29 loops=1)"
"              Index Cond: (sd IS NOT NULL)"
"              Filter: (quantity &gt; '7'::numeric)"
"              Rows Removed by Filter: 71"
"        -&gt;  Index Scan using shipmentdetail_sd on shipmentdetail s2  (cost=0.43..8.46 rows=1 width=8) (actual time=0.013..0.142 rows=29 loops=29)"
"              Index Cond: (sd IS NOT NULL)"
"              Filter: (quantity &gt; '7'::numeric)"
"              Rows Removed by Filter: 71"
"Planning Time: 0.570 ms"
"Execution Time: 4.705 ms"
</pre><br>
</div></div><br>
Oracle â€” ,            :<br>
<br>
<div class="spoiler"><b class="spoiler_title"> Oracle</b><div class="spoiler_text">  : 30<br>
<pre>------------------------------------------------------------------------------------------------------------
| Id  | Operation                              | Name              | Rows  | Bytes | Cost (%CPU)| Time     |
------------------------------------------------------------------------------------------------------------
|   0 | SELECT STATEMENT                       |                   |       |       |   201 (100)|          |
|   1 |  SORT AGGREGATE                        |                   |     1 |    16 |            |          |
|   2 |   NESTED LOOPS                         |                   |    99 |  1584 |   201   (0)| 00:00:01 |
|   3 |    NESTED LOOPS                        |                   |   100 |  1584 |   201   (0)| 00:00:01 |
|   4 |     TABLE ACCESS BY INDEX ROWID BATCHED| SHIPMENTDETAIL    |   100 |   800 |   101   (0)| 00:00:01 |
|*  5 |      INDEX FULL SCAN                   | SHIPMENTDETAIL_SD |   100 |       |     1   (0)| 00:00:01 |
|*  6 |     INDEX RANGE SCAN                   | SHIPMENTDETAIL_SD |     1 |       |     0   (0)|          |
|*  7 |    TABLE ACCESS BY INDEX ROWID         | SHIPMENTDETAIL    |     1 |     8 |     1   (0)| 00:00:01 |
------------------------------------------------------------------------------------------------------------
Predicate Information (identified by operation id):
---------------------------------------------------
 
   5 - filter("S1"."SD" IS NOT NULL)
   6 - access("S1"."SD"="S2"."SD")
       filter("S2"."SD" IS NOT NULL)
   7 - filter("S1"."ID"&lt;&gt;"S2"."ID")
</pre><br>
</div></div><br>
<a name="lastopt"></a><h3>      </h3><br>
         OLTP - â€”      (,  1      ).    - ,        ,      SQL    ,     . <br>
<br>
, ,        .    ,           ( , ,  ). ,      stackoverflow â€”  :<br>
<br>
<pre><code class="sql">SELECT MAX(shipment) AS ls FROM ShipmentDetail s WHERE s.product = 123
</code></pre><br>
    ,     product, shipment,  ,        ,        ( ,   PostgreSQL):<br>
<br>
<div class="spoiler"><b class="spoiler_title">  MSSQL</b><div class="spoiler_text">  : 70<br>
<pre>Rows	Executes  Stmt Text
1	1	  |--Stream Aggregate(DEFINE:([Expr1001]=MAX([test].[dbo].[shipmentdetail].[shipment] as [s].[shipment])))
1	1	       |--Top(TOP EXPRESSION:((1)))
1	1	            |--Index Seek(OBJECT:([test].[dbo].[shipmentdetail].[shipmentdetail_p_s] AS [s]), SEEK:([s].[product]=(123)) ORDERED BACKWARD)
</pre><br>
</div></div><br>
<div class="spoiler"><b class="spoiler_title">  Oracle</b><div class="spoiler_text">  : 30<br>
<pre>---------------------------------------------------------------------------------------------------
| Id  | Operation                    | Name               | Rows  | Bytes | Cost (%CPU)| Time     |
---------------------------------------------------------------------------------------------------
|   0 | SELECT STATEMENT             |                    |       |       |     3 (100)|          |
|   1 |  SORT AGGREGATE              |                    |     1 |    10 |            |          |
|   2 |   FIRST ROW                  |                    |     1 |    10 |     3   (0)| 00:00:01 |
|*  3 |    INDEX RANGE SCAN (MIN/MAX)| SHIPMENTDETAIL_P_S |     1 |    10 |     3   (0)| 00:00:01 |
---------------------------------------------------------------------------------------------------
Predicate Information (identified by operation id):
---------------------------------------------------
 
   3 - access("S"."PRODUCT"=123)
</pre><br>
</div></div><br>
<div class="spoiler"><b class="spoiler_title">  PostgreSQL</b><div class="spoiler_text"><pre>"Result  (cost=4.47..4.48 rows=1 width=4) (actual time=0.173..0.174 rows=1 loops=1)"
"  InitPlan 1 (returns $0)"
"    -&gt;  Limit  (cost=0.43..4.47 rows=1 width=4) (actual time=0.165..0.166 rows=1 loops=1)"
"          -&gt;  Index Only Scan Backward using shipmentdetail_p_s on shipmentdetail s  (cost=0.43..808.43 rows=200 width=4) (actual time=0.163..0.163 rows=1 loops=1)"
"                Index Cond: ((product = 123) AND (shipment IS NOT NULL))"
"                Heap Fetches: 1"
"Planning Time: 0.949 ms"
"Execution Time: 0.241 ms"
</pre><br>
</div></div><br>
 ,     SQL    ,       (FIRST ROW â€” Oracle, LIMIT â€” MS SQL  PostgreSQL).<br>
<br>
            ,    , ,  ,   Product 86 (PostgreSQL    ,   JPPD    ).<br>
<br>
  Oracle.<br>
<br>
<pre><code class="sql">SELECT SUM(cc.ls) 
        FROM Product pr
        LEFT JOIN (SELECT MAX(shipment) AS ls, s.product
            FROM shipmentDetail s
            GROUP BY s.product) cc ON cc.product=pr.id
        WHERE pr.name LIKE 'Product 86%';
</code></pre><br>
<div class="spoiler"><b class="spoiler_title">  Oracle</b><div class="spoiler_text">  : 60<br>
<pre>--------------------------------------------------------------------------------------------
| Id  | Operation             | Name               | Rows  | Bytes | Cost (%CPU)| Time     |
--------------------------------------------------------------------------------------------
|   0 | SELECT STATEMENT      |                    |       |       |   120 (100)|          |
|   1 |  SORT AGGREGATE       |                    |     1 |    13 |            |          |
|   2 |   VIEW                | VM_NWVW_1          |  4898 | 63674 |   120   (2)| 00:00:01 |
|   3 |    HASH GROUP BY      |                    |  4898 |   157K|   120   (2)| 00:00:01 |
|   4 |     NESTED LOOPS      |                    |  4898 |   157K|   118   (0)| 00:00:01 |
|*  5 |      TABLE ACCESS FULL| PRODUCT            |    25 |   575 |    68   (0)| 00:00:01 |
|*  6 |      INDEX RANGE SCAN | SHIPMENTDETAIL_P_S |   198 |  1980 |     2   (0)| 00:00:01 |
--------------------------------------------------------------------------------------------
Predicate Information (identified by operation id):
---------------------------------------------------
 
   5 - filter("PR"."NAME" LIKE 'Product 86%')
   6 - access("S"."PRODUCT"="PR"."ID")
</pre><br>
</div></div><br>
    ,    ,      ,    ,    .<br>
<br>
       .<br>
<br>
<pre><code class="sql">SELECT MAX(cc.ls) 
        FROM Product pr
        LEFT JOIN (SELECT MAX(shipment) AS ls, s.product
            FROM shipmentDetail s
            GROUP BY s.product) cc ON cc.product=pr.id
</code></pre><br>
<div class="spoiler"><b class="spoiler_title">  Oracle</b><div class="spoiler_text">  : 2.6<br>
<pre>-------------------------------------------------------------------------------------------------------
| Id  | Operation                | Name               | Rows  | Bytes |TempSpc| Cost (%CPU)| Time     |
-------------------------------------------------------------------------------------------------------
|   0 | SELECT STATEMENT         |                    |       |       |       | 22222 (100)|          |
|   1 |  SORT AGGREGATE          |                    |     1 |    31 |       |            |          |
|   2 |   NESTED LOOPS SEMI      |                    | 50001 |  1513K|       | 22222   (2)| 00:00:01 |
|   3 |    VIEW                  |                    | 50536 |  1283K|       | 22219   (2)| 00:00:01 |
|   4 |     HASH GROUP BY        |                    | 50536 |   493K|   191M| 22219   (2)| 00:00:01 |
|   5 |      INDEX FAST FULL SCAN| SHIPMENTDETAIL_P_S |    10M|    95M|       |  7871   (1)| 00:00:01 |
|*  6 |    INDEX UNIQUE SCAN     | SYS_C007890        | 49472 |   241K|       |     0   (0)|          |
-------------------------------------------------------------------------------------------------------
Predicate Information (identified by operation id):
---------------------------------------------------
 
   6 - access("CC"."PRODUCT"="PR"."ID")
</pre><br>
</div></div><br>
 , Oracle,       ,    Hash Group By  JPPD (, ,      )       .    ,      subquery expressions  ORDER BY  rownum=1 (      Oracle,     ),    :<br>
<br>
<pre><code class="sql">SELECT MAX(l) FROM (SELECT (SELECT shipment FROM (SELECT shipment FROM ShipmentDetail s WHERE s.product = pr.id ORDER BY s.shipment DESC) s WHERE rownum = 1) AS l FROM product pr)
</code></pre><br>
<div class="spoiler"><b class="spoiler_title">  Oracle</b><div class="spoiler_text">  : 300<br>
<pre>----------------------------------------------------------------------------------------------------
| Id  | Operation                     | Name               | Rows  | Bytes | Cost (%CPU)| Time     |
----------------------------------------------------------------------------------------------------
|   0 | SELECT STATEMENT              |                    |       |       |   139K(100)|          |
|*  1 |  COUNT STOPKEY                |                    |       |       |            |          |
|   2 |   VIEW                        |                    |     2 |    26 |     3   (0)| 00:00:01 |
|*  3 |    INDEX RANGE SCAN DESCENDING| SHIPMENTDETAIL_P_S |   198 |  1980 |     3   (0)| 00:00:01 |
|   4 |  SORT AGGREGATE               |                    |     1 |     5 |            |          |
|   5 |   INDEX FAST FULL SCAN        | SYS_C007890        | 50001 |   244K|    27   (0)| 00:00:01 |
----------------------------------------------------------------------------------------------------
Predicate Information (identified by operation id):
---------------------------------------------------
 
   1 - filter(ROWNUM=1)
   3 - access("S"."PRODUCT"=:B1)
</pre><br>
</div></div><br>
      ,    10  .  Oracle    ,               JPPD â€” .                 . ,         Â«Â» (     ,      ),        ,       ,    Oracle.           ,   ,      ,  ,     .<br>
<br>
  MS SQL,       MS SQL  ,   Oracle ,    . MS SQL   Top 1  :<br>
<br>
<div class="spoiler"><b class="spoiler_title"> MS SQL</b><div class="spoiler_text">  : 300<br>
<pre>Rows	Executes  Stmt Text
1	1	  |--Hash Match(Aggregate, HASH:() DEFINE:([Expr1005]=MAX([Expr1003])))
50001	1	       |--Nested Loops(Left Outer Join, OUTER REFERENCES:([pr].[id]))
50001	1	            |--Index Scan(OBJECT:([test].[dbo].[product].[product_group] AS [pr]))
0	0	            |--Compute Scalar(DEFINE:([Expr1003]=[test].[dbo].[shipmentdetail].[shipment] as [s].[shipment]))
50000	50001	                 |--Top(TOP EXPRESSION:((1)))
50000	50001	                      |--Index Seek(OBJECT:([test].[dbo].[shipmentdetail].[shipmentdetail_p_s] AS [s]), SEEK:([s].[product]=[test].[dbo].[product].[id] as [pr].[id]) ORDERED BACKWARD)
</pre><br>
</div></div><br>
      . ,   JOIN  LEFT  INNER,  Top 1    (    ,   SQL       ),      ,    Oracle:<br>
<br>
<div class="spoiler"><b class="spoiler_title"> MS SQL</b><div class="spoiler_text">  : 2.8<br>
<pre>Rows	Executes  Stmt Text
1	1	  |--Hash Match(Aggregate, HASH:() DEFINE:([Expr1003]=MAX([Expr1002])))
50000	1	       |--Stream Aggregate(GROUP BY:([s].[product]) DEFINE:([Expr1002]=MAX([test].[dbo].[shipmentdetail].[shipment] as [s].[shipment])))
10000001	1	            |--Index Scan(OBJECT:([test].[dbo].[shipmentdetail].[shipmentdetail_p_s] AS [s]), ORDERED FORWARD)
</pre><br>
</div></div><br>
    MS SQL  INNER JOIN   MAX    LEFT JOIN.           Oracle (,   ,  JOIN   MAX    subquery expression  rownum=1).<br>
<br>
  ,     ,    MAX / MIN     .  ,   :<br>
<br>
<ul>
<li>     ,        (    )<br>
</li>
<li>        :      ,     ,    (  ,      ). <br>
</li>
</ul><br>
     :<br>
<br>
<ul>
<li>  ,      stackoverflow,     ,       <br>
</li>
<li> custom aggregate  LAST,     ,     MS SQL,      C#,            (   , ,       - )<br>
</li>
</ul><br>
  ,         . ,    JPPD    .   custom aggregate        FIRST ROW / LIMIT 1. ,       ,       .          .          ,    - ,       -    (  -   ,    )       , , -,       ,    ,  -,        SQL ,  ,   ,       .<br>
<br>
<a name="nplusone"></a><h3> N+1</h3><br>
  ,      SQL (    PL/SQL, T-SQL  ..),              ,    .  ,  ,   .      SQL  N+1          ORM-.<br>
<br>
,     :<br>
<br>
<pre><code class="sql">   -- 
   CREATE PROCEDURE TestProcedure 
   (
        -- 
        @CategoryId INT,
        @ProductName VARCHAR(100),
        @Price MONEY = 0
   )
   AS
   BEGIN
        --,   
        
        --  
        --         
        SET @ProductName = LTRIM(RTRIM(@ProductName));
        
        --  
        INSERT INTO TestTable(CategoryId, ProductName, Price)
                VALUES (@CategoryId, @ProductName, @Price)

        -- 
        SELECT * FROM TestTable
        WHERE CategoryId = @CategoryId
   END

   GO
</code></pre><br>
        1000 .      : <br>
<br>
<ul>
<li>       1000 INSERT  1000 SELECT.<br>
</li>
<li>   ,      /           ,     ,  DRY .<br>
</li>
</ul><br>
,        ,         /  ,  ,  ,   .<br>
<br>
       - workaround,      SQL    .    ,     , ,  .     N+1  SQL    per statement (  per row), :<br>
<br>
<ul>
<li> Oracle  PostgreSQL         ,         .<br>
</li>
<li> MS SQL  per statement     inserted  deleted,   ,   .      N+1,  ,        . <br>
</li>
</ul><br>
,  ,   MS SQL      inserted  deleted,    ,           (, ,          N+1   ),        N+1        -   SQL-.     MS SQL   Oracle ( ,     ,     Oracle     ).<br>
<br>
UPD:     ,  PostgreSQL   10     transition  (new_table  old_table),    inserted  deleted  MS SQL.<br>
<br>
<a name="physmodel"></a><h3>     </h3><br>
       , ,  ,  ,    : Â«     Â».   ,   Â« Â»   ,      .<br>
<br>
   Â« Â»     ,       Â«Â».         ,    ,          - .   â€”       (   ),          - (   ).  ,    ,     .  ,  -    ,     ,       . ,          (  )     . <br>
<br>
 Â« Â»       .      ,  /     SQL- â€”       .   .                         , ,  ,       , ,      ,  ,   . , ,   ,  ,     , ,      ,      ,    ( , ,   ),        FULL JOIN  ..         ,  ,  . <br>
<br>
 ,  ,       ,       ,     ,            .<br>
<br>
<a name="manyjoins"></a><h3>       JOIN</h3><br>
  SQL      ( ,   JOIN)    Cost-Based Optimizer (CBO).         ,        ,         ,            â€”       .  ,     ,   CBO     join'.  ,     ,   ,       â€” O(n!).      join'      48 . ,       ,         .    SQL     join'    .      SQL   . ,  PostgreSQL GEQO      .  ,        ,        8 join'  ,      ,            .<br>
<br>
,  ,       join    :    lookahead'     join,     cost-based       join (   join,   ). , MS SQL  Oracle   ,   -         (   PostgreSQL).   -  :<br>
<blockquote>This heuristic uses sophisticated methods for instantaneously finding particular<br>
plans in the search space which are likely to be nearly optimal or, at least, very<br>
good execution plans.</blockquote>,  ,     MS SQL  Oracle    (         ,   ),   ,  ,  -         .<br>
<br>
<a name="inherit"></a><h3>   </h3><br>
   (      subtype )     SQL ,      ,           ,     ,      ,    (    , ,     ,  ,  ,  ).<br>
<br>
           ,      ,                 Â«-Â».<br>
<br>
,       SQL .<br>
<br>
 MS SQL   â€”       ,    . <br>
<br>
 PostgreSQL    ,    .  ,         ,   PostgreSQL    â€” . <br>
<br>
,      ,   SQL,  ,        ,      UNION'   ,   - :<br>
<br>
<pre><code class="sql">CREATE ABSTRACT VIEW detail (document LONG, quantity NUMBER);

EXTEND VIEW Detail
	SELECT receipt AS document, quantity FROM receiptDetail;
â€¦
EXTEND VIEW X
	SELECT shipment AS document, quantity FROM shipmentDetail;
</code></pre><br>
     PostgreSQL,    SQL  .<br>
<br>
 Oracle   Â«  Â»: <br>
<br>
<ul>
<li>      ,   <br>
</li>
<li>        .<br>
</li>
</ul><br>
,   ,  . -,   (MEMBER FUNCTION / PROCEDURE)    N+1. -, ,        (,   ). , ,     ,   ,     .     ?      generics   ,       ,   ,       SQL  â€” .  ,     ,  .  ,       Oracle    ,      â€”   ,           .<br>
<br>
<a name="abst"></a><h3>   </h3><br>
 , SQL â€”   ,      .       ,  ,      ( ),  ,       ,     ( )   ( ).            ,        ,      .  ,   â€”     , ,  ,       (  ,         ).       ,      SQL,   ,  .      Â« Â» :     â€”    ,   â€”     . ,  ,      ,   LEFT JOIN         ,     .      ,        .      : Â«She understands, she doesn't comprehendÂ».       SQL,  ,   ,       ,       PostgreSQL,  ,       Release Notes (      join'  =,     )<br>
<br>
,     ,     SQL    â€”  , ,   â€”    . ,        <a href="https://translate.googleusercontent.com/translate_c?depth=1&amp;rurl=translate.google.com&amp;sl=ru&amp;sp=nmt4&amp;tl=ar&amp;u="></a>,         2* (      )<br>
<br>
<b> </b><br>
<br>
<pre><code class="sql">SELECT Person a, Person b, Person c WHERE 
    likes(a, c) AND NOT friends(a, c) AND 
    (friends(a, b) OR friends(b, a)) AND 
    (friends(b, c) OR friends(c, b));
</code></pre><br>
<b> </b><br>
<br>
<pre><code class="sql">WITH PersonRelationShipCollapsed AS (
  SELECT pl.PersonAID
        ,pl.PersonBID
        ,pl.Relation 
  FROM #PersonRelationShip      AS pl 
  
  UNION 

  SELECT pl.PersonBID AS PersonAID
        ,pl.PersonAID AS PersonBID
        ,pl.Relation
  FROM #PersonRelationShip      AS pl 
)
SELECT 
   pl.PersonAID
  ,pf.PersonBID
  ,pff.PersonBID
FROM #Persons                      AS p
--                      
JOIN PersonRelationShipCollapsed  AS pl ON pl.PersonAID = p.PersonID
                                 AND pl.Relation  = 'Like'                                  
--                          
JOIN PersonRelationShipCollapsed  AS pf ON pf.PersonAID = p.PersonID 
                                 AND pf.Relation = 'Friend'
--                    
JOIN PersonRelationShipCollapsed  AS pff ON pff.PersonAID = pf.PersonBID
                                 AND pff.PersonBID = pl.PersonBID
                                 AND pff.Relation = 'Friend'
--                     
LEFT JOIN PersonRelationShipCollapsed AS pnf ON pnf.PersonAID = p.PersonID
                                   AND pnf.PersonBID = pff.PersonBID
                                   AND pnf.Relation = 'Friend'
WHERE pnf.[PersonAID] IS NULL 
</code></pre><br>
     ,     .<br>
<br>
<a name="ao"></a><h3> (AO)</h3><br>
               / . ,       ,       ,        ,      ( )   (nested loop join),   ,  ,   hash  merge join.   ,   ,   ,       ?  -,  .       ,         ,       ,    10 .        SQL     100  (    ),        (   ),     (   ,   ).     SQL     ,          .     SQL     (,  ,      , cross-column ,    ..),                     .<br>
<br>
       , SQL    :       , ,  ,     nested loop join,       (  adaptive join),  ,       .  ,        Â«Â»  â€”       nested loop join. ,    JPPD,  AO   .<br>
<br>
<a name="commao"></a><h3>AO:     </h3><br>
     PostgreSQL. ,   MSSQL     2  ,      PostgreSQL     .    ,  PostgreSQL  . ,  PostgreSQL   selectivity,     0.3 (      ), ,         ,        selectivity.  ,    ,       ,  , ,     (         Â«Â»),       . <br>
<br>
  ,    JPPD   GEQO,     ,  PostgreSQL      .    AO,         .<br>
<br>
<a name="incorrao"></a><h3>AO:      </h3><br>
   join'   ,      :<br>
<blockquote>This means that a threshold depends on the estimates, so accurate estimates are still important. </blockquote>       ,    ,   join  ,   SQL ,  ,    ,    .<br>
<br>
     ,  join         ,        Â«Â» join.  ,  SQL   ,   :<br>
<blockquote>Adaptive plans do not allow the join order to be altered, so even if a better join method or parallel distribution method is used, the execution plan may still be sub-optimal.</blockquote>        Oracle  adaptive join       (adaptive statistics).          join,          ,    . ,       :<br>
<br>
<ul>
<li>       ( ,    ,  ,    ,      ,  ,     )<br>
</li>
<li>            (  99%     ),     .   ,   Oracle           OLTP .<br>
<blockquote>The reasoning for this is many of these optimizations are more appropriate for data warehousing, where there optimization time is is a small proportion of the query runtime. In OLTP environments, where SQL runtime is typically smaller, the additional optimization time may become a significant part of the elapsed time, for little extra benefit.</blockquote></li>
</ul><br>
               .     ,        (  ),     ,  ,      (   ),        .               ,            . ,      ,         ..       .<br>
<br>
, ,  ,        :<br>
<br>
<ul>
<li>       <a href="https://translate.googleusercontent.com/translate_c?depth=1&amp;rurl=translate.google.com&amp;sl=ru&amp;sp=nmt4&amp;tl=ar&amp;u=">Â«JPPD   Â»</a> (       ,     ),      ,      ,    . ,       JPPD.<br>
</li>
<li>     ,   , ,  ,    . ,    ,   ,    update conflict  dead lock,        ( , ,      ,      ).<br>
</li>
</ul><br>
,         . , ,           join,        .  ,    SQL ,     , ,   ,  ,    ,      .   ,     join'     ,  ,  ,  . <br>
<br>
<h3></h3><br>
 ,  SQL        ,        ,       â€”  .        ,           Linux â€”       ,     .<br>
<br>
PostgreSQL         (  JPPD),    Â« Â»     -,      MS SQL  Oracle, ,  ,    .   ,  -      (  PostgreSQL),     :<br>
<br>
<ul>
<li>      ORM,   , ,   ,          . <br>
</li>
<li> PostgreSQL  ,       100 ,     ,  : â€œ       ,  MS SQL  Oracleâ€. - , ,     . ,    ,       Oracle  PostgreSQL              Oracle (   ).        : Â« ?    PostgreSQL  ,        Â»<br>
</li>
</ul><br>
  ,       .    DBA    â€”    (   /  ,    )    . ,   DBA â€”    ,       , , ,     KPI   Â«   ,    MS SQL/Oracle ,   -Â»     .       ,    â€”   /   .<br>
<br>
    ,     ,    . ,  ,      ,    ,      . , ,    ,    ,            .       Â«   Â». ,      ,     ,  Â«-   Â».      .<br>
<br>
 ,  ,  .       <a href="https://translate.googleusercontent.com/translate_c?depth=1&amp;rurl=translate.google.com&amp;sl=ru&amp;sp=nmt4&amp;tl=ar&amp;u=">lsFusion</a>,      .   () ,       , JPPD   ,   ,       ,      ,        ,     â€”     .             ,     SQL         .<br>
<br>
, ,  ,   lsFusion      DBMS, ,  ,          . ,   (   JOIN â€” loop/hash/merge,  ACID  ..) lsFusion       RDBMS,        lsFusion,     (  , ). ,    , ,          lsFusion,   RDBMS       â€” PostgreSQL.     lsFusion         PostgreSQL,   Â«Â» MS SQL  Oracle,   ,    .  ,        14    ,   lsFusion + PostgreSQL  . ,       ,           MS SQL  Oracle   ,           ,  ,  ,      .    - -   ,      ,     .<br></div>
      
    </div><p>Source: <a rel="nofollow" href="https://habr.com/ru/post/ar463095/">https://habr.com/ru/post/ar463095/</a></p>
<section class="more-articles-navigation-panel js-more-articles-navigation-panel">
<h4>More articles:</h4>
<nav class="list-of-articles-container js-list-of-articles-container"><ul class="list-of-pages js-list-of-pages">
<li><a href="../ar463073/index.html">QUIC ÙÙŠ Ø§Ù„Ø¹Ù…Ù„: ÙƒÙŠÙ Ù†ÙØ°Ù‡Ø§ Uber Ù„ØªØ­Ø³ÙŠÙ† Ø§Ù„Ø£Ø¯Ø§Ø¡</a></li>
<li><a href="../ar463075/index.html">ØªØ±Ø§Ø®ÙŠØµ Ø¬Ø¯ÙŠØ¯Ø© Ù…ÙØªÙˆØ­Ø© Ø§Ù„Ù…ØµØ¯Ø±</a></li>
<li><a href="../ar463083/index.html">Ø­Ù…Ø§ÙŠØ© Ø§Ù„Ù†Ø³Ø® Ø§Ù„Ø§Ø­ØªÙŠØ§Ø·ÙŠØ© ÙÙˆÙ†</a></li>
<li><a href="../ar463085/index.html">Ù‚ÙØµ Ø§Ù„ÙˆØµÙˆÙ„ Ø¹Ù† Ø¨Ø¹Ø¯ Ù†Ø¸Ø§Ù… Ø§Ù„Ù…Ù„ÙØ§Øª</a></li>
<li><a href="../ar463089/index.html">ØªØ·Ø¨ÙŠÙ‚ Ù†Ø¸Ø§Ù… Ø¨Ø­Ø« Ø´Ø±ÙƒØ© Ù„Ù„Ù…ØµÙ…Ù…ÙŠÙ† Ø§Ù„Ù…ÙŠÙƒØ§Ù†ÙŠÙƒÙŠÙŠÙ† Ø¨Ø§Ø³ØªØ®Ø¯Ø§Ù… Ù…Ù†ØµØ© ÙƒÙˆØ¯ Ù…Ù†Ø®ÙØ¶</a></li>
<li><a href="../ar463097/index.html">Ø§Ù†ØªÙ‚Ù„ ØªØ·ÙˆÙŠØ± Ø§Ù„Ù…Ù†ØªØ¬: ØªØ§Ø±ÙŠØ® Ù…Ø´Ø±ÙˆØ¹ ÙˆØ§Ø­Ø¯</a></li>
<li><a href="../ar463099/index.html">1000 Ùˆ 1 Ø±Ø¯ÙˆØ¯ Ø§Ù„ÙØ¹Ù„. ÙƒÙŠÙÙŠØ© Ø¥Ø¹Ø·Ø§Ø¡ Ù…Ù„Ø§Ø­Ø¸Ø§Øª ÙˆØªØ¹Ù„ÙŠÙ… Ø§Ù„Ø¢Ø®Ø±ÙŠÙ† ØŒ ØªØ¬Ø±Ø¨Ø© Lamoda</a></li>
<li><a href="../ar463101/index.html">Ø¥Ø¯Ø§Ø±Ø© Ù…Ø¦Ø§Øª Ø§Ù„Ø®ÙˆØ§Ø¯Ù… Ù„Ø§Ø®ØªØ¨Ø§Ø± Ø§Ù„Ø­Ù…Ù„: autoscaling ØŒ ÙˆÙ…Ø±Ø§Ù‚Ø¨Ø© Ù…Ø®ØµØµØ© ØŒ ÙˆØ«Ù‚Ø§ÙØ© DevOps</a></li>
<li><a href="../ar463105/index.html">Ù„ÙŠ Ø§Ù„ÙŠÙˆÙ… Ø§Ù„Ø±Ø§Ø¨Ø¹ Ù…Ø¹ Ù‡Ø§ÙŠÙƒÙˆ: Ù…Ø´Ø§ÙƒÙ„ Ø§Ù„ØªØ«Ø¨ÙŠØª ÙˆØ§Ù„ØªÙ…Ù‡ÙŠØ¯</a></li>
<li><a href="../ar463107/index.html">ShIoTiny: Ø£ØªÙ…ØªØ© ØµØºÙŠØ±Ø© ØŒ Ø¥Ù†ØªØ±Ù†Øª Ø§Ù„Ø£Ø´ÙŠØ§Ø¡ ØŒ Ø£Ùˆ "Ø³ØªØ© Ø£Ø´Ù‡Ø± Ù‚Ø¨Ù„ Ø§Ù„Ø¥Ø¬Ø§Ø²Ø§Øª"</a></li>
</ul></nav>
</section><br />
<a href="../../allArticles.html"><strong>All Articles</strong></a>
<script src="../../js/main.js"></script>

<!-- Yandex.Metrika counter -->
<script type="text/javascript" >
  (function (d, w, c) {
      (w[c] = w[c] || []).push(function() {
          try {
              w.yaCounter57283870 = new Ya.Metrika({
                  id:57283870,
                  clickmap:true,
                  trackLinks:true,
                  accurateTrackBounce:true,
                  webvisor:true
              });
          } catch(e) { }
      });

      var n = d.getElementsByTagName("script")[0],
          s = d.createElement("script"),
          f = function () { n.parentNode.insertBefore(s, n); };
      s.type = "text/javascript";
      s.async = true;
      s.src = "https://mc.yandex.ru/metrika/watch.js";

      if (w.opera == "[object Opera]") {
          d.addEventListener("DOMContentLoaded", f, false);
      } else { f(); }
  })(document, window, "yandex_metrika_callbacks");
</script>
<noscript><div><img src="https://mc.yandex.ru/watch/57283870" style="position:absolute; left:-9999px;" alt="" /></div></noscript>

<!-- Google Analytics -->
  <script>
    window.ga = function () { ga.q.push(arguments) }; ga.q = []; ga.l = +new Date;
    ga('create', 'UA-134228602-6', 'auto'); ga('send', 'pageview')
  </script>
  <script src="https://www.google-analytics.com/analytics.js" async defer></script>

</section>

<footer class="page-footer">
  <div class="page-footer-legal-info-container page-footer-element">
    <p>
      Weekly-Geekly ES | <span class="page-footer-legal-info-year js-page-footer-legal-info-year">2019</span>
    </p>
  </div>
  <div class="page-footer-counters-container page-footer-element">
    <a class="page-footer-counter-clustrmap" href='#'  title='Visit tracker'><img src='https://clustrmaps.com/map_v2.png?cl=698e5a&w=271&t=t&d=9uU9J9pq8z7k8xEBHYSfs6DenIBAHs3vLIHcPIJW9d0&co=3a3a3a&ct=ffffff'/></a>
  </div>
</footer>
  
</body>

</html>