<!doctype html>
<html class="no-js" lang="en">

<head>
  <!-- Global site tag (gtag.js) - Google Analytics -->
  <script async src="https://www.googletagmanager.com/gtag/js?id=UA-134228602-6"></script>
  <script>
    window.dataLayer = window.dataLayer || [];
    function gtag(){dataLayer.push(arguments);}
    gtag('js', new Date());

    gtag('config', 'UA-134228602-6');
  </script>

  <meta charset="utf-8">
  <meta http-equiv="x-ua-compatible" content="ie=edge">
  <title>➖ 👨🏽‍🔬 🚸 De quoi EXPLAIN est muet et comment en parler 👩🏻‍⚕️ 🌏 👨‍🎓</title>
  <link rel="icon" type="image/x-icon" href="/favicon.ico" />
  <meta name="description" content="La question classique qu'un développeur pose à son administrateur de base de données ou à un propriétaire d'entreprise, un consultant PostgreSQL, sonn...">
  <meta name="viewport" content="width=device-width, initial-scale=1, shrink-to-fit=no">

  <link rel="stylesheet" href="../../css/main.css">

  <link href="https://fonts.googleapis.com/css?family=Quicksand&display=swap" rel="stylesheet">

  <script src="https://cdnjs.cloudflare.com/ajax/libs/jquery/3.3.1/jquery.min.js"></script>
  <script>window.jQuery || document.write('<script src="../../js/vendors/jquery-3.3.1.min.js"><\/script>')</script>

  <script>document.write('<script src="//pagea' + 'd2.googles' + 'yndication.com/pagea' + 'd/js/a' + 'dsby' + 'google.js"><\/script>')</script>
  <script>
        var superSpecialObject = {};
        superSpecialObject['google_a' + 'd_client'] = 'ca-p' + 'ub-6974184241884155';
        superSpecialObject['enable_page_level_a' + 'ds'] = true;
       (window['a' + 'dsbygoogle'] = window['a' + 'dsbygoogle'] || []).push(superSpecialObject);
  </script>
</head>

<body>
  <!--[if lte IE 9]>
    <p class="browserupgrade">You are using an <strong>outdated</strong> browser. Please <a href="https://browsehappy.com/">upgrade your browser</a> to improve your experience and security.</p>
  <![endif]-->
  <header class="page-header js-page-header">
    <a class="page-header-logo-container" href="https://weekly-geekly-es.github.io/index.html"></a>
    <div class="page-header-text">Geekly articles weekly</div>
  </header>
  <section class="page js-page"><h1>De quoi EXPLAIN est muet et comment en parler</h1><div class="post__body post__body_full"><div class="post__text post__text-html" id="post-content-body" data-io-article-url="https://habr.com/ru/company/tensor/blog/477624/">  La question classique qu'un développeur pose à son <i>administrateur de base de données</i> ou à un propriétaire d'entreprise, un consultant PostgreSQL, sonne presque toujours la même: <i>«Pourquoi les requêtes s'exécutent-elles si longtemps sur la base de données?»</i> <br><br>  L'ensemble des raisons traditionnelles: <br><br><ul><li>  <b>algorithme inefficace</b> <br>  lorsque vous avez décidé de faire un JOIN de plusieurs CTE pour quelques dizaines de milliers d'enregistrements </li><li>  <b>statistiques non pertinentes</b> <br>  si la distribution réelle des données dans le tableau est déjà très différente de la dernière fois que ANALYZE les a collectées </li><li>  <b>"Gag" par ressources</b> <br>  et il n'y a déjà pas assez de puissance de calcul dédiée du CPU, des gigaoctets de mémoire sont constamment pompés ou le disque ne suit pas toute la base de données "Wishlist" </li><li>  <b>blocage</b> des processus concurrents </li></ul><br>  Et si les verrous sont assez difficiles à capturer et à analyser, alors pour tout le reste, nous avons besoin d' <b>un plan de requête</b> qui peut être obtenu en utilisant <a href="https://postgrespro.ru/docs/postgresql/12/using-explain">l'opérateur EXPLAIN</a> ( <i>mieux, bien sûr, immédiatement EXPLAIN (ANALYZE, BUFFERS) ...</i> ) ou <a href="https://postgrespro.ru/docs/postgresql/12/auto-explain">le module auto_explain</a> . <br><br>  Mais, comme indiqué dans la même documentation, <blockquote> "Comprendre le plan est un art, et pour le maîtriser, il faut de l'expérience, ..." </blockquote>  Mais vous pouvez vous en passer si vous utilisez le bon outil! <br><a name="habracut"></a><br>  À quoi ressemble généralement un plan de requête?  Quelque chose comme ça: <br><br><pre><code class="plaintext hljs">Index Scan using pg_class_relname_nsp_index on pg_class (actual time=0.049..0.050 rows=1 loops=1) Index Cond: (relname = $1) Filter: (oid = $0) Buffers: shared hit=4 InitPlan 1 (returns $0,$1) -&gt; Limit (actual time=0.019..0.020 rows=1 loops=1) Buffers: shared hit=1 -&gt; Seq Scan on pg_class pg_class_1 (actual time=0.015..0.015 rows=1 loops=1) Filter: (relkind = 'r'::"char") Rows Removed by Filter: 5 Buffers: shared hit=1</code> </pre> <br>  ou comme ça: <br><br><pre> <code class="plaintext hljs">"Append (cost=868.60..878.95 rows=2 width=233) (actual time=0.024..0.144 rows=2 loops=1)" " Buffers: shared hit=3" " CTE cl" " -&gt; Seq Scan on pg_class (cost=0.00..868.60 rows=9972 width=537) (actual time=0.016..0.042 rows=101 loops=1)" " Buffers: shared hit=3" " -&gt; Limit (cost=0.00..0.10 rows=1 width=233) (actual time=0.023..0.024 rows=1 loops=1)" " Buffers: shared hit=1" " -&gt; CTE Scan on cl (cost=0.00..997.20 rows=9972 width=233) (actual time=0.021..0.021 rows=1 loops=1)" " Buffers: shared hit=1" " -&gt; Limit (cost=10.00..10.10 rows=1 width=233) (actual time=0.117..0.118 rows=1 loops=1)" " Buffers: shared hit=2" " -&gt; CTE Scan on cl cl_1 (cost=0.00..997.20 rows=9972 width=233) (actual time=0.001..0.104 rows=101 loops=1)" " Buffers: shared hit=2" "Planning Time: 0.634 ms" "Execution Time: 0.248 ms"</code> </pre> <br>  Mais lire le plan avec le texte «de la feuille» est très difficile et bien-aimé: <br><br><ul><li>  le nœud affiche la <b>somme des ressources du sous-arbre</b> <br>  c'est-à-dire, pour comprendre combien de temps il a fallu pour exécuter un nœud particulier, ou exactement combien cette lecture de la table a généré des données du disque - vous devez en quelque sorte soustraire l'un de l'autre </li><li>  le temps du nœud doit être <b>multiplié par des boucles</b> <br>  oui, la soustraction n'est pas l'opération la plus difficile à faire «dans l'esprit» - après tout, le temps d'exécution est indiqué en moyenne sur une exécution du nœud, et il peut y en avoir des centaines </li><li>  eh bien, et tout cela ensemble, il est difficile de répondre à la question principale - alors qui est le <b>«maillon le plus faible»</b> ? </li></ul><br>  Lorsque nous avons essayé d'expliquer tout cela à plusieurs centaines de nos développeurs, nous avons réalisé que de l'extérieur, cela ressemble à ceci: <br><br><img src="https://habrastorage.org/webt/s1/za/d-/s1zad-d3claa2klkewtgrj8zdaa.png" alt="image"><br><br>  Et cela signifie que nous avons besoin de ... <br><br><h2>  Instrument </h2><br>  Dans ce document, nous avons essayé de rassembler toutes les mécaniques clés qui aident selon le plan et de demander à comprendre "qui est à blâmer et quoi faire."  Eh bien, partagez une partie de votre expérience avec la communauté. <br>  Rencontrer et utiliser - <a href="https://explain.tensor.ru/">expliquer.tensor.ru</a> <br><br><h3>  Plans clairs </h3><br>  Est-il facile de comprendre un plan à quoi il ressemble? <br><br><pre> <code class="plaintext hljs">Seq Scan on pg_class (actual time=0.009..1.304 rows=6609 loops=1) Buffers: shared hit=263 Planning Time: 0.108 ms Execution Time: 1.800 ms</code> </pre><br>  Pas vraiment. <br><br>  Mais comme ça, <b>sous une forme abrégée</b> , lorsque les indicateurs clés sont séparés - c'est déjà beaucoup plus clair: <br><br><img src="https://habrastorage.org/webt/vp/cw/rt/vpcwrt11zdafq4_qax-dtyxpdjg.png" alt="image"><br><br>  Mais si le plan est plus compliqué, la <b>distribution du temps</b> par <b>diagramme</b> par nœuds viendra à la <b>rescousse</b> : <br><br><img src="https://habrastorage.org/webt/3k/3t/mk/3k3tmk07dqwsbvfc_mvxgi6ogvc.png" alt="image"><br><br>  Eh bien, pour les options les plus difficiles, <b>le diagramme d'exécution</b> se dépêche d'aider: <br><br><img src="https://habrastorage.org/webt/mn/w0/7g/mnw07g4oz0e74lq1vrthjfmldf0.png" alt="image"><br><br>  Par exemple, il existe des situations assez banales lorsqu'un plan peut avoir plusieurs racines réelles: <br><br><img src="https://habrastorage.org/webt/ru/yd/d6/ruydd6-sukl8pvkvi5fijfl3u2q.png" alt="image"><img src="https://habrastorage.org/webt/qz/j8/le/qzj8les-k2ywrb_jdtwcjjt8td8.png" alt="image"><br><br><h3>  Conseils structurels </h3><br>  Eh bien, et si toute la structure du plan et ses points sensibles sont déjà présentés et visibles - pourquoi ne pas les mettre en évidence avec le développeur et les expliquer avec la «langue russe»? <br><br><img src="https://habrastorage.org/webt/dn/fd/na/dnfdnavl532tf8uyk6l0n-4y0h8.png" alt="image">  Nous avons déjà collecté une douzaine de modèles de recommandations de ce type. <br><br><h3>  Profileur de requête </h3><br>  Maintenant, si vous placez la requête d'origine sur le plan analysé, vous pouvez voir combien de temps cela a pris pour chaque opérateur individuel - quelque chose comme ceci: <br><br><img src="https://habrastorage.org/webt/64/fa/jg/64fajg351r8maetj5lo3ukromey.png" alt="image"><br><br>  ... ou même ainsi: <br><br><img src="https://habrastorage.org/webt/yb/b7/5l/ybb75lzou2azjdnh1xe53tvpsg4.png" alt="image"><br><br><h3>  Substitution de paramètres dans la demande </h3><br>  Si vous avez "attaché" non seulement la demande au plan, mais aussi ses paramètres à partir de la ligne DETAIL du journal, vous pouvez le copier en plus dans l'une des options: <br><br><ul><li>  avec substitution de valeurs dans la demande <br>  pour une exécution directe sur sa base et un profilage supplémentaire <br><br><pre> <code class="sql hljs"><span class="hljs-keyword"><span class="hljs-keyword">SELECT</span></span> <span class="hljs-string"><span class="hljs-string">'const'</span></span>, <span class="hljs-string"><span class="hljs-string">'param'</span></span>::<span class="hljs-built_in"><span class="hljs-built_in">text</span></span>;</code> </pre> </li><li>  avec substitution de valeur via PREPARE / EXECUTE <br>  pour émuler le travail du planificateur lorsque la partie paramétrique peut être ignorée - par exemple, lorsque vous travaillez sur des tables partitionnées <br><br><pre> <code class="sql hljs"><span class="hljs-keyword"><span class="hljs-keyword">DEALLOCATE</span></span> ALL; <span class="hljs-keyword"><span class="hljs-keyword">PREPARE</span></span> q(<span class="hljs-built_in"><span class="hljs-built_in">text</span></span>) <span class="hljs-keyword"><span class="hljs-keyword">AS</span></span> <span class="hljs-keyword"><span class="hljs-keyword">SELECT</span></span> <span class="hljs-string"><span class="hljs-string">'const'</span></span>, $<span class="hljs-number"><span class="hljs-number">1</span></span>::<span class="hljs-built_in"><span class="hljs-built_in">text</span></span>; <span class="hljs-keyword"><span class="hljs-keyword">EXECUTE</span></span> q(<span class="hljs-string"><span class="hljs-string">'param'</span></span>::<span class="hljs-built_in"><span class="hljs-built_in">text</span></span>);</code> </pre></li></ul><br><h3>  Archive des plans </h3><br>  Insérez, analysez, partagez avec vos collègues!  Les plans resteront dans les archives, et vous pourrez y revenir plus tard: <a href="https://explain.tensor.ru/archive/">expliquez.tensor.ru/archive</a> <br><br>  Mais si vous ne voulez pas que d'autres voient votre plan, n'oubliez pas de cocher la case "ne pas publier dans l'archive". <br><br>  Dans les articles suivants, je parlerai des difficultés et des solutions qui surgissent dans l'analyse du plan. </div></div><p>Source: <a rel="nofollow" href="https://habr.com/ru/post/fr477624/">https://habr.com/ru/post/fr477624/</a></p>
<section class="more-articles-navigation-panel js-more-articles-navigation-panel">
<h4>More articles:</h4>
<nav class="list-of-articles-container js-list-of-articles-container"><ul class="list-of-pages js-list-of-pages">
<li><a href="../fr477610/index.html">Écrivains, pirates et piastres</a></li>
<li><a href="../fr477612/index.html">Conseils d'ingénieur: comment créer le produit dont les utilisateurs ont besoin et être rapide</a></li>
<li><a href="../fr477616/index.html">Comment entrer dans l'Apple Arcade? Entretien avec les fondateurs du studio Tortuga Team</a></li>
<li><a href="../fr477618/index.html">Localisation de l'application React</a></li>
<li><a href="../fr477622/index.html">Fissuration Réduire le concept en seulement 10 minutes</a></li>
<li><a href="../fr477628/index.html">Informatique sans serveur basée sur OpenWhisk, partie 2</a></li>
<li><a href="../fr477630/index.html">Réseau de neurones qui vous aidera à choisir un film - «vos goûts sont spécifiques»</a></li>
<li><a href="../fr477634/index.html">Microservices et structure organisationnelle. Quels types d'équipes assureront le succès?</a></li>
<li><a href="../fr477638/index.html">Acheté! = Le vôtre: John Deere prive les agriculteurs du droit de réparer leurs propres tracteurs</a></li>
<li><a href="../fr477642/index.html">La vision (radio) de la machine voit à travers les murs</a></li>
</ul></nav>
</section><br />
<a href="../../allArticles.html"><strong>All Articles</strong></a>
<script src="../../js/main.js"></script>

<!-- Yandex.Metrika counter -->
<script type="text/javascript" >
  (function (d, w, c) {
      (w[c] = w[c] || []).push(function() {
          try {
              w.yaCounter57283870 = new Ya.Metrika({
                  id:57283870,
                  clickmap:true,
                  trackLinks:true,
                  accurateTrackBounce:true,
                  webvisor:true
              });
          } catch(e) { }
      });

      var n = d.getElementsByTagName("script")[0],
          s = d.createElement("script"),
          f = function () { n.parentNode.insertBefore(s, n); };
      s.type = "text/javascript";
      s.async = true;
      s.src = "https://mc.yandex.ru/metrika/watch.js";

      if (w.opera == "[object Opera]") {
          d.addEventListener("DOMContentLoaded", f, false);
      } else { f(); }
  })(document, window, "yandex_metrika_callbacks");
</script>
<noscript><div><img src="https://mc.yandex.ru/watch/57283870" style="position:absolute; left:-9999px;" alt="" /></div></noscript>

<!-- Google Analytics -->
  <script>
    window.ga = function () { ga.q.push(arguments) }; ga.q = []; ga.l = +new Date;
    ga('create', 'UA-134228602-6', 'auto'); ga('send', 'pageview')
  </script>
  <script src="https://www.google-analytics.com/analytics.js" async defer></script>

</section>

<footer class="page-footer">
  <div class="page-footer-legal-info-container page-footer-element">
    <p>
      Weekly-Geekly ES | <span class="page-footer-legal-info-year js-page-footer-legal-info-year">2019</span>
    </p>
  </div>
  <div class="page-footer-counters-container page-footer-element">
    <a class="page-footer-counter-clustrmap" href='#'  title='Visit tracker'><img src='https://clustrmaps.com/map_v2.png?cl=698e5a&w=271&t=t&d=9uU9J9pq8z7k8xEBHYSfs6DenIBAHs3vLIHcPIJW9d0&co=3a3a3a&ct=ffffff'/></a>
  </div>
</footer>
  
</body>

</html>