<!doctype html>
<html class="no-js" lang="en">

<head>
  <!-- Global site tag (gtag.js) - Google Analytics -->
  <script async src="https://www.googletagmanager.com/gtag/js?id=UA-134228602-6"></script>
  <script>
    window.dataLayer = window.dataLayer || [];
    function gtag(){dataLayer.push(arguments);}
    gtag('js', new Date());

    gtag('config', 'UA-134228602-6');
  </script>

  <meta charset="utf-8">
  <meta http-equiv="x-ua-compatible" content="ie=edge">
  <title>üôçüèæ üíÖüèæ ü§∞üèª O que EXPLAIN n√£o fala nada e como falar sobre isso üñïüèø üé∫ üòù</title>
  <link rel="icon" type="image/x-icon" href="/favicon.ico" />
  <meta name="description" content="A pergunta cl√°ssica de que um desenvolvedor chega ao seu DBA ou ao propriet√°rio de uma empresa, um consultor do PostgreSQL, quase sempre soa o mesmo: ...">
  <meta name="viewport" content="width=device-width, initial-scale=1, shrink-to-fit=no">

  <link rel="stylesheet" href="../../css/main.css">

  <link href="https://fonts.googleapis.com/css?family=Quicksand&display=swap" rel="stylesheet">

  <script src="https://cdnjs.cloudflare.com/ajax/libs/jquery/3.3.1/jquery.min.js"></script>
  <script>window.jQuery || document.write('<script src="../../js/vendors/jquery-3.3.1.min.js"><\/script>')</script>

  <script>document.write('<script src="//pagea' + 'd2.googles' + 'yndication.com/pagea' + 'd/js/a' + 'dsby' + 'google.js"><\/script>')</script>
  <script>
        var superSpecialObject = {};
        superSpecialObject['google_a' + 'd_client'] = 'ca-p' + 'ub-6974184241884155';
        superSpecialObject['enable_page_level_a' + 'ds'] = true;
       (window['a' + 'dsbygoogle'] = window['a' + 'dsbygoogle'] || []).push(superSpecialObject);
  </script>
</head>

<body>
  <!--[if lte IE 9]>
    <p class="browserupgrade">You are using an <strong>outdated</strong> browser. Please <a href="https://browsehappy.com/">upgrade your browser</a> to improve your experience and security.</p>
  <![endif]-->
  <header class="page-header js-page-header">
    <a class="page-header-logo-container" href="https://weekly-geekly-es.github.io/index.html"></a>
    <div class="page-header-text">Geekly articles weekly</div>
  </header>
  <section class="page js-page"><h1>O que EXPLAIN n√£o fala nada e como falar sobre isso</h1><div class="post__body post__body_full"><div class="post__text post__text-html" id="post-content-body" data-io-article-url="https://habr.com/ru/company/tensor/blog/477624/">  A pergunta cl√°ssica de que um desenvolvedor chega ao seu DBA ou ao propriet√°rio de uma empresa, um consultor do PostgreSQL, quase sempre soa o mesmo: <i>"Por que as consultas s√£o executadas no banco de dados por tanto tempo?"</i> <br><br>  O conjunto tradicional de raz√µes: <br><br><ul><li>  <b>algoritmo ineficiente</b> <br>  quando voc√™ decidiu fazer uma jun√ß√£o de v√°rias CTEs para algumas dezenas de milhares de registros </li><li>  <b>estat√≠sticas irrelevantes</b> <br>  se a distribui√ß√£o real dos dados na tabela j√° for muito diferente da √∫ltima vez que a ANALYZE os coletou </li><li>  <b>"Morda√ßa" por recursos</b> <br>  e o poder de computa√ß√£o alocado da CPU j√° n√£o √© suficiente, gigabytes de mem√≥ria s√£o constantemente bombeados ou o disco n√£o acompanha todo o banco de dados ‚ÄúWishlist‚Äù </li><li>  <b>impedimento</b> de processos concorrentes </li></ul><br>  E se os bloqueios forem muito dif√≠ceis de capturar e analisar, ent√£o, para todo o resto, precisamos de <b>um plano de consulta</b> que possa ser obtido usando <a href="https://postgrespro.ru/docs/postgresql/12/using-explain">o operador EXPLAIN</a> ( <i>melhor, √© claro, imediatamente EXPLAIN (ANALYZE, BUFFERS) ...</i> ) ou <a href="https://postgrespro.ru/docs/postgresql/12/auto-explain">o m√≥dulo auto_explain</a> . <br><br>  Mas, como dito na mesma documenta√ß√£o, <blockquote> "Entender o plano √© uma arte e, para domin√°-lo, voc√™ precisa de alguma experi√™ncia ..." </blockquote>  Mas voc√™ pode ficar sem ele, se voc√™ usar a ferramenta certa! <br><a name="habracut"></a><br>  Como √© geralmente um plano de consulta?  Algo assim: <br><br><pre><code class="plaintext hljs">Index Scan using pg_class_relname_nsp_index on pg_class (actual time=0.049..0.050 rows=1 loops=1) Index Cond: (relname = $1) Filter: (oid = $0) Buffers: shared hit=4 InitPlan 1 (returns $0,$1) -&gt; Limit (actual time=0.019..0.020 rows=1 loops=1) Buffers: shared hit=1 -&gt; Seq Scan on pg_class pg_class_1 (actual time=0.015..0.015 rows=1 loops=1) Filter: (relkind = 'r'::"char") Rows Removed by Filter: 5 Buffers: shared hit=1</code> </pre> <br>  ou assim: <br><br><pre> <code class="plaintext hljs">"Append (cost=868.60..878.95 rows=2 width=233) (actual time=0.024..0.144 rows=2 loops=1)" " Buffers: shared hit=3" " CTE cl" " -&gt; Seq Scan on pg_class (cost=0.00..868.60 rows=9972 width=537) (actual time=0.016..0.042 rows=101 loops=1)" " Buffers: shared hit=3" " -&gt; Limit (cost=0.00..0.10 rows=1 width=233) (actual time=0.023..0.024 rows=1 loops=1)" " Buffers: shared hit=1" " -&gt; CTE Scan on cl (cost=0.00..997.20 rows=9972 width=233) (actual time=0.021..0.021 rows=1 loops=1)" " Buffers: shared hit=1" " -&gt; Limit (cost=10.00..10.10 rows=1 width=233) (actual time=0.117..0.118 rows=1 loops=1)" " Buffers: shared hit=2" " -&gt; CTE Scan on cl cl_1 (cost=0.00..997.20 rows=9972 width=233) (actual time=0.001..0.104 rows=101 loops=1)" " Buffers: shared hit=2" "Planning Time: 0.634 ms" "Execution Time: 0.248 ms"</code> </pre> <br>  Mas ler o plano com o texto ‚Äúda folha‚Äù √© muito dif√≠cil e amado: <br><br><ul><li>  o n√≥ exibe a <b>soma dos recursos da sub√°rvore</b> <br>  isto √©, para entender quanto tempo levou para executar um n√≥ espec√≠fico ou exatamente quanto essa leitura da tabela gerou dados do disco - voc√™ precisa subtrair de alguma forma uma da outra </li><li>  o tempo do n√≥ deve ser <b>multiplicado por loops</b> <br>  sim, a subtra√ß√£o n√£o √© a opera√ß√£o mais dif√≠cil que precisa ser feita "na mente" - afinal, o tempo de execu√ß√£o √© indicado como m√©dia em uma execu√ß√£o do n√≥ e pode haver centenas delas </li><li>  bem, e tudo isso junto dificulta a resposta √† pergunta principal - ent√£o quem √© o <b>"elo mais fraco"</b> ? </li></ul><br>  Quando tentamos explicar tudo isso para v√°rias centenas de nossos desenvolvedores, percebemos que do lado de fora se parece com isso: <br><br><img src="https://habrastorage.org/webt/s1/za/d-/s1zad-d3claa2klkewtgrj8zdaa.png" alt="imagem"><br><br>  E isso significa que precisamos ... <br><br><h2>  Instrumento </h2><br>  Nele, tentamos coletar todas as principais mec√¢nicas que ajudam de acordo com o plano e solicitam entender "quem √© o culpado e o que fazer".  Bem, compartilhe um pouco da sua experi√™ncia com a comunidade. <br>  Conhe√ßa e use - <a href="https://explain.tensor.ru/">explan.tensor.ru</a> <br><br><h3>  Planos claros </h3><br>  √â f√°cil entender um plano quando √© assim? <br><br><pre> <code class="plaintext hljs">Seq Scan on pg_class (actual time=0.009..1.304 rows=6609 loops=1) Buffers: shared hit=263 Planning Time: 0.108 ms Execution Time: 1.800 ms</code> </pre><br>  Na verdade n√£o. <br><br>  Mas assim, de <b>forma abreviada</b> , quando os principais indicadores s√£o separados - j√° √© muito mais claro: <br><br><img src="https://habrastorage.org/webt/vp/cw/rt/vpcwrt11zdafq4_qax-dtyxpdjg.png" alt="imagem"><br><br>  Por√©m, se o plano for mais complicado, a <b>distribui√ß√£o de tempo em partes</b> por n√≥s ser√° √∫til: <br><br><img src="https://habrastorage.org/webt/3k/3t/mk/3k3tmk07dqwsbvfc_mvxgi6ogvc.png" alt="imagem"><br><br>  Bem, para as op√ß√µes mais dif√≠ceis, <b>o diagrama de execu√ß√£o</b> se apressa para ajudar: <br><br><img src="https://habrastorage.org/webt/mn/w0/7g/mnw07g4oz0e74lq1vrthjfmldf0.png" alt="imagem"><br><br>  Por exemplo, h√° situa√ß√µes n√£o triviais em que um plano pode ter mais de uma raiz real: <br><br><img src="https://habrastorage.org/webt/ru/yd/d6/ruydd6-sukl8pvkvi5fijfl3u2q.png" alt="imagem"><img src="https://habrastorage.org/webt/qz/j8/le/qzj8les-k2ywrb_jdtwcjjt8td8.png" alt="imagem"><br><br><h3>  Dicas Estruturais </h3><br>  Bem, e se toda a estrutura do plano e seus pontos doloridos j√° estiverem definidos e vis√≠veis - por que n√£o destac√°-los com o desenvolvedor e explic√°-los com o "idioma russo"? <br><br><img src="https://habrastorage.org/webt/dn/fd/na/dnfdnavl532tf8uyk6l0n-4y0h8.png" alt="imagem">  J√° coletamos algumas dezenas de modelos de recomenda√ß√£o. <br><br><h3>  Perfil de consulta </h3><br>  Agora, se voc√™ colocar a consulta original no plano analisado, poder√° ver quanto tempo levou para cada operador individual - algo como isto: <br><br><img src="https://habrastorage.org/webt/64/fa/jg/64fajg351r8maetj5lo3ukromey.png" alt="imagem"><br><br>  ... ou mesmo assim: <br><br><img src="https://habrastorage.org/webt/yb/b7/5l/ybb75lzou2azjdnh1xe53tvpsg4.png" alt="imagem"><br><br><h3>  Substitui√ß√£o de par√¢metros na solicita√ß√£o </h3><br>  Se voc√™ "anexou" n√£o apenas a solicita√ß√£o ao plano, mas tamb√©m seus par√¢metros da linha DETAIL do log, √© poss√≠vel copi√°-la adicionalmente em uma das op√ß√µes: <br><br><ul><li>  com substitui√ß√£o de valores na solicita√ß√£o <br>  para execu√ß√£o direta em sua base e perfis adicionais <br><br><pre> <code class="sql hljs"><span class="hljs-keyword"><span class="hljs-keyword">SELECT</span></span> <span class="hljs-string"><span class="hljs-string">'const'</span></span>, <span class="hljs-string"><span class="hljs-string">'param'</span></span>::<span class="hljs-built_in"><span class="hljs-built_in">text</span></span>;</code> </pre> </li><li>  com substitui√ß√£o de valor via PREPARE / EXECUTE <br>  emular o trabalho do planejador quando a parte param√©trica pode ser ignorada - por exemplo, ao trabalhar em tabelas particionadas <br><br><pre> <code class="sql hljs"><span class="hljs-keyword"><span class="hljs-keyword">DEALLOCATE</span></span> ALL; <span class="hljs-keyword"><span class="hljs-keyword">PREPARE</span></span> q(<span class="hljs-built_in"><span class="hljs-built_in">text</span></span>) <span class="hljs-keyword"><span class="hljs-keyword">AS</span></span> <span class="hljs-keyword"><span class="hljs-keyword">SELECT</span></span> <span class="hljs-string"><span class="hljs-string">'const'</span></span>, $<span class="hljs-number"><span class="hljs-number">1</span></span>::<span class="hljs-built_in"><span class="hljs-built_in">text</span></span>; <span class="hljs-keyword"><span class="hljs-keyword">EXECUTE</span></span> q(<span class="hljs-string"><span class="hljs-string">'param'</span></span>::<span class="hljs-built_in"><span class="hljs-built_in">text</span></span>);</code> </pre></li></ul><br><h3>  Arquivo de Planos </h3><br>  Inserir, analisar, compartilhar com colegas!  Os planos permanecer√£o no arquivo <a href="https://explain.tensor.ru/archive/">morto</a> e voc√™ poder√° retornar a eles mais tarde: <a href="https://explain.tensor.ru/archive/">explan.tensor.ru/archive</a> <br><br>  Mas se voc√™ n√£o deseja que outras pessoas vejam seu plano, n√£o se esque√ßa de marcar a caixa de sele√ß√£o "n√£o publicar no arquivo". <br><br>  Nos artigos a seguir, falarei sobre as dificuldades e solu√ß√µes que surgem na an√°lise do plano. </div></div><p>Source: <a rel="nofollow" href="https://habr.com/ru/post/pt477624/">https://habr.com/ru/post/pt477624/</a></p>
<section class="more-articles-navigation-panel js-more-articles-navigation-panel">
<h4>More articles:</h4>
<nav class="list-of-articles-container js-list-of-articles-container"><ul class="list-of-pages js-list-of-pages">
<li><a href="../pt477610/index.html">Escritores, Piratas e Piastras</a></li>
<li><a href="../pt477612/index.html">Conselho de engenheiro: como criar o produto que os usu√°rios precisam e ser r√°pido</a></li>
<li><a href="../pt477616/index.html">Como entrar no Apple Arcade? Entrevista com os fundadores do est√∫dio Tortuga Team</a></li>
<li><a href="../pt477618/index.html">Localiza√ß√£o do aplicativo React</a></li>
<li><a href="../pt477622/index.html">Rachaduras reduzem o conceito em apenas 10 minutos</a></li>
<li><a href="../pt477628/index.html">Computa√ß√£o sem servidor baseada no OpenWhisk, parte 2</a></li>
<li><a href="../pt477630/index.html">Rede neural que o ajudar√° a escolher um filme - "seus gostos s√£o espec√≠ficos"</a></li>
<li><a href="../pt477634/index.html">Microsservi√ßos e estrutura organizacional. Que tipos de equipes garantir√£o o sucesso?</a></li>
<li><a href="../pt477638/index.html">Comprado! = Seu: John Deere rouba os agricultores do direito de consertar seus pr√≥prios tratores</a></li>
<li><a href="../pt477642/index.html">A vis√£o de m√°quina (r√°dio) v√™ atrav√©s das paredes</a></li>
</ul></nav>
</section><br />
<a href="../../allArticles.html"><strong>All Articles</strong></a>
<script src="../../js/main.js"></script>

<!-- Yandex.Metrika counter -->
<script type="text/javascript" >
  (function (d, w, c) {
      (w[c] = w[c] || []).push(function() {
          try {
              w.yaCounter57283870 = new Ya.Metrika({
                  id:57283870,
                  clickmap:true,
                  trackLinks:true,
                  accurateTrackBounce:true,
                  webvisor:true
              });
          } catch(e) { }
      });

      var n = d.getElementsByTagName("script")[0],
          s = d.createElement("script"),
          f = function () { n.parentNode.insertBefore(s, n); };
      s.type = "text/javascript";
      s.async = true;
      s.src = "https://mc.yandex.ru/metrika/watch.js";

      if (w.opera == "[object Opera]") {
          d.addEventListener("DOMContentLoaded", f, false);
      } else { f(); }
  })(document, window, "yandex_metrika_callbacks");
</script>
<noscript><div><img src="https://mc.yandex.ru/watch/57283870" style="position:absolute; left:-9999px;" alt="" /></div></noscript>

<!-- Google Analytics -->
  <script>
    window.ga = function () { ga.q.push(arguments) }; ga.q = []; ga.l = +new Date;
    ga('create', 'UA-134228602-6', 'auto'); ga('send', 'pageview')
  </script>
  <script src="https://www.google-analytics.com/analytics.js" async defer></script>

</section>

<footer class="page-footer">
  <div class="page-footer-legal-info-container page-footer-element">
    <p>
      Weekly-Geekly ES | <span class="page-footer-legal-info-year js-page-footer-legal-info-year">2019</span>
    </p>
  </div>
  <div class="page-footer-counters-container page-footer-element">
    <a class="page-footer-counter-clustrmap" href='#'  title='Visit tracker'><img src='https://clustrmaps.com/map_v2.png?cl=698e5a&w=271&t=t&d=9uU9J9pq8z7k8xEBHYSfs6DenIBAHs3vLIHcPIJW9d0&co=3a3a3a&ct=ffffff'/></a>
  </div>
</footer>
  
</body>

</html>