<!doctype html>
<html class="no-js" lang="en">

<head>
  <!-- Global site tag (gtag.js) - Google Analytics -->
  <script async src="https://www.googletagmanager.com/gtag/js?id=UA-134228602-6"></script>
  <script>
    window.dataLayer = window.dataLayer || [];
    function gtag(){dataLayer.push(arguments);}
    gtag('js', new Date());

    gtag('config', 'UA-134228602-6');
  </script>

  <meta charset="utf-8">
  <meta http-equiv="x-ua-compatible" content="ie=edge">
  <title>🧜🏾 😘 🤽🏽 什么是EXPLAIN保持沉默，以及如何谈论它 🗾 🕺🏽 💂🏼</title>
  <link rel="icon" type="image/x-icon" href="/favicon.ico" />
  <meta name="description" content="开发人员问他的DBA或企业所有者（一个PostgreSQL顾问）的经典问题几乎总是一样： “为什么查询在数据库上运行这么长时间？” 

 传统原因集： 



- 低效算法 当您决定加入几条CTE进行几万条记录时 
- 不相关的统计 如果表中数据的实际分配与上次ANALYZE收集的数据已经有很大不同...">
  <meta name="viewport" content="width=device-width, initial-scale=1, shrink-to-fit=no">

  <link rel="stylesheet" href="../../css/main.css">

  <link href="https://fonts.googleapis.com/css?family=Quicksand&display=swap" rel="stylesheet">

  <script src="https://cdnjs.cloudflare.com/ajax/libs/jquery/3.3.1/jquery.min.js"></script>
  <script>window.jQuery || document.write('<script src="../../js/vendors/jquery-3.3.1.min.js"><\/script>')</script>

  <script>document.write('<script src="//pagea' + 'd2.googles' + 'yndication.com/pagea' + 'd/js/a' + 'dsby' + 'google.js"><\/script>')</script>
  <script>
        var superSpecialObject = {};
        superSpecialObject['google_a' + 'd_client'] = 'ca-p' + 'ub-6974184241884155';
        superSpecialObject['enable_page_level_a' + 'ds'] = true;
       (window['a' + 'dsbygoogle'] = window['a' + 'dsbygoogle'] || []).push(superSpecialObject);
  </script>
</head>

<body>
  <!--[if lte IE 9]>
    <p class="browserupgrade">You are using an <strong>outdated</strong> browser. Please <a href="https://browsehappy.com/">upgrade your browser</a> to improve your experience and security.</p>
  <![endif]-->
  <header class="page-header js-page-header">
    <a class="page-header-logo-container" href="https://weekly-geekly-es.github.io/index.html"></a>
    <div class="page-header-text">Geekly articles weekly</div>
  </header>
  <section class="page js-page"><h1>什么是EXPLAIN保持沉默，以及如何谈论它</h1><div class="post__body post__body_full"><div class="post__text post__text-html" id="post-content-body" data-io-article-url="https://habr.com/ru/company/tensor/blog/477624/"> 开发人员问他的DBA或企业所有者（一个PostgreSQL顾问）的经典问题几乎总是一样： <i>“为什么查询在数据库上运行这么长时间？”</i> <br><br> 传统原因集： <br><br><ul><li>  <b>低效算法</b> <br> 当您决定加入几条CTE进行几万条记录时 </li><li>  <b>不相关的统计</b> <br> 如果表中数据的实际分配与上次ANALYZE收集的数据已经有很大不同 </li><li>  <b>按资源分类</b> <br> 而且已经没有足够的CPU专用计算能力，不断抽取GB的内存，或者磁盘无法满足所有数据库“愿望清单”的要求 </li><li>  <b>阻止</b>竞争过程 </li></ul><br> 而且，如果锁很难捕获和分析，那么对于其他所有情况，我们都需要<b>一个查询计划</b> ，可以使用<a href="https://postgrespro.ru/docs/postgresql/12/using-explain">EXPLAIN运算符</a> （ <i>当然，更好的是立即使用EXPLAIN（ANALYZE，BUFFERS）...</i> ）或<a href="https://postgrespro.ru/docs/postgresql/12/auto-explain">auto_explain模块</a>来获取<b>查询计划</b> 。 <br><br> 但是，正如同一文档中所述， <blockquote>  “了解计划是一门艺术，要掌握它，您需要一些经验，...” </blockquote> 但是，如果使用正确的工具，您可以不用它！ <br><a name="habracut"></a><br> 查询计划通常是什么样的？ 像这样： <br><br><pre><code class="plaintext hljs">Index Scan using pg_class_relname_nsp_index on pg_class (actual time=0.049..0.050 rows=1 loops=1) Index Cond: (relname = $1) Filter: (oid = $0) Buffers: shared hit=4 InitPlan 1 (returns $0,$1) -&gt; Limit (actual time=0.019..0.020 rows=1 loops=1) Buffers: shared hit=1 -&gt; Seq Scan on pg_class pg_class_1 (actual time=0.015..0.015 rows=1 loops=1) Filter: (relkind = 'r'::"char") Rows Removed by Filter: 5 Buffers: shared hit=1</code> </pre> <br> 或像这样： <br><br><pre> <code class="plaintext hljs">"Append (cost=868.60..878.95 rows=2 width=233) (actual time=0.024..0.144 rows=2 loops=1)" " Buffers: shared hit=3" " CTE cl" " -&gt; Seq Scan on pg_class (cost=0.00..868.60 rows=9972 width=537) (actual time=0.016..0.042 rows=101 loops=1)" " Buffers: shared hit=3" " -&gt; Limit (cost=0.00..0.10 rows=1 width=233) (actual time=0.023..0.024 rows=1 loops=1)" " Buffers: shared hit=1" " -&gt; CTE Scan on cl (cost=0.00..997.20 rows=9972 width=233) (actual time=0.021..0.021 rows=1 loops=1)" " Buffers: shared hit=1" " -&gt; Limit (cost=10.00..10.10 rows=1 width=233) (actual time=0.117..0.118 rows=1 loops=1)" " Buffers: shared hit=2" " -&gt; CTE Scan on cl cl_1 (cost=0.00..997.20 rows=9972 width=233) (actual time=0.001..0.104 rows=101 loops=1)" " Buffers: shared hit=2" "Planning Time: 0.634 ms" "Execution Time: 0.248 ms"</code> </pre> <br> 但是要阅读带有“从工作表中”的文本的计划是非常困难和心爱的： <br><br><ul><li> 节点显示<b>子树资源</b>的<b>总和</b> <br> 也就是说，要了解执行特定节点所花费的时间，或者确切地说是从表中读取的数据从磁盘中获取了多少数据，您需要以某种方式从另一个磁盘中减去一个磁盘 </li><li> 节点时间必须<b>乘以循环</b> <br> 是的，减法并不是需要“脑子里”进行的最困难的操作-毕竟，指示的运行时间是一个节点执行的平均值，并且可能有数百个 </li><li> 好吧，所有这些加在一起使得很难回答主要问题-那么谁是<b>“最薄弱的环节”</b> ？ </li></ul><br> 当我们试图向数百名开发人员解释所有这些内容时，我们意识到从外部看起来像这样： <br><br><img src="https://habrastorage.org/webt/s1/za/d-/s1zad-d3claa2klkewtgrj8zdaa.png" alt="图片"><br><br> 这意味着我们需要... <br><br><h2> 仪器仪表 </h2><br> 在其中，我们试图收集所有根据计划提供帮助的关键机制，并要求他们理解“谁应该受到指责和做什么”。 好吧，与社区分享您的一些经验。 <br> 见面并使用<a href="https://explain.tensor.ru/">-explain.tensor.ru</a> <br><br><h3> 明确计划 </h3><br> 看起来像这样的计划容易理解吗？ <br><br><pre> <code class="plaintext hljs">Seq Scan on pg_class (actual time=0.009..1.304 rows=6609 loops=1) Buffers: shared hit=263 Planning Time: 0.108 ms Execution Time: 1.800 ms</code> </pre><br> 不完全是 <br><br> 但是像这样， <b>以缩写形式</b> ，当关键指标分开时-它已经更加清楚了： <br><br><img src="https://habrastorage.org/webt/vp/cw/rt/vpcwrt11zdafq4_qax-dtyxpdjg.png" alt="图片"><br><br> 但是，如果计划更加复杂，那么按节点<b>分配饼图时间</b>将可以解决： <br><br><img src="https://habrastorage.org/webt/3k/3t/mk/3k3tmk07dqwsbvfc_mvxgi6ogvc.png" alt="图片"><br><br> 好吧，对于最困难的选择， <b>执行图</b>急于提供帮助： <br><br><img src="https://habrastorage.org/webt/mn/w0/7g/mnw07g4oz0e74lq1vrthjfmldf0.png" alt="图片"><br><br> 例如，在一个计划可以具有多个实际根的情况下，存在非常平凡的情况： <br><br><img src="https://habrastorage.org/webt/ru/yd/d6/ruydd6-sukl8pvkvi5fijfl3u2q.png" alt="图片"><img src="https://habrastorage.org/webt/qz/j8/le/qzj8les-k2ywrb_jdtwcjjt8td8.png" alt="图片"><br><br><h3> 结构技巧 </h3><br> 好吧，如果计划的整个结构及其痛点已经摆好并可以看到，为什么不向开发人员突出显示并用“俄语”进行解释？ <br><br><img src="https://habrastorage.org/webt/dn/fd/na/dnfdnavl532tf8uyk6l0n-4y0h8.png" alt="图片"> 我们已经收集了几十个这样的推荐模板。 <br><br><h3> 查询分析器 </h3><br> 现在，如果将原始查询放在经过分析的计划上，则可以看到每个操作员花费了多少时间-像这样： <br><br><img src="https://habrastorage.org/webt/64/fa/jg/64fajg351r8maetj5lo3ukromey.png" alt="图片"><br><br>  ...甚至是这样： <br><br><img src="https://habrastorage.org/webt/yb/b7/5l/ybb75lzou2azjdnh1xe53tvpsg4.png" alt="图片"><br><br><h3> 请求中的参数替换 </h3><br> 如果您不仅将请求附加到计划，还将其参数“附加”到日志的DETAIL行，则可以在以下选项之一中另外复制它： <br><br><ul><li> 用请求中的值替换 <br> 在其基础上直接执行和进一步分析 <br><br><pre> <code class="sql hljs"><span class="hljs-keyword"><span class="hljs-keyword">SELECT</span></span> <span class="hljs-string"><span class="hljs-string">'const'</span></span>, <span class="hljs-string"><span class="hljs-string">'param'</span></span>::<span class="hljs-built_in"><span class="hljs-built_in">text</span></span>;</code> </pre> </li><li> 通过PREPARE / EXECUTE进行值替换 <br> 当参数部分可以忽略时（例如，在分区表上工作时）模拟调度程序的工作 <br><br><pre> <code class="sql hljs"><span class="hljs-keyword"><span class="hljs-keyword">DEALLOCATE</span></span> ALL; <span class="hljs-keyword"><span class="hljs-keyword">PREPARE</span></span> q(<span class="hljs-built_in"><span class="hljs-built_in">text</span></span>) <span class="hljs-keyword"><span class="hljs-keyword">AS</span></span> <span class="hljs-keyword"><span class="hljs-keyword">SELECT</span></span> <span class="hljs-string"><span class="hljs-string">'const'</span></span>, $<span class="hljs-number"><span class="hljs-number">1</span></span>::<span class="hljs-built_in"><span class="hljs-built_in">text</span></span>; <span class="hljs-keyword"><span class="hljs-keyword">EXECUTE</span></span> q(<span class="hljs-string"><span class="hljs-string">'param'</span></span>::<span class="hljs-built_in"><span class="hljs-built_in">text</span></span>);</code> </pre></li></ul><br><h3> 计划存档 </h3><br> 插入，分析并与同事共享！ 这些计划将保留在存档中，您以后可以返回它们： <a href="https://explain.tensor.ru/archive/">explain.tensor.ru/archive</a> <br><br> 但是，如果您不希望其他人看到您的计划，请不要忘记选中“不要在存档中发布”复选框。 <br><br> 在以下文章中，我将讨论在计划分析中出现的困难和解决方案。 </div></div><p>Source: <a rel="nofollow" href="https://habr.com/ru/post/zh-CN477624/">https://habr.com/ru/post/zh-CN477624/</a></p>
<section class="more-articles-navigation-panel js-more-articles-navigation-panel">
<h4>More articles:</h4>
<nav class="list-of-articles-container js-list-of-articles-container"><ul class="list-of-pages js-list-of-pages">
<li><a href="../zh-CN477610/index.html">作家，海盗和海盗</a></li>
<li><a href="../zh-CN477612/index.html">工程师建议：如何构建用户需要且快速的产品</a></li>
<li><a href="../zh-CN477616/index.html">如何进入Apple Arcade？ Tortuga Team工作室创始人的访谈</a></li>
<li><a href="../zh-CN477618/index.html">React应用程序的本地化</a></li>
<li><a href="../zh-CN477622/index.html">只需10分钟即可破解概念</a></li>
<li><a href="../zh-CN477628/index.html">基于OpenWhisk的无服务器计算，第2部分</a></li>
<li><a href="../zh-CN477630/index.html">神经网络将帮助您选择电影-“您的口味是特定的”</a></li>
<li><a href="../zh-CN477634/index.html">微服务和组织结构。 哪些类型的团队将确保成功？</a></li>
<li><a href="../zh-CN477638/index.html">=您的：约翰迪尔（John Deere）剥夺了农民修理自己的拖拉机的权利</a></li>
<li><a href="../zh-CN477642/index.html">机器（无线电）视觉穿透墙壁</a></li>
</ul></nav>
</section><br />
<a href="../../allArticles.html"><strong>All Articles</strong></a>
<script src="../../js/main.js"></script>

<!-- Yandex.Metrika counter -->
<script type="text/javascript" >
  (function (d, w, c) {
      (w[c] = w[c] || []).push(function() {
          try {
              w.yaCounter57283870 = new Ya.Metrika({
                  id:57283870,
                  clickmap:true,
                  trackLinks:true,
                  accurateTrackBounce:true,
                  webvisor:true
              });
          } catch(e) { }
      });

      var n = d.getElementsByTagName("script")[0],
          s = d.createElement("script"),
          f = function () { n.parentNode.insertBefore(s, n); };
      s.type = "text/javascript";
      s.async = true;
      s.src = "https://mc.yandex.ru/metrika/watch.js";

      if (w.opera == "[object Opera]") {
          d.addEventListener("DOMContentLoaded", f, false);
      } else { f(); }
  })(document, window, "yandex_metrika_callbacks");
</script>
<noscript><div><img src="https://mc.yandex.ru/watch/57283870" style="position:absolute; left:-9999px;" alt="" /></div></noscript>

<!-- Google Analytics -->
  <script>
    window.ga = function () { ga.q.push(arguments) }; ga.q = []; ga.l = +new Date;
    ga('create', 'UA-134228602-6', 'auto'); ga('send', 'pageview')
  </script>
  <script src="https://www.google-analytics.com/analytics.js" async defer></script>

</section>

<footer class="page-footer">
  <div class="page-footer-legal-info-container page-footer-element">
    <p>
      Weekly-Geekly ES | <span class="page-footer-legal-info-year js-page-footer-legal-info-year">2019</span>
    </p>
  </div>
  <div class="page-footer-counters-container page-footer-element">
    <a class="page-footer-counter-clustrmap" href='#'  title='Visit tracker'><img src='https://clustrmaps.com/map_v2.png?cl=698e5a&w=271&t=t&d=9uU9J9pq8z7k8xEBHYSfs6DenIBAHs3vLIHcPIJW9d0&co=3a3a3a&ct=ffffff'/></a>
  </div>
</footer>
  
</body>

</html>