<!doctype html>
<html class="no-js" lang="en">

<head>
  <!-- Global site tag (gtag.js) - Google Analytics -->
  <script async src="https://www.googletagmanager.com/gtag/js?id=UA-134228602-6"></script>
  <script>
    window.dataLayer = window.dataLayer || [];
    function gtag(){dataLayer.push(arguments);}
    gtag('js', new Date());

    gtag('config', 'UA-134228602-6');
  </script>

  <meta charset="utf-8">
  <meta http-equiv="x-ua-compatible" content="ie=edge">
  <title>🛀 🍢 🛒 使用PostgreSQL中索引的所有功能 🆗 📼 👧🏽</title>
  <link rel="icon" type="image/x-icon" href="/favicon.ico" />
  <meta name="description" content="在Postgres世界中，索引对于有效导航数据库存储库（称为堆，堆）至关重要。 Postgres不支持集群，并且MVCC体系结构使您可以累积同一元组的多个版本。 因此，能够创建和维护有效的索引以支持应用程序非常重要。 

 这里是一些优化和改进索引使用的技巧。 

 注意：下面显示的查询适用于未修改...">
  <meta name="viewport" content="width=device-width, initial-scale=1, shrink-to-fit=no">

  <link rel="stylesheet" href="../../css/main.css">

  <link href="https://fonts.googleapis.com/css?family=Quicksand&display=swap" rel="stylesheet">

  <script src="https://cdnjs.cloudflare.com/ajax/libs/jquery/3.3.1/jquery.min.js"></script>
  <script>window.jQuery || document.write('<script src="../../js/vendors/jquery-3.3.1.min.js"><\/script>')</script>

  <script>document.write('<script src="//pagea' + 'd2.googles' + 'yndication.com/pagea' + 'd/js/a' + 'dsby' + 'google.js"><\/script>')</script>
  <script>
        var superSpecialObject = {};
        superSpecialObject['google_a' + 'd_client'] = 'ca-p' + 'ub-6974184241884155';
        superSpecialObject['enable_page_level_a' + 'ds'] = true;
       (window['a' + 'dsbygoogle'] = window['a' + 'dsbygoogle'] || []).push(superSpecialObject);
  </script>
</head>

<body>
  <!--[if lte IE 9]>
    <p class="browserupgrade">You are using an <strong>outdated</strong> browser. Please <a href="https://browsehappy.com/">upgrade your browser</a> to improve your experience and security.</p>
  <![endif]-->
  <header class="page-header js-page-header">
    <a class="page-header-logo-container" href="https://weekly-geekly-es.github.io/index.html"></a>
    <div class="page-header-text">Geekly articles weekly</div>
  </header>
  <section class="page js-page"><h1>使用PostgreSQL中索引的所有功能</h1><div class="post__body post__body_full"><div class="post__text post__text-html" id="post-content-body" data-io-article-url="https://habr.com/ru/company/mailru/blog/453046/"><div style="text-align:center;"><img src="https://habrastorage.org/webt/aj/sm/1h/ajsm1hnpv2mljoxorbwxshprkog.jpeg"></div><br> 在Postgres世界中，索引对于有效导航数据库存储库（称为堆，堆）至关重要。  Postgres不支持集群，并且MVCC体系结构使您可以累积同一元组的多个版本。 因此，能够创建和维护有效的索引以支持应用程序非常重要。 <br><br> 这里是一些优化和改进索引使用的技巧。 <br><br>  <i>注意：下面显示的查询适用于未修改的<a href="https://translate.googleusercontent.com/translate_c?depth=1&amp;pto=nl&amp;rurl=translate.google.com&amp;sl=ru&amp;sp=nmt4&amp;tl=zh-CN&amp;u=">pagila示例数据库</a> 。</i> <br><a name="habracut"></a><br><h3> 使用覆盖索引 </h3><br> 让我们回顾一下为非活动用户检索电子邮件地址的请求。  <code>customer</code>表具有<code>active</code>列，并且请求很简单： <br><br><pre> <code class="sql hljs">pagila=<span class="hljs-comment"><span class="hljs-comment"># EXPLAIN SELECT email FROM customer WHERE active=0; QUERY PLAN ----------------------------------------------------------- Seq Scan on customer (cost=0.00..16.49 rows=15 width=32) Filter: (active = 0) (2 rows)</span></span></code> </pre> <br> 该查询将调用扫描<code>customer</code>表的完整顺序。 让我们为<code>active</code>列创建索引： <br><br><pre> <code class="sql hljs">pagila=<span class="hljs-comment"><span class="hljs-comment"># CREATE INDEX idx_cust1 ON customer(active); CREATE INDEX pagila=# EXPLAIN SELECT email FROM customer WHERE active=0; QUERY PLAN ----------------------------------------------------------------------------- Index Scan using idx_cust1 on customer (cost=0.28..12.29 rows=15 width=32) Index Cond: (active = 0) (2 rows)</span></span></code> </pre> <br> 它有所帮助，随后的扫描变成了“ <code>index scan</code> ”。 这意味着Postgres将扫描<code>idx_cust1</code>索引，然后继续搜索表的堆以读取查询所需的其他列（在本例中为<code>email</code>列）的值。 <br><br>  PostgreSQL 11引入了覆盖索引。 它们允许您在索引本身中包括一个或多个其他列-它们的值存储在索引数据存储中。 <br><br> 如果我们使用此功能并在索引内添加了电子邮件值，则Postgres无需在表堆中查找<code>email</code>值。 让我们看看这是否有效： <br><br><pre> <code class="sql hljs">pagila=<span class="hljs-comment"><span class="hljs-comment"># CREATE INDEX idx_cust2 ON customer(active) INCLUDE (email); CREATE INDEX pagila=# EXPLAIN SELECT email FROM customer WHERE active=0; QUERY PLAN ---------------------------------------------------------------------------------- Index Only Scan using idx_cust2 on customer (cost=0.28..12.29 rows=15 width=32) Index Cond: (active = 0) (2 rows)</span></span></code> </pre> <br>  “ <code>Index Only Scan</code> ”告诉我们查询现在仅需要一个索引，这有助于避免所有磁盘I / O读取表堆。 <br><br> 如今，覆盖​​索引仅适用于B树。 但是，在这种情况下，陪同人员的努力会更高。 <br><br><h3> 使用部分索引 </h3><br> 部分索引仅索引表中行的子集。 这样可以节省索引的大小和更快的扫描速度。 <br><br> 假设我们需要从加利福尼亚客户那里获得电子邮件地址列表。 该请求将如下所示： <br><br><pre> <code class="sql hljs"><span class="hljs-keyword"><span class="hljs-keyword">SELECT</span></span> c.email <span class="hljs-keyword"><span class="hljs-keyword">FROM</span></span> customer c <span class="hljs-keyword"><span class="hljs-keyword">JOIN</span></span> address a <span class="hljs-keyword"><span class="hljs-keyword">ON</span></span> c.address_id = a.address_id <span class="hljs-keyword"><span class="hljs-keyword">WHERE</span></span> a.district = <span class="hljs-string"><span class="hljs-string">'California'</span></span>; which has a query plan that involves scanning both the tables that are joined: pagila=<span class="hljs-comment"><span class="hljs-comment"># EXPLAIN SELECT c.email FROM customer c pagila-# JOIN address a ON c.address_id = a.address_id pagila-# WHERE a.district = 'California'; QUERY PLAN ---------------------------------------------------------------------- Hash Join (cost=15.65..32.22 rows=9 width=32) Hash Cond: (c.address_id = a.address_id) -&gt; Seq Scan on customer c (cost=0.00..14.99 rows=599 width=34) -&gt; Hash (cost=15.54..15.54 rows=9 width=4) -&gt; Seq Scan on address a (cost=0.00..15.54 rows=9 width=4) Filter: (district = 'California'::text) (6 rows)</span></span></code> </pre> <br> 普通索引会给我们带来什么： <br><br><pre> <code class="sql hljs">pagila=<span class="hljs-comment"><span class="hljs-comment"># CREATE INDEX idx_address1 ON address(district); CREATE INDEX pagila=# EXPLAIN SELECT c.email FROM customer c pagila-# JOIN address a ON c.address_id = a.address_id pagila-# WHERE a.district = 'California'; QUERY PLAN --------------------------------------------------------------------------------------- Hash Join (cost=12.98..29.55 rows=9 width=32) Hash Cond: (c.address_id = a.address_id) -&gt; Seq Scan on customer c (cost=0.00..14.99 rows=599 width=34) -&gt; Hash (cost=12.87..12.87 rows=9 width=4) -&gt; Bitmap Heap Scan on address a (cost=4.34..12.87 rows=9 width=4) Recheck Cond: (district = 'California'::text) -&gt; Bitmap Index Scan on idx_address1 (cost=0.00..4.34 rows=9 width=0) Index Cond: (district = 'California'::text) (8 rows)</span></span></code> </pre> <br>  <code>address</code>扫描由<code>idx_address1</code>索引<code>idx_address1</code>代替，然后<code>idx_address1</code>了<code>address</code>堆。 <br><br> 由于这是一个频繁查询并且需要优化，因此我们可以使用部分索引，该索引仅索引那些地址为<code>'California'</code> ： <br><br><pre> <code class="sql hljs">pagila=<span class="hljs-comment"><span class="hljs-comment"># CREATE INDEX idx_address2 ON address(address_id) WHERE district='California'; CREATE INDEX pagila=# EXPLAIN SELECT c.email FROM customer c pagila-# JOIN address a ON c.address_id = a.address_id pagila-# WHERE a.district = 'California'; QUERY PLAN ------------------------------------------------------------------------------------------------ Hash Join (cost=12.38..28.96 rows=9 width=32) Hash Cond: (c.address_id = a.address_id) -&gt; Seq Scan on customer c (cost=0.00..14.99 rows=599 width=34) -&gt; Hash (cost=12.27..12.27 rows=9 width=4) -&gt; Index Only Scan using idx_address2 on address a (cost=0.14..12.27 rows=9 width=4) (5 rows)</span></span></code> </pre> <br> 现在，该请求仅读取<code>idx_address2</code> ，而不接触<code>address</code>表。 <br><br><h3> 使用多值索引 </h3><br> 一些需要索引的列可能不包含标量数据类型。 诸如<code>jsonb</code> ， <code>arrays</code>和<code>tsvector</code>类的<code>jsonb</code>类型包含多个值。 如果需要索引此类列，通常必须搜索这些列中的所有单个值。 <br><br> 让我们尝试查找所有包含未成功剪裁的电影的名称。  <code>film</code>表中有一个名为<code>special_features</code>的文本列。 如果电影具有此“特殊属性”，则该列包含<code>Behind The Scenes</code>文本数组形式的元素。 要搜索所有此类电影，我们需要选择“幕后花絮”的所有行作为<code>special_features</code>数组的<b>任何</b>值： <br><br><pre> <code class="sql hljs"><span class="hljs-keyword"><span class="hljs-keyword">SELECT</span></span> title <span class="hljs-keyword"><span class="hljs-keyword">FROM</span></span> film <span class="hljs-keyword"><span class="hljs-keyword">WHERE</span></span> special_features @&gt; <span class="hljs-string"><span class="hljs-string">'{"Behind The Scenes"}'</span></span>;</code> </pre> <br> 遏制运算符<code>@&gt;</code>检查右侧是否是左侧的子集。 <br><br> 申请方案： <br><br><pre> <code class="sql hljs">pagila=<span class="hljs-comment"><span class="hljs-comment"># EXPLAIN SELECT title FROM film pagila-# WHERE special_features @&gt; '{"Behind The Scenes"}'; QUERY PLAN ----------------------------------------------------------------- Seq Scan on film (cost=0.00..67.50 rows=5 width=15) Filter: (special_features @&gt; '{"Behind The Scenes"}'::text[]) (2 rows)</span></span></code> </pre> <br> 它要求以67的成本进行全堆扫描。 <br><br> 让我们看看常规的B树索引是否对我们有帮助： <br><br><pre> <code class="sql hljs">pagila=<span class="hljs-comment"><span class="hljs-comment"># CREATE INDEX idx_film1 ON film(special_features); CREATE INDEX pagila=# EXPLAIN SELECT title FROM film pagila-# WHERE special_features @&gt; '{"Behind The Scenes"}'; QUERY PLAN ----------------------------------------------------------------- Seq Scan on film (cost=0.00..67.50 rows=5 width=15) Filter: (special_features @&gt; '{"Behind The Scenes"}'::text[]) (2 rows)</span></span></code> </pre> <br> 该指数甚至没有被考虑。  B树索引不知道索引值中是否存在单个元素。 <br><br> 我们需要一个GIN索引。 <br><br><pre> <code class="sql hljs">pagila=<span class="hljs-comment"><span class="hljs-comment"># CREATE INDEX idx_film2 ON film USING GIN(special_features); CREATE INDEX pagila=# EXPLAIN SELECT title FROM film pagila-# WHERE special_features @&gt; '{"Behind The Scenes"}'; QUERY PLAN --------------------------------------------------------------------------- Bitmap Heap Scan on film (cost=8.04..23.58 rows=5 width=15) Recheck Cond: (special_features @&gt; '{"Behind The Scenes"}'::text[]) -&gt; Bitmap Index Scan on idx_film2 (cost=0.00..8.04 rows=5 width=0) Index Cond: (special_features @&gt; '{"Behind The Scenes"}'::text[]) (4 rows)</span></span></code> </pre> <br>  GIN-index支持将单个值与索引的复合值进行比较，因此，查询计划的成本降低了一半以上。 <br><br><h3> 摆脱重复索引 </h3><br> 索引随时间累积，有时新索引可能包含与先前索引相同的定义。 要获得人类可读的索引SQL定义，可以使用目录视图<code>pg_indexes</code> 。 您还可以轻松找到相同的定义： <br><br><pre> <code class="sql hljs"> <span class="hljs-keyword"><span class="hljs-keyword">SELECT</span></span> array_agg(indexname) <span class="hljs-keyword"><span class="hljs-keyword">AS</span></span> <span class="hljs-keyword"><span class="hljs-keyword">indexes</span></span>, <span class="hljs-keyword"><span class="hljs-keyword">replace</span></span>(indexdef, indexname, <span class="hljs-string"><span class="hljs-string">''</span></span>) <span class="hljs-keyword"><span class="hljs-keyword">AS</span></span> defn <span class="hljs-keyword"><span class="hljs-keyword">FROM</span></span> pg_indexes <span class="hljs-keyword"><span class="hljs-keyword">GROUP</span></span> <span class="hljs-keyword"><span class="hljs-keyword">BY</span></span> defn <span class="hljs-keyword"><span class="hljs-keyword">HAVING</span></span> <span class="hljs-keyword"><span class="hljs-keyword">count</span></span>(*) &gt; <span class="hljs-number"><span class="hljs-number">1</span></span>; And here's the result when run on the stock pagila database: pagila=<span class="hljs-comment"><span class="hljs-comment"># SELECT array_agg(indexname) AS indexes, replace(indexdef, indexname, '') AS defn pagila-# FROM pg_indexes pagila-# GROUP BY defn pagila-# HAVING count(*) &gt; 1; indexes | defn ------------------------------------------------------------------------+------------------------------------------------------------------ {payment_p2017_01_customer_id_idx,idx_fk_payment_p2017_01_customer_id} | CREATE INDEX ON public.payment_p2017_01 USING btree (customer_id {payment_p2017_02_customer_id_idx,idx_fk_payment_p2017_02_customer_id} | CREATE INDEX ON public.payment_p2017_02 USING btree (customer_id {payment_p2017_03_customer_id_idx,idx_fk_payment_p2017_03_customer_id} | CREATE INDEX ON public.payment_p2017_03 USING btree (customer_id {idx_fk_payment_p2017_04_customer_id,payment_p2017_04_customer_id_idx} | CREATE INDEX ON public.payment_p2017_04 USING btree (customer_id {payment_p2017_05_customer_id_idx,idx_fk_payment_p2017_05_customer_id} | CREATE INDEX ON public.payment_p2017_05 USING btree (customer_id {idx_fk_payment_p2017_06_customer_id,payment_p2017_06_customer_id_idx} | CREATE INDEX ON public.payment_p2017_06 USING btree (customer_id (6 rows)</span></span></code> </pre><br><h3> 超集索引 </h3><br> 您可能会积累许多索引，其中一个索引建立了索引其他索引的列的子集。 这可能是合乎需要的，也可能不是-超集只能导致通过索引进行扫描，这很好，但是会占用太多空间，或者不再使用要为其优化的查询。 <br><br> 如果需要自动化此类索引的定义，则可以从<code>pg_catalog</code>表中的<a href="https://translate.googleusercontent.com/translate_c?depth=1&amp;pto=nl&amp;rurl=translate.google.com&amp;sl=ru&amp;sp=nmt4&amp;tl=zh-CN&amp;u=">pg_index</a>开始。 <br><br><h3> 未使用的索引 </h3><br> 随着使用数据库的应用程序的发展，它们使用的查询也在发展。 先前添加的索引可能不再被任何查询使用。 每次扫描索引时，都会由统计信息管理器对其进行标记，并且在系统目录<code>pg_stat_user_indexes</code>您可以看到<code>idx_scan</code>值，它是一个累积计数器。 在一段时间（例如一个月）内跟踪此值可以很好地了解哪些索引未使用且可以删除。 <br><br> 这是获取<code>'public'</code>模式中所有索引的当前扫描计数的请求： <br><br><pre> <code class="sql hljs"><span class="hljs-keyword"><span class="hljs-keyword">SELECT</span></span> relname, indexrelname, idx_scan <span class="hljs-keyword"><span class="hljs-keyword">FROM</span></span> pg_catalog.pg_stat_user_indexes <span class="hljs-keyword"><span class="hljs-keyword">WHERE</span></span> schemaname = <span class="hljs-string"><span class="hljs-string">'public'</span></span>; <span class="hljs-keyword"><span class="hljs-keyword">with</span></span> <span class="hljs-keyword"><span class="hljs-keyword">output</span></span> <span class="hljs-keyword"><span class="hljs-keyword">like</span></span> this: pagila=<span class="hljs-comment"><span class="hljs-comment"># SELECT relname, indexrelname, idx_scan pagila-# FROM pg_catalog.pg_stat_user_indexes pagila-# WHERE schemaname = 'public' pagila-# LIMIT 10; relname | indexrelname | idx_scan ---------------+--------------------+---------- customer | customer_pkey | 32093 actor | actor_pkey | 5462 address | address_pkey | 660 category | category_pkey | 1000 city | city_pkey | 609 country | country_pkey | 604 film_actor | film_actor_pkey | 0 film_category | film_category_pkey | 0 film | film_pkey | 11043 inventory | inventory_pkey | 16048 (10 rows)</span></span></code> </pre> <br><h3> 用更少的锁重新创建索引 </h3><br> 例如，当索引大小过大时，通常必须重新创建索引，并且重新创建可以加快扫描速度。 另外，索引可能已损坏。 更改索引参数可能还需要重新创建它。 <br><br><h3> 启用并行索引创建 </h3><br> 在PostgreSQL 11中，创建B树索引是有竞争力的。 为了加快创建过程，可以使用几个并行工作器。 但是，请确保正确设置以下配置参数： <br><br><pre> <code class="sql hljs"><span class="hljs-keyword"><span class="hljs-keyword">SET</span></span> max_parallel_workers = <span class="hljs-number"><span class="hljs-number">32</span></span>; <span class="hljs-keyword"><span class="hljs-keyword">SET</span></span> max_parallel_maintenance_workers = <span class="hljs-number"><span class="hljs-number">16</span></span>;</code> </pre> <br> 默认值太小。 理想情况下，这些数量应与处理器内核数量一起增加。 阅读<a href="https://translate.googleusercontent.com/translate_c?depth=1&amp;pto=nl&amp;rurl=translate.google.com&amp;sl=ru&amp;sp=nmt4&amp;tl=zh-CN&amp;u=">文档以获取</a>更多详细信息。 <br><br><h3> 背景索引创建 </h3><br> 您可以使用<code>CREATE INDEX</code>命令的<code>CONCURRENTLY</code>参数在后台<code>CREATE INDEX</code> ： <br><br><pre> <code class="sql hljs">pagila=<span class="hljs-comment"><span class="hljs-comment"># CREATE INDEX CONCURRENTLY idx_address1 ON address(district); CREATE INDEX</span></span></code> </pre> <br><br> 此索引创建过程不同于通常的索引创建过程，因为它不需要表锁定，因此不会阻止写操作。 另一方面，它花费更多的时间并消耗更多的资源。 <br><br>  Postgres提供了许多灵活的选项来创建索引和解决任何特殊情况的方法，并提供了在应用程序爆炸性增长的情况下管理数据库的方法。 我们希望这些技巧将帮助您快速进行查询，并准备好扩展数据库。 </div></div><p>Source: <a rel="nofollow" href="https://habr.com/ru/post/zh-CN453046/">https://habr.com/ru/post/zh-CN453046/</a></p>
<section class="more-articles-navigation-panel js-more-articles-navigation-panel">
<h4>More articles:</h4>
<nav class="list-of-articles-container js-list-of-articles-container"><ul class="list-of-pages js-list-of-pages">
<li><a href="../zh-CN453032/index.html">我们以成人2的方式玩汽车：我们如何成为汽车共享的远程信息处理供应商，并在全球开设了5个办事处</a></li>
<li><a href="../zh-CN453034/index.html">父亲使用3D打印机和X-Box为儿子创造了仿生假体</a></li>
<li><a href="../zh-CN453038/index.html">软件无线电-它如何工作？ 第4部分</a></li>
<li><a href="../zh-CN453042/index.html">Windows Terminal Build 2019常见问题</a></li>
<li><a href="../zh-CN453044/index.html">期待已久的迈向结构复杂的文档的一步（+视频）</a></li>
<li><a href="../zh-CN453056/index.html">制作手机游戏的原型，从哪里开始以及如何做。 第一部分</a></li>
<li><a href="../zh-CN453058/index.html">人工智能学会了从一帧创建视频。 现在可以使旧画生动起来</a></li>
<li><a href="../zh-CN453064/index.html">为善而害：Lamprey的免疫系统与人类脑癌作斗争</a></li>
<li><a href="../zh-CN453066/index.html">印刷用户界面-开发用户界面的新方法</a></li>
<li><a href="../zh-CN453068/index.html">主观性</a></li>
</ul></nav>
</section><br />
<a href="../../allArticles.html"><strong>All Articles</strong></a>
<script src="../../js/main.js"></script>

<!-- Yandex.Metrika counter -->
<script type="text/javascript" >
  (function (d, w, c) {
      (w[c] = w[c] || []).push(function() {
          try {
              w.yaCounter57283870 = new Ya.Metrika({
                  id:57283870,
                  clickmap:true,
                  trackLinks:true,
                  accurateTrackBounce:true,
                  webvisor:true
              });
          } catch(e) { }
      });

      var n = d.getElementsByTagName("script")[0],
          s = d.createElement("script"),
          f = function () { n.parentNode.insertBefore(s, n); };
      s.type = "text/javascript";
      s.async = true;
      s.src = "https://mc.yandex.ru/metrika/watch.js";

      if (w.opera == "[object Opera]") {
          d.addEventListener("DOMContentLoaded", f, false);
      } else { f(); }
  })(document, window, "yandex_metrika_callbacks");
</script>
<noscript><div><img src="https://mc.yandex.ru/watch/57283870" style="position:absolute; left:-9999px;" alt="" /></div></noscript>

<!-- Google Analytics -->
  <script>
    window.ga = function () { ga.q.push(arguments) }; ga.q = []; ga.l = +new Date;
    ga('create', 'UA-134228602-6', 'auto'); ga('send', 'pageview')
  </script>
  <script src="https://www.google-analytics.com/analytics.js" async defer></script>

</section>

<footer class="page-footer">
  <div class="page-footer-legal-info-container page-footer-element">
    <p>
      Weekly-Geekly ES | <span class="page-footer-legal-info-year js-page-footer-legal-info-year">2019</span>
    </p>
  </div>
  <div class="page-footer-counters-container page-footer-element">
    <a class="page-footer-counter-clustrmap" href='#'  title='Visit tracker'><img src='https://clustrmaps.com/map_v2.png?cl=698e5a&w=271&t=t&d=9uU9J9pq8z7k8xEBHYSfs6DenIBAHs3vLIHcPIJW9d0&co=3a3a3a&ct=ffffff'/></a>
  </div>
</footer>
  
</body>

</html>