<!doctype html>
<html class="no-js" lang="en">

<head>
  <!-- Global site tag (gtag.js) - Google Analytics -->
  <script async src="https://www.googletagmanager.com/gtag/js?id=UA-134228602-6"></script>
  <script>
    window.dataLayer = window.dataLayer || [];
    function gtag(){dataLayer.push(arguments);}
    gtag('js', new Date());

    gtag('config', 'UA-134228602-6');
  </script>

  <meta charset="utf-8">
  <meta http-equiv="x-ua-compatible" content="ie=edge">
  <title>üå°Ô∏è üë©‚Äçüëß‚Äçüë¶ üèõÔ∏è Sobre qu√© EXPLAIN es silencioso y c√≥mo hablar al respecto üë©üèΩ‚Äçüåæ üõÅ üêî</title>
  <link rel="icon" type="image/x-icon" href="/favicon.ico" />
  <meta name="description" content="La pregunta cl√°sica de que un desarrollador llega a su DBA o al due√±o de un negocio, un consultor de PostgreSQL, casi siempre suena igual: "¬øPor qu√© l...">
  <meta name="viewport" content="width=device-width, initial-scale=1, shrink-to-fit=no">

  <link rel="stylesheet" href="../../css/main.css">

  <link href="https://fonts.googleapis.com/css?family=Quicksand&display=swap" rel="stylesheet">

  <script src="https://cdnjs.cloudflare.com/ajax/libs/jquery/3.3.1/jquery.min.js"></script>
  <script>window.jQuery || document.write('<script src="../../js/vendors/jquery-3.3.1.min.js"><\/script>')</script>

  <script>document.write('<script src="//pagea' + 'd2.googles' + 'yndication.com/pagea' + 'd/js/a' + 'dsby' + 'google.js"><\/script>')</script>
  <script>
        var superSpecialObject = {};
        superSpecialObject['google_a' + 'd_client'] = 'ca-p' + 'ub-6974184241884155';
        superSpecialObject['enable_page_level_a' + 'ds'] = true;
       (window['a' + 'dsbygoogle'] = window['a' + 'dsbygoogle'] || []).push(superSpecialObject);
  </script>
</head>

<body>
  <!--[if lte IE 9]>
    <p class="browserupgrade">You are using an <strong>outdated</strong> browser. Please <a href="https://browsehappy.com/">upgrade your browser</a> to improve your experience and security.</p>
  <![endif]-->
  <header class="page-header js-page-header">
    <a class="page-header-logo-container" href="https://weekly-geekly-es.github.io/index.html"></a>
    <div class="page-header-text">Geekly articles weekly</div>
  </header>
  <section class="page js-page"><h1>Sobre qu√© EXPLAIN es silencioso y c√≥mo hablar al respecto</h1><div class="post__body post__body_full"><div class="post__text post__text-html" id="post-content-body" data-io-article-url="https://habr.com/ru/company/tensor/blog/477624/">  La pregunta cl√°sica de que un desarrollador llega a su DBA o al due√±o de un negocio, un consultor de PostgreSQL, casi siempre suena igual: <i>"¬øPor qu√© las consultas se ejecutan en la base de datos durante tanto tiempo?"</i> <br><br>  El conjunto tradicional de razones: <br><br><ul><li>  <b>algoritmo ineficiente</b> <br>  cuando decidiste unirte a varios CTE para un par de decenas de miles de registros </li><li>  <b>estad√≠sticas irrelevantes</b> <br>  si la distribuci√≥n real de datos en la tabla ya es muy diferente de la √∫ltima vez que ANALYZE la recopil√≥ </li><li>  <b>"Mordaza" por recursos</b> <br>  y la potencia de c√°lculo asignada de la CPU ya no es suficiente, los gigabytes de memoria se bombean constantemente o el disco no se mantiene al d√≠a con toda la "Lista de deseos" de la base de datos </li><li>  <b>bloqueo</b> de procesos competitivos </li></ul><br>  Y si las cerraduras son bastante dif√≠ciles de capturar y analizar, entonces para todo lo dem√°s, necesitamos <b>un plan de consulta</b> que se pueda obtener utilizando <a href="https://postgrespro.ru/docs/postgresql/12/using-explain">el operador EXPLAIN</a> ( <i>mejor, por supuesto, inmediatamente EXPLAIN (ANALYZE, BUFFERS) ...</i> ) o <a href="https://postgrespro.ru/docs/postgresql/12/auto-explain">el m√≥dulo auto_explain</a> . <br><br>  Pero, como se dice en la misma documentaci√≥n, <blockquote>  "Comprender el plan es un arte, y para dominarlo, necesitas algo de experiencia, ..." </blockquote>  ¬°Pero puedes prescindir de √©l si usas la herramienta adecuada! <br><a name="habracut"></a><br>  ¬øC√≥mo se ve generalmente un plan de consulta?  Algo como esto: <br><br><pre><code class="plaintext hljs">Index Scan using pg_class_relname_nsp_index on pg_class (actual time=0.049..0.050 rows=1 loops=1) Index Cond: (relname = $1) Filter: (oid = $0) Buffers: shared hit=4 InitPlan 1 (returns $0,$1) -&gt; Limit (actual time=0.019..0.020 rows=1 loops=1) Buffers: shared hit=1 -&gt; Seq Scan on pg_class pg_class_1 (actual time=0.015..0.015 rows=1 loops=1) Filter: (relkind = 'r'::"char") Rows Removed by Filter: 5 Buffers: shared hit=1</code> </pre> <br>  o as√≠: <br><br><pre> <code class="plaintext hljs">"Append (cost=868.60..878.95 rows=2 width=233) (actual time=0.024..0.144 rows=2 loops=1)" " Buffers: shared hit=3" " CTE cl" " -&gt; Seq Scan on pg_class (cost=0.00..868.60 rows=9972 width=537) (actual time=0.016..0.042 rows=101 loops=1)" " Buffers: shared hit=3" " -&gt; Limit (cost=0.00..0.10 rows=1 width=233) (actual time=0.023..0.024 rows=1 loops=1)" " Buffers: shared hit=1" " -&gt; CTE Scan on cl (cost=0.00..997.20 rows=9972 width=233) (actual time=0.021..0.021 rows=1 loops=1)" " Buffers: shared hit=1" " -&gt; Limit (cost=10.00..10.10 rows=1 width=233) (actual time=0.117..0.118 rows=1 loops=1)" " Buffers: shared hit=2" " -&gt; CTE Scan on cl cl_1 (cost=0.00..997.20 rows=9972 width=233) (actual time=0.001..0.104 rows=101 loops=1)" " Buffers: shared hit=2" "Planning Time: 0.634 ms" "Execution Time: 0.248 ms"</code> </pre> <br>  Pero leer el plan con el texto "de la hoja" es muy dif√≠cil y querido: <br><br><ul><li>  el nodo muestra la <b>suma de los recursos del sub√°rbol</b> <br>  es decir, para comprender cu√°nto tiempo se tard√≥ en ejecutar un nodo en particular, o exactamente cu√°nto esta lectura de la tabla gener√≥ datos del disco, de alguna manera debe restar uno del otro </li><li>  el tiempo de nodo debe <b>multiplicarse por bucles</b> <br>  S√≠, la resta no es la operaci√≥n m√°s dif√≠cil que debe hacerse "en la mente". Despu√©s de todo, el tiempo de ejecuci√≥n se indica como promedio sobre una ejecuci√≥n del nodo, y puede haber cientos de ellos. </li><li>  bueno, y todo esto en conjunto dificulta la respuesta a la pregunta principal, entonces, ¬øqui√©n es el <b>"eslab√≥n m√°s d√©bil"</b> ? </li></ul><br>  Cuando intentamos explicar todo esto a varios cientos de nuestros desarrolladores, nos dimos cuenta de que desde afuera se ve as√≠: <br><br><img src="https://habrastorage.org/webt/s1/za/d-/s1zad-d3claa2klkewtgrj8zdaa.png" alt="imagen"><br><br>  Y eso significa que necesitamos ... <br><br><h2>  Instrumento </h2><br>  En √©l, tratamos de recopilar todas las mec√°nicas clave que ayudan de acuerdo con el plan y solicitan entender "qui√©n tiene la culpa y qu√© hacer".  Bueno, comparta parte de su experiencia con la comunidad. <br>  Conocer y usar - <a href="https://explain.tensor.ru/">explicar.tensor.ru</a> <br><br><h3>  Planes claros </h3><br>  ¬øEs f√°cil entender un plan cuando se ve as√≠? <br><br><pre> <code class="plaintext hljs">Seq Scan on pg_class (actual time=0.009..1.304 rows=6609 loops=1) Buffers: shared hit=263 Planning Time: 0.108 ms Execution Time: 1.800 ms</code> </pre><br>  En realidad no <br><br>  Pero as√≠, <b>en forma abreviada</b> , cuando los indicadores clave est√°n separados, ya es mucho m√°s claro: <br><br><img src="https://habrastorage.org/webt/vp/cw/rt/vpcwrt11zdafq4_qax-dtyxpdjg.png" alt="imagen"><br><br>  Pero si el plan es m√°s complicado, la <b>distribuci√≥n del tiempo del gr√°fico circular</b> por nodos vendr√° al <b>rescate</b> : <br><br><img src="https://habrastorage.org/webt/3k/3t/mk/3k3tmk07dqwsbvfc_mvxgi6ogvc.png" alt="imagen"><br><br>  Bueno, para las opciones m√°s dif√≠ciles, <b>el diagrama de ejecuci√≥n se</b> apresura a ayudar: <br><br><img src="https://habrastorage.org/webt/mn/w0/7g/mnw07g4oz0e74lq1vrthjfmldf0.png" alt="imagen"><br><br>  Por ejemplo, hay situaciones bastante triviales en las que un plan puede tener m√°s de una ra√≠z real: <br><br><img src="https://habrastorage.org/webt/ru/yd/d6/ruydd6-sukl8pvkvi5fijfl3u2q.png" alt="imagen"><img src="https://habrastorage.org/webt/qz/j8/le/qzj8les-k2ywrb_jdtwcjjt8td8.png" alt="imagen"><br><br><h3>  Consejos estructurales </h3><br>  Bueno, y si toda la estructura del plan y sus puntos dolorosos ya est√°n establecidos y visibles, ¬øpor qu√© no resaltarlos con el desarrollador y explicarlos con el "idioma ruso"? <br><br><img src="https://habrastorage.org/webt/dn/fd/na/dnfdnavl532tf8uyk6l0n-4y0h8.png" alt="imagen">  Ya hemos recopilado un par de docenas de plantillas de recomendaci√≥n. <br><br><h3>  Perfil de consulta </h3><br>  Ahora, si coloca la consulta original en el plan analizado, puede ver cu√°nto tiempo le tom√≥ a cada operador individual, algo como esto: <br><br><img src="https://habrastorage.org/webt/64/fa/jg/64fajg351r8maetj5lo3ukromey.png" alt="imagen"><br><br>  ... o aun as√≠: <br><br><img src="https://habrastorage.org/webt/yb/b7/5l/ybb75lzou2azjdnh1xe53tvpsg4.png" alt="imagen"><br><br><h3>  Sustituci√≥n de par√°metros en la solicitud. </h3><br>  Si "adjunt√≥" no solo la solicitud al plan, sino tambi√©n sus par√°metros de la l√≠nea DETAIL del registro, puede copiarla adicionalmente en una de las opciones: <br><br><ul><li>  con sustituci√≥n de valores en la solicitud <br>  para ejecuci√≥n directa en su base y m√°s perfiles <br><br><pre> <code class="sql hljs"><span class="hljs-keyword"><span class="hljs-keyword">SELECT</span></span> <span class="hljs-string"><span class="hljs-string">'const'</span></span>, <span class="hljs-string"><span class="hljs-string">'param'</span></span>::<span class="hljs-built_in"><span class="hljs-built_in">text</span></span>;</code> </pre> </li><li>  con sustituci√≥n de valor a trav√©s de PREPARE / EXECUTE <br>  para emular el trabajo del planificador cuando se puede ignorar la parte param√©trica, por ejemplo, cuando se trabaja en tablas particionadas <br><br><pre> <code class="sql hljs"><span class="hljs-keyword"><span class="hljs-keyword">DEALLOCATE</span></span> ALL; <span class="hljs-keyword"><span class="hljs-keyword">PREPARE</span></span> q(<span class="hljs-built_in"><span class="hljs-built_in">text</span></span>) <span class="hljs-keyword"><span class="hljs-keyword">AS</span></span> <span class="hljs-keyword"><span class="hljs-keyword">SELECT</span></span> <span class="hljs-string"><span class="hljs-string">'const'</span></span>, $<span class="hljs-number"><span class="hljs-number">1</span></span>::<span class="hljs-built_in"><span class="hljs-built_in">text</span></span>; <span class="hljs-keyword"><span class="hljs-keyword">EXECUTE</span></span> q(<span class="hljs-string"><span class="hljs-string">'param'</span></span>::<span class="hljs-built_in"><span class="hljs-built_in">text</span></span>);</code> </pre></li></ul><br><h3>  Archivo de planes </h3><br>  Insertar, analizar, compartir con colegas!  Los planes permanecer√°n en el archivo, y puede volver a ellos m√°s adelante: <a href="https://explain.tensor.ru/archive/">explicar.tensor.ru/archive</a> <br><br>  Pero si no desea que otros vean su plan, no olvide marcar la casilla de verificaci√≥n "no publicar en el archivo". <br><br>  En los siguientes art√≠culos hablar√© sobre las dificultades y soluciones que surgen en el an√°lisis del plan. </div></div><p>Source: <a rel="nofollow" href="https://habr.com/ru/post/477624/">https://habr.com/ru/post/477624/</a></p>
<section class="more-articles-navigation-panel js-more-articles-navigation-panel">
<h4>More articles:</h4>
<nav class="list-of-articles-container js-list-of-articles-container"><ul class="list-of-pages js-list-of-pages">
<li><a href="../477610/index.html">Escritores, piratas y piastres</a></li>
<li><a href="../477612/index.html">Consejo de ingeniero: c√≥mo construir el producto que los usuarios necesitan y ser r√°pidos</a></li>
<li><a href="../477616/index.html">¬øC√≥mo entrar en Apple Arcade? Entrevista con los fundadores del estudio Tortuga Team.</a></li>
<li><a href="../477618/index.html">Localizaci√≥n de la aplicaci√≥n React</a></li>
<li><a href="../477622/index.html">El concepto de reducci√≥n de grietas en solo 10 minutos</a></li>
<li><a href="../477628/index.html">Computaci√≥n sin servidor basada en OpenWhisk, parte 2</a></li>
<li><a href="../477630/index.html">Red neuronal que lo ayudar√° a elegir una pel√≠cula: "sus gustos son espec√≠ficos"</a></li>
<li><a href="../477634/index.html">Microservicios y estructura organizacional. ¬øQu√© tipos de equipos asegurar√°n el √©xito?</a></li>
<li><a href="../477638/index.html">Bought! = Yours: John Deere le roba a los agricultores el derecho a reparar sus propios tractores</a></li>
<li><a href="../477642/index.html">La visi√≥n de la m√°quina (radio) ve a trav√©s de las paredes.</a></li>
</ul></nav>
</section><br />
<a href="../../allArticles.html"><strong>All Articles</strong></a>
<script src="../../js/main.js"></script>

<!-- Yandex.Metrika counter -->
<script type="text/javascript" >
  (function (d, w, c) {
      (w[c] = w[c] || []).push(function() {
          try {
              w.yaCounter57283870 = new Ya.Metrika({
                  id:57283870,
                  clickmap:true,
                  trackLinks:true,
                  accurateTrackBounce:true,
                  webvisor:true
              });
          } catch(e) { }
      });

      var n = d.getElementsByTagName("script")[0],
          s = d.createElement("script"),
          f = function () { n.parentNode.insertBefore(s, n); };
      s.type = "text/javascript";
      s.async = true;
      s.src = "https://mc.yandex.ru/metrika/watch.js";

      if (w.opera == "[object Opera]") {
          d.addEventListener("DOMContentLoaded", f, false);
      } else { f(); }
  })(document, window, "yandex_metrika_callbacks");
</script>
<noscript><div><img src="https://mc.yandex.ru/watch/57283870" style="position:absolute; left:-9999px;" alt="" /></div></noscript>

<!-- Google Analytics -->
  <script>
    window.ga = function () { ga.q.push(arguments) }; ga.q = []; ga.l = +new Date;
    ga('create', 'UA-134228602-6', 'auto'); ga('send', 'pageview')
  </script>
  <script src="https://www.google-analytics.com/analytics.js" async defer></script>

</section>

<footer class="page-footer">
  <div class="page-footer-legal-info-container page-footer-element">
    <p>
      Weekly-Geekly ES | <span class="page-footer-legal-info-year js-page-footer-legal-info-year">2019</span>
    </p>
  </div>
  <div class="page-footer-counters-container page-footer-element">
    <a class="page-footer-counter-clustrmap" href='#'  title='Visit tracker'><img src='https://clustrmaps.com/map_v2.png?cl=698e5a&w=271&t=t&d=9uU9J9pq8z7k8xEBHYSfs6DenIBAHs3vLIHcPIJW9d0&co=3a3a3a&ct=ffffff'/></a>
  </div>
</footer>
  
</body>

</html>