<!doctype html>
<html class="no-js" lang="en">

<head>
  <!-- Global site tag (gtag.js) - Google Analytics -->
  <script async src="https://www.googletagmanager.com/gtag/js?id=UA-134228602-6"></script>
  <script>
    window.dataLayer = window.dataLayer || [];
    function gtag(){dataLayer.push(arguments);}
    gtag('js', new Date());

    gtag('config', 'UA-134228602-6');
  </script>

  <meta charset="utf-8">
  <meta http-equiv="x-ua-compatible" content="ie=edge">
  <title>🔥 👂 🧑🏿‍🤝‍🧑🏽 与优化程序一起隐藏和查找。 游戏结束了，这是CTE PostgreSQL 12 👩‍👦‍👦 🦎 📮</title>
  <link rel="icon" type="image/x-icon" href="/favicon.ico" />
  <meta name="description" content="本文是有关PostgreSQL 12中新功能的故事的延续。我们已经在文章“他们在功能冻结2019中冻结了什么。第一部分，JSONPath”中分析了SQL / JSON（JSONPath补丁），现在轮到CTE了。 

 CTE 
 CTE是公用表表达式-公用表表达式，它们也称为WITH构造。 实际上，...">
  <meta name="viewport" content="width=device-width, initial-scale=1, shrink-to-fit=no">

  <link rel="stylesheet" href="../../css/main.css">

  <link href="https://fonts.googleapis.com/css?family=Quicksand&display=swap" rel="stylesheet">

  <script src="https://cdnjs.cloudflare.com/ajax/libs/jquery/3.3.1/jquery.min.js"></script>
  <script>window.jQuery || document.write('<script src="../../js/vendors/jquery-3.3.1.min.js"><\/script>')</script>

  <script>document.write('<script src="//pagea' + 'd2.googles' + 'yndication.com/pagea' + 'd/js/a' + 'dsby' + 'google.js"><\/script>')</script>
  <script>
        var superSpecialObject = {};
        superSpecialObject['google_a' + 'd_client'] = 'ca-p' + 'ub-6974184241884155';
        superSpecialObject['enable_page_level_a' + 'ds'] = true;
       (window['a' + 'dsbygoogle'] = window['a' + 'dsbygoogle'] || []).push(superSpecialObject);
  </script>
</head>

<body>
  <!--[if lte IE 9]>
    <p class="browserupgrade">You are using an <strong>outdated</strong> browser. Please <a href="https://browsehappy.com/">upgrade your browser</a> to improve your experience and security.</p>
  <![endif]-->
  <header class="page-header js-page-header">
    <a class="page-header-logo-container" href="https://weekly-geekly-es.github.io/index.html"></a>
    <div class="page-header-text">Geekly articles weekly</div>
  </header>
  <section class="page js-page"><h1>与优化程序一起隐藏和查找。 游戏结束了，这是CTE PostgreSQL 12</h1><div class="post__body post__body_full"><div class="post__text post__text-html" id="post-content-body" data-io-article-url="https://habr.com/ru/company/postgrespro/blog/451344/"><img src="https://habrastorage.org/webt/lx/r3/ps/lxr3psy9oebq4i01moowesbn_mq.png"><br><br> 本文是有关PostgreSQL 12中新功能的故事的延续。我们已经在文章<a href="https://translate.googleusercontent.com/translate_c?depth=1&amp;pto=nl&amp;rurl=translate.google.com&amp;sl=ru&amp;sp=nmt4&amp;tl=zh-CN&amp;u=">“他们在功能冻结2019中冻结了什么。第一部分，JSONPath”中</a>分析了SQL / JSON（JSONPath补丁），现在轮到CTE了。 <br><br><h2>  CTE </h2><br>  CTE是公用表表达式-公用表表达式，它们也称为WITH构造。 实际上，这是创建临时表，但仅用于一个查询，而不用于会话。 可以在此请求中访问它们。 这样的请求很容易理解，可以理解，必要时很容易修改。 这是非常流行的事情，并且在PostgreSQL中已经存在了很长时间。 <br><br> 但是便利设施可能很昂贵。 问题与WITH ... AS（）构造内的AS之后的表达式的实现有关。 它也称为内部表达式，是在开始计算余数之前计算的；它不能嵌入顶级查询（无内联）。 规划此表达式不会考虑其余的查询。 这种行为称为优化或隔离的障碍。 另外，实现本身需要work_mem。 如果样本很大，那么问题就开始出现（例如，Ivan Frolkov在PGConf 2019上发表了<a href="https://translate.googleusercontent.com/translate_c?depth=1&amp;pto=nl&amp;rurl=translate.google.com&amp;sl=ru&amp;sp=nmt4&amp;tl=zh-CN&amp;u=">一份报告</a> ）。 <br><a name="habracut"></a><br> 我们将在下面讨论的优化程序的“捉迷藏”并不是一般的错误，而是一个功能。 当然，在某些情况下，对表达式的一部分进行初步计算会消除递归查询中不必要的重复操作。 另一方面，许多开发人员将CTE用作视图而没有考虑障碍，结果，CTE的请求不仅比带有子查询的等效（但更复杂）请求执行得更慢，而且执行速度也要慢几个数量级。 在权衡利弊之后，社区采取了决定性的步骤：它更改了默认行为。 <br><br> 我们将在这样的平台上观察CTE的工作： <br><br><pre><code class="sql hljs"><span class="hljs-keyword"><span class="hljs-keyword">CREATE</span></span> <span class="hljs-keyword"><span class="hljs-keyword">TABLE</span></span> xytable <span class="hljs-keyword"><span class="hljs-keyword">AS</span></span> <span class="hljs-keyword"><span class="hljs-keyword">SELECT</span></span> x, x <span class="hljs-keyword"><span class="hljs-keyword">AS</span></span> y <span class="hljs-keyword"><span class="hljs-keyword">FROM</span></span> generate_series(<span class="hljs-number"><span class="hljs-number">1</span></span>,<span class="hljs-number"><span class="hljs-number">10000000</span></span>) <span class="hljs-keyword"><span class="hljs-keyword">AS</span></span> x; <span class="hljs-keyword"><span class="hljs-keyword">CREATE</span></span> <span class="hljs-keyword"><span class="hljs-keyword">INDEX</span></span> <span class="hljs-keyword"><span class="hljs-keyword">ON</span></span> xytable(x,y);</code> </pre> <br><pre> <code class="plaintext hljs">Table "public.xytable" Column | Type | Collation | Nullable | Default --------------+---------+------------------+----------------+--------- x | integer | | | y | integer | | | Indexes: "xytable_x_y_idx" btree (x, y)</code> </pre> <br> 让我们从一个简单的请求开始： <br><br><pre> <code class="sql hljs"><span class="hljs-keyword"><span class="hljs-keyword">SELECT</span></span> * <span class="hljs-keyword"><span class="hljs-keyword">FROM</span></span> xytable <span class="hljs-keyword"><span class="hljs-keyword">WHERE</span></span> x=<span class="hljs-number"><span class="hljs-number">2</span></span> <span class="hljs-keyword"><span class="hljs-keyword">AND</span></span> y&gt;<span class="hljs-number"><span class="hljs-number">1</span></span>; QUERY PLAN <span class="hljs-comment"><span class="hljs-comment">----------------------------------------------------------------------------- Index Only Scan using xytable_x_y_idx on xytable (cost=0.43..8.46 rows=1 width=8) (actual time=0.016..0.017 rows=1 loops=1) Index Cond: ((x = 2) AND (y &gt; 1)) Heap Fetches: 1 Planning Time: 0.075 ms Execution Time: 0.035 ms (5 rows)</span></span></code> </pre> <br> 一切都被即时考虑，仅使用索引。 <br><br> 带有子查询的查询的计算结果相同，但是语法稍微复杂一些： <br><br><pre> <code class="sql hljs"><span class="hljs-keyword"><span class="hljs-keyword">SELECT</span></span> * <span class="hljs-keyword"><span class="hljs-keyword">FROM</span></span> (<span class="hljs-keyword"><span class="hljs-keyword">SELECT</span></span> * <span class="hljs-keyword"><span class="hljs-keyword">FROM</span></span> xytable <span class="hljs-keyword"><span class="hljs-keyword">WHERE</span></span> y&gt;<span class="hljs-number"><span class="hljs-number">1</span></span>) <span class="hljs-keyword"><span class="hljs-keyword">AS</span></span> t <span class="hljs-keyword"><span class="hljs-keyword">WHERE</span></span> x=<span class="hljs-number"><span class="hljs-number">2</span></span>; QUERY PLAN <span class="hljs-comment"><span class="hljs-comment">--------------------------------------------------------------------------------- Index Only Scan using xytable_x_y_idx on xytable (cost=0.43..8.46 rows=1 width=8) (actual time=0.016..0.016 rows=1 loops=1) Index Cond: ((x = 2) AND (y &gt; 1)) Heap Fetches: 1 Planning Time: 0.062 ms Execution Time: 0.029 ms (5 rows)</span></span></code> </pre> <br> 一切都井井有条，索引计算非常快。 <br><br> 现在还有一个逻辑上等效的请求，但带有CTE： <br><br><pre> <code class="sql hljs"><span class="hljs-keyword"><span class="hljs-keyword">WITH</span></span> yy <span class="hljs-keyword"><span class="hljs-keyword">AS</span></span> ( <span class="hljs-keyword"><span class="hljs-keyword">SELECT</span></span> * <span class="hljs-keyword"><span class="hljs-keyword">FROM</span></span> xytable <span class="hljs-keyword"><span class="hljs-keyword">WHERE</span></span> y&gt;<span class="hljs-number"><span class="hljs-number">1</span></span>) <span class="hljs-keyword"><span class="hljs-keyword">SELECT</span></span> * <span class="hljs-keyword"><span class="hljs-keyword">FROM</span></span> yy <span class="hljs-keyword"><span class="hljs-keyword">WHERE</span></span> x=<span class="hljs-number"><span class="hljs-number">2</span></span>; QUERY PLAN <span class="hljs-comment"><span class="hljs-comment">------------------------------------------ CTE Scan on yy (actual time=0.099..3672.842 rows=1 loops=1) Filter: (x = 2) Rows Removed by Filter: 9999998 CTE yy -&gt; Seq Scan on cte (actual time=0.097..1355.367 rows=9999999 loops=1) Filter: (y &gt; 1) Rows Removed by Filter: 1 Planning Time: 0.088 ms Execution Time: 3735.986 ms (9 rows)</span></span></code> </pre> <br> 肉眼已经可以看到这样的延迟。 您不会喝咖啡，但是有足够的时间来查看邮件（当我们使用第11版或更早版本时）。 <br><br> 这就是发生的情况：在子查询的情况下，优化器立即意识到，条件x = 2和y&gt; 1可以组合为一个过滤器并通过索引进行搜索。 对于CTE，优化器别无选择：它必须首先处理WITH ... AS构造中的条件，具体化结果，然后再进行处理。 <br><br> 这里的重点并不是实现将需要资源：如果条件y &lt;3，则不必实现数百万条记录，而仅需要2条。简单查询的巨大时间用于顺序搜索，优化器无法使用索引搜索，因为因此复合索引建立在x上，然后才建立在y上，直到满足内部CTE条件，他对条件x = 2的查询一无所知。 它超越了障碍。 <br><br> 因此，在PostgreSQL 12之前，默认设置是实现，现在已不存在。 我们基于新版本启动相同的请求。 就像障碍一样，优化器会立即看到整个请求： <br><br><pre> <code class="sql hljs"><span class="hljs-keyword"><span class="hljs-keyword">WITH</span></span> yy <span class="hljs-keyword"><span class="hljs-keyword">AS</span></span> ( <span class="hljs-keyword"><span class="hljs-keyword">SELECT</span></span> * <span class="hljs-keyword"><span class="hljs-keyword">FROM</span></span> xytable <span class="hljs-keyword"><span class="hljs-keyword">WHERE</span></span> y&gt;<span class="hljs-number"><span class="hljs-number">1</span></span>) <span class="hljs-keyword"><span class="hljs-keyword">SELECT</span></span> * <span class="hljs-keyword"><span class="hljs-keyword">FROM</span></span> yy <span class="hljs-keyword"><span class="hljs-keyword">WHERE</span></span> x=<span class="hljs-number"><span class="hljs-number">2</span></span>;</code> </pre> <br><pre> <code class="plaintext hljs">QUERY PLAN ------------------------------------------ Index Only Scan using xytable_x_y_idx1 on xytable (cost=0.43..8.46 rows=1 width=8) (actual time=0.015..0.016 rows=1 loops=1) Index Cond: ((x = 2) AND (y &gt; 1)) Heap Fetches: 1 Planning Time: 0.067 ms Execution Time: 0.029 ms (5 rows)</code> </pre> <br> 优化程序立即学会了以最佳顺序组合条件-子查询就是这种情况。 <br><br> 但是默认值是默认值，并且为了完全掌握当前情况，在版本12中，CTE的实现是受控的，受控的： <br><br><pre> <code class="sql hljs"><span class="hljs-keyword"><span class="hljs-keyword">WITH</span></span> cte_name <span class="hljs-keyword"><span class="hljs-keyword">AS</span></span> [<span class="hljs-keyword"><span class="hljs-keyword">NOT</span></span>] <span class="hljs-keyword"><span class="hljs-keyword">MATERIALIZED</span></span></code> </pre> <br> 让我们实现： <br><br><pre> <code class="sql hljs"><span class="hljs-keyword"><span class="hljs-keyword">EXPLAIN</span></span> <span class="hljs-keyword"><span class="hljs-keyword">ANALYZE</span></span> <span class="hljs-keyword"><span class="hljs-keyword">WITH</span></span> yy <span class="hljs-keyword"><span class="hljs-keyword">AS</span></span> <span class="hljs-keyword"><span class="hljs-keyword">MATERIALIZED</span></span> ( <span class="hljs-keyword"><span class="hljs-keyword">SELECT</span></span> * <span class="hljs-keyword"><span class="hljs-keyword">FROM</span></span> xytable <span class="hljs-keyword"><span class="hljs-keyword">WHERE</span></span> y&gt;<span class="hljs-number"><span class="hljs-number">1</span></span>) <span class="hljs-keyword"><span class="hljs-keyword">SELECT</span></span> * <span class="hljs-keyword"><span class="hljs-keyword">FROM</span></span> yy <span class="hljs-keyword"><span class="hljs-keyword">WHERE</span></span> x=<span class="hljs-number"><span class="hljs-number">2</span></span>;</code> </pre> <br><pre> <code class="plaintext hljs">QUERY PLAN --------------------------- CTE Scan on yy (cost=356423.68..581401.19 rows=49995 width=8) (actual time=661.038..3603.292 rows=1 loops=1) Filter: (x = 2) Rows Removed by Filter: 9999998 CTE yy -&gt; Bitmap Heap Scan on cte (cost=187188.18..356423.68 rows=9999000 width=8) (actual time=661.032..2102.040 rows=9999999 loops=1) Recheck Cond: (y &gt; 1) Heap Blocks: exact=44248 -&gt; Bitmap Index Scan on xytable_x_y_idx1 (cost=0.00..184688.43 rows=9999000 width=0) (actual time=655.519..655.519 rows=9999999 loops=1) Index Cond: (y &gt; 1) Planning Time: 0.086 ms Execution Time: 3612.840 ms (11 rows)</code> </pre> <br> 一切都与11中的相同，在此之前，您可以在查询结果的备用模式下查看邮件。 我们禁止实现，消除障碍： <br><br><pre> <code class="sql hljs"><span class="hljs-keyword"><span class="hljs-keyword">EXPLAIN</span></span> <span class="hljs-keyword"><span class="hljs-keyword">ANALYZE</span></span> <span class="hljs-keyword"><span class="hljs-keyword">WITH</span></span> yy <span class="hljs-keyword"><span class="hljs-keyword">AS</span></span> <span class="hljs-keyword"><span class="hljs-keyword">NOT</span></span> <span class="hljs-keyword"><span class="hljs-keyword">MATERIALIZED</span></span> ( <span class="hljs-keyword"><span class="hljs-keyword">SELECT</span></span> * <span class="hljs-keyword"><span class="hljs-keyword">FROM</span></span> xytable <span class="hljs-keyword"><span class="hljs-keyword">WHERE</span></span> y&gt;<span class="hljs-number"><span class="hljs-number">1</span></span>) <span class="hljs-keyword"><span class="hljs-keyword">SELECT</span></span> * <span class="hljs-keyword"><span class="hljs-keyword">FROM</span></span> yy <span class="hljs-keyword"><span class="hljs-keyword">WHERE</span></span> x=<span class="hljs-number"><span class="hljs-number">2</span></span>; QUERY PLAN <span class="hljs-comment"><span class="hljs-comment">--------------------------- Index Only Scan using xytable_x_y_idx1 on xytable (cost=0.43..8.46 rows=1 width=8) (actual time=0.070..0.072 rows=1 loops=1) Index Cond: ((x = 2) AND (y &gt; 1)) Heap Fetches: 1 Planning Time: 0.182 ms Execution Time: 0.108 ms (5 rows)</span></span></code> </pre> <br> 同样，没有喘息的机会：它立即生效。 <br> 剩余的细微差别。 但重要的细微差别。 <br><br><h3> 如果多次访问CTE，则默认情况下会实现。 </h3><br> 乍一看，在这种情况下实现是一个合理的决定：为什么要计算两次相同的事物。 在实践中，这通常会导致我们上面观察到的情况。 要强制拒绝实现，必须明确订购优化程序：NOT MATERIALIZED。 <br><br> 我们在没有NOT MATERIALIZED请求的情况下执行两次WHERE： <br><br><pre> <code class="sql hljs"><span class="hljs-keyword"><span class="hljs-keyword">WITH</span></span> yy <span class="hljs-keyword"><span class="hljs-keyword">AS</span></span> ( <span class="hljs-keyword"><span class="hljs-keyword">SELECT</span></span> * <span class="hljs-keyword"><span class="hljs-keyword">FROM</span></span> xytable <span class="hljs-keyword"><span class="hljs-keyword">WHERE</span></span> y &gt; <span class="hljs-number"><span class="hljs-number">1</span></span>) <span class="hljs-keyword"><span class="hljs-keyword">SELECT</span></span> ( <span class="hljs-keyword"><span class="hljs-keyword">SELECT</span></span> <span class="hljs-keyword"><span class="hljs-keyword">count</span></span>(*) <span class="hljs-keyword"><span class="hljs-keyword">FROM</span></span> yy <span class="hljs-keyword"><span class="hljs-keyword">WHERE</span></span> x=<span class="hljs-number"><span class="hljs-number">2</span></span>), ( <span class="hljs-keyword"><span class="hljs-keyword">SELECT</span></span> <span class="hljs-keyword"><span class="hljs-keyword">count</span></span>(*) <span class="hljs-keyword"><span class="hljs-keyword">FROM</span></span> yy <span class="hljs-keyword"><span class="hljs-keyword">WHERE</span></span> x=<span class="hljs-number"><span class="hljs-number">2</span></span>);</code> </pre> <br><pre> <code class="plaintext hljs">QUERY PLAN --------------------------------------------------------------------------- Result (actual time=3922.274..3922.275 rows=1 loops=1) CTE yy -&gt; Seq Scan on xytable (actual time=0.023..1295.262 rows=9999999 loops=1) Filter: (y &gt; 1) Rows Removed by Filter: 1 InitPlan 2 (returns $1) -&gt; Aggregate (actual time=3109.687..3109.687 rows=1 loops=1) -&gt; CTE Scan on yy (actual time=0.027..3109.682 rows=1 loops=1) Filter: (x = 2) Rows Removed by Filter: 9999998 InitPlan 3 (returns $2) -&gt; Aggregate (actual time=812.580..812.580 rows=1 loops=1) -&gt; CTE Scan on yy yy_1 (actual time=0.016..812.575 rows=1 loops=1) Filter: (x = 2) Rows Removed by Filter: 9999998 Planning Time: 0.136 ms Execution Time: 3939.848 ms (17 rows)</code> </pre> <br> 现在，我们将明确禁止物化： <br><br><pre> <code class="sql hljs"><span class="hljs-keyword"><span class="hljs-keyword">WITH</span></span> yy <span class="hljs-keyword"><span class="hljs-keyword">AS</span></span> <span class="hljs-keyword"><span class="hljs-keyword">NOT</span></span> <span class="hljs-keyword"><span class="hljs-keyword">MATERIALIZED</span></span> ( <span class="hljs-keyword"><span class="hljs-keyword">SELECT</span></span> * <span class="hljs-keyword"><span class="hljs-keyword">FROM</span></span> xytable <span class="hljs-keyword"><span class="hljs-keyword">WHERE</span></span> y &gt; <span class="hljs-number"><span class="hljs-number">1</span></span>) <span class="hljs-keyword"><span class="hljs-keyword">SELECT</span></span> ( <span class="hljs-keyword"><span class="hljs-keyword">SELECT</span></span> <span class="hljs-keyword"><span class="hljs-keyword">count</span></span>(*) <span class="hljs-keyword"><span class="hljs-keyword">FROM</span></span> yy <span class="hljs-keyword"><span class="hljs-keyword">WHERE</span></span> x=<span class="hljs-number"><span class="hljs-number">2</span></span>), ( <span class="hljs-keyword"><span class="hljs-keyword">SELECT</span></span> <span class="hljs-keyword"><span class="hljs-keyword">count</span></span>(*) <span class="hljs-keyword"><span class="hljs-keyword">FROM</span></span> yy <span class="hljs-keyword"><span class="hljs-keyword">WHERE</span></span> x=<span class="hljs-number"><span class="hljs-number">2</span></span>);</code> </pre> <br><pre> <code class="plaintext hljs">QUERY PLAN --------------------------------------------------------------------------- Result (actual time=0.035..0.035 rows=1 loops=1) InitPlan 1 (returns $0) -&gt; Aggregate (actual time=0.024..0.024 rows=1 loops=1) -&gt; Index Only Scan using xytable_x_y_idx on xytable (actual time=0.019..0.020 rows=1 loops=1) Index Cond: ((x = 2) AND (y &gt; 1)) Heap Fetches: 1 InitPlan 2 (returns $1) -&gt; Aggregate (actual time=0.006..0.006 rows=1 loops=1) -&gt; Index Only Scan using xytable_x_y_idx on xytable cte_1 (actual time=0.004..0.005 rows=1 loops=1) Index Cond: ((x = 2) AND (y &gt; 1)) Heap Fetches: 1 Planning Time: 0.253 ms Execution Time: 0.075 ms (13 rows)</code> </pre> <br><h3> 编写CTE始终执行，从未引用的CTE永远不会执行。 </h3><br> 从计划中可以明显看出：not_exected不在其中。 对于以前的版本，这是正确的，但值得记住的是，（NOT）MATERIALIZED构造适用于版本12中的可执行表达式。 <br><br><pre> <code class="sql hljs"><span class="hljs-keyword"><span class="hljs-keyword">EXPLAIN</span></span> (COSTS <span class="hljs-keyword"><span class="hljs-keyword">OFF</span></span>) <span class="hljs-keyword"><span class="hljs-keyword">WITH</span></span> yy <span class="hljs-keyword"><span class="hljs-keyword">AS</span></span> ( <span class="hljs-keyword"><span class="hljs-keyword">SELECT</span></span> * <span class="hljs-keyword"><span class="hljs-keyword">FROM</span></span> xytable <span class="hljs-keyword"><span class="hljs-keyword">WHERE</span></span> y &gt; <span class="hljs-number"><span class="hljs-number">1</span></span>), not_executed <span class="hljs-keyword"><span class="hljs-keyword">AS</span></span> ( <span class="hljs-keyword"><span class="hljs-keyword">SELECT</span></span> * <span class="hljs-keyword"><span class="hljs-keyword">FROM</span></span> xytable), always_executed <span class="hljs-keyword"><span class="hljs-keyword">AS</span></span> ( <span class="hljs-keyword"><span class="hljs-keyword">INSERT</span></span> <span class="hljs-keyword"><span class="hljs-keyword">INTO</span></span> xytable <span class="hljs-keyword"><span class="hljs-keyword">VALUES</span></span>(<span class="hljs-number"><span class="hljs-number">2</span></span>,<span class="hljs-number"><span class="hljs-number">2</span></span>) <span class="hljs-keyword"><span class="hljs-keyword">RETURNING</span></span> *) <span class="hljs-keyword"><span class="hljs-keyword">SELECT</span></span> <span class="hljs-keyword"><span class="hljs-keyword">FROM</span></span> yy <span class="hljs-keyword"><span class="hljs-keyword">WHERE</span></span> x=<span class="hljs-number"><span class="hljs-number">2</span></span>;</code> </pre> <br><pre> <code class="plaintext hljs">QUERY PLAN ----------------------------- CTE Scan on yy Filter: (x = 2) CTE yy -&gt; Seq Scan on cte Filter: (y &gt; 1) CTE always_executed -&gt; Insert on cte cte_1 -&gt; Result (5 rows)</code> </pre> <br> 还有一条规则： <br><br><h3>  WITH的递归查询始终实现。 </h3><br> 始终如此，而不是默认情况下。 如果我们订购优化器：NOT MATERIALIZED，将没有错误，并且实现仍然存在。 这是一个社区意识的决定。 <br><br> 我们将以家庭作业为例进行说明。 今天就这些了。 <br><br>  <i>专门针对CTE新内容的部分评估使用了报告“ Etudes中的Postgres 12”中的示例和片段，Oleg Bartunov于今年4月9日在圣彼得堡的<a href="https://translate.googleusercontent.com/translate_c?depth=1&amp;pto=nl&amp;rurl=translate.google.com&amp;sl=ru&amp;sp=nmt4&amp;tl=zh-CN&amp;u=">Saint Highload ++上</a>阅读了该报告。</i> <br><br> 在下一个系列中<b>-KNN</b> 。 </div></div><p>Source: <a rel="nofollow" href="https://habr.com/ru/post/zh-CN451344/">https://habr.com/ru/post/zh-CN451344/</a></p>
<section class="more-articles-navigation-panel js-more-articles-navigation-panel">
<h4>More articles:</h4>
<nav class="list-of-articles-container js-list-of-articles-container"><ul class="list-of-pages js-list-of-pages">
<li><a href="../zh-CN451332/index.html">丙型肝炎：“深情杀手”</a></li>
<li><a href="../zh-CN451334/index.html">宣布ML.NET 1.0</a></li>
<li><a href="../zh-CN451336/index.html">GitHub软件包注册表介绍</a></li>
<li><a href="../zh-CN451338/index.html">流行的Linux发行版的开发者计划进行IPO并处理云解决方案</a></li>
<li><a href="../zh-CN451340/index.html">由GitHub Package Registry提交</a></li>
<li><a href="../zh-CN451346/index.html">NeoBook：非程序员的编程环境</a></li>
<li><a href="../zh-CN451350/index.html">Visual Studio App Center分发的改进</a></li>
<li><a href="../zh-CN451352/index.html">Visual Studio C ++模板IntelliSense基于代码中的实例化进行填充</a></li>
<li><a href="../zh-CN451354/index.html">重要和紧迫的事情是什么？</a></li>
<li><a href="../zh-CN451356/index.html">压缩如何在面向对象的内存体系结构中工作</a></li>
</ul></nav>
</section><br />
<a href="../../allArticles.html"><strong>All Articles</strong></a>
<script src="../../js/main.js"></script>

<!-- Yandex.Metrika counter -->
<script type="text/javascript" >
  (function (d, w, c) {
      (w[c] = w[c] || []).push(function() {
          try {
              w.yaCounter57283870 = new Ya.Metrika({
                  id:57283870,
                  clickmap:true,
                  trackLinks:true,
                  accurateTrackBounce:true,
                  webvisor:true
              });
          } catch(e) { }
      });

      var n = d.getElementsByTagName("script")[0],
          s = d.createElement("script"),
          f = function () { n.parentNode.insertBefore(s, n); };
      s.type = "text/javascript";
      s.async = true;
      s.src = "https://mc.yandex.ru/metrika/watch.js";

      if (w.opera == "[object Opera]") {
          d.addEventListener("DOMContentLoaded", f, false);
      } else { f(); }
  })(document, window, "yandex_metrika_callbacks");
</script>
<noscript><div><img src="https://mc.yandex.ru/watch/57283870" style="position:absolute; left:-9999px;" alt="" /></div></noscript>

<!-- Google Analytics -->
  <script>
    window.ga = function () { ga.q.push(arguments) }; ga.q = []; ga.l = +new Date;
    ga('create', 'UA-134228602-6', 'auto'); ga('send', 'pageview')
  </script>
  <script src="https://www.google-analytics.com/analytics.js" async defer></script>

</section>

<footer class="page-footer">
  <div class="page-footer-legal-info-container page-footer-element">
    <p>
      Weekly-Geekly ES | <span class="page-footer-legal-info-year js-page-footer-legal-info-year">2019</span>
    </p>
  </div>
  <div class="page-footer-counters-container page-footer-element">
    <a class="page-footer-counter-clustrmap" href='#'  title='Visit tracker'><img src='https://clustrmaps.com/map_v2.png?cl=698e5a&w=271&t=t&d=9uU9J9pq8z7k8xEBHYSfs6DenIBAHs3vLIHcPIJW9d0&co=3a3a3a&ct=ffffff'/></a>
  </div>
</footer>
  
</body>

</html>